mode: set
nas-os/internal/tiering/handler.go:16.44,20.2 1 0
nas-os/internal/tiering/handler.go:23.54,25.2 2 0
nas-os/internal/tiering/handler.go:25.2,53.3 18 0
nas-os/internal/tiering/handler.go:57.45,64.2 2 0
nas-os/internal/tiering/handler.go:67.46,69.50 2 0
nas-os/internal/tiering/handler.go:69.50,75.3 2 0
nas-os/internal/tiering/handler.go:77.2,77.23 1 0
nas-os/internal/tiering/handler.go:77.23,83.3 2 0
nas-os/internal/tiering/handler.go:85.2,85.66 1 0
nas-os/internal/tiering/handler.go:85.66,91.3 2 0
nas-os/internal/tiering/handler.go:93.2,97.4 1 0
nas-os/internal/tiering/handler.go:101.43,104.16 3 0
nas-os/internal/tiering/handler.go:104.16,110.3 2 0
nas-os/internal/tiering/handler.go:111.2,115.4 1 0
nas-os/internal/tiering/handler.go:119.46,122.50 3 0
nas-os/internal/tiering/handler.go:122.50,128.3 2 0
nas-os/internal/tiering/handler.go:129.2,130.63 2 0
nas-os/internal/tiering/handler.go:130.63,136.3 2 0
nas-os/internal/tiering/handler.go:137.2,140.4 1 0
nas-os/internal/tiering/handler.go:144.46,146.55 2 0
nas-os/internal/tiering/handler.go:146.55,152.3 2 0
nas-os/internal/tiering/handler.go:153.2,156.4 1 0
nas-os/internal/tiering/handler.go:160.48,167.2 2 0
nas-os/internal/tiering/handler.go:170.48,172.50 2 0
nas-os/internal/tiering/handler.go:172.50,178.3 2 0
nas-os/internal/tiering/handler.go:179.2,180.16 2 0
nas-os/internal/tiering/handler.go:180.16,186.3 2 0
nas-os/internal/tiering/handler.go:187.2,191.4 1 0
nas-os/internal/tiering/handler.go:195.45,198.16 3 0
nas-os/internal/tiering/handler.go:198.16,204.3 2 0
nas-os/internal/tiering/handler.go:205.2,209.4 1 0
nas-os/internal/tiering/handler.go:213.48,216.50 3 0
nas-os/internal/tiering/handler.go:216.50,222.3 2 0
nas-os/internal/tiering/handler.go:223.2,223.59 1 0
nas-os/internal/tiering/handler.go:223.59,229.3 2 0
nas-os/internal/tiering/handler.go:230.2,233.4 1 0
nas-os/internal/tiering/handler.go:237.48,239.51 2 0
nas-os/internal/tiering/handler.go:239.51,245.3 2 0
nas-os/internal/tiering/handler.go:246.2,249.4 1 0
nas-os/internal/tiering/handler.go:253.49,256.16 3 0
nas-os/internal/tiering/handler.go:256.16,262.3 2 0
nas-os/internal/tiering/handler.go:263.2,267.4 1 0
nas-os/internal/tiering/handler.go:271.43,273.47 2 0
nas-os/internal/tiering/handler.go:273.47,279.3 2 0
nas-os/internal/tiering/handler.go:280.2,281.16 2 0
nas-os/internal/tiering/handler.go:281.16,287.3 2 0
nas-os/internal/tiering/handler.go:288.2,292.4 1 0
nas-os/internal/tiering/handler.go:296.45,303.2 2 0
nas-os/internal/tiering/handler.go:306.43,309.16 3 0
nas-os/internal/tiering/handler.go:309.16,315.3 2 0
nas-os/internal/tiering/handler.go:316.2,320.4 1 0
nas-os/internal/tiering/handler.go:324.46,326.49 2 0
nas-os/internal/tiering/handler.go:326.49,332.3 2 0
nas-os/internal/tiering/handler.go:333.2,336.4 1 0
nas-os/internal/tiering/handler.go:340.45,347.2 2 0
nas-os/internal/tiering/handler.go:350.44,357.2 2 0
nas-os/internal/tiering/handler.go:360.48,364.16 3 0
nas-os/internal/tiering/handler.go:364.16,370.3 2 0
nas-os/internal/tiering/handler.go:372.2,373.16 2 0
nas-os/internal/tiering/handler.go:373.16,379.3 2 0
nas-os/internal/tiering/handler.go:381.2,388.4 1 0
nas-os/internal/tiering/integration.go:140.51,148.2 1 0
nas-os/internal/tiering/integration.go:151.80,168.2 5 0
nas-os/internal/tiering/integration.go:171.71,175.2 3 0
nas-os/internal/tiering/integration.go:178.61,183.47 3 0
nas-os/internal/tiering/integration.go:183.47,185.3 1 0
nas-os/internal/tiering/integration.go:188.2,188.46 1 0
nas-os/internal/tiering/integration.go:188.46,190.3 1 0
nas-os/internal/tiering/integration.go:192.2,199.12 4 0
nas-os/internal/tiering/integration.go:203.65,204.31 1 0
nas-os/internal/tiering/integration.go:204.31,206.3 1 0
nas-os/internal/tiering/integration.go:209.2,211.33 2 0
nas-os/internal/tiering/integration.go:211.33,213.17 2 0
nas-os/internal/tiering/integration.go:213.17,214.12 1 0
nas-os/internal/tiering/integration.go:217.3,218.21 2 0
nas-os/internal/tiering/integration.go:218.21,219.12 1 0
nas-os/internal/tiering/integration.go:222.3,223.17 2 0
nas-os/internal/tiering/integration.go:223.17,224.12 1 0
nas-os/internal/tiering/integration.go:228.3,228.37 1 0
nas-os/internal/tiering/integration.go:228.37,243.4 5 0
nas-os/internal/tiering/integration.go:246.2,246.12 1 0
nas-os/internal/tiering/integration.go:250.56,254.6 3 0
nas-os/internal/tiering/integration.go:254.6,255.10 1 0
nas-os/internal/tiering/integration.go:256.21,257.10 1 0
nas-os/internal/tiering/integration.go:258.19,259.10 1 0
nas-os/internal/tiering/integration.go:260.19,261.48 1 0
nas-os/internal/tiering/integration.go:261.48,263.5 1 0
nas-os/internal/tiering/integration.go:269.56,271.2 1 0
nas-os/internal/tiering/integration.go:274.30,283.2 6 0
nas-os/internal/tiering/integration.go:288.124,290.94 1 0
nas-os/internal/tiering/integration.go:290.94,292.3 1 0
nas-os/internal/tiering/integration.go:295.2,297.12 2 0
nas-os/internal/tiering/integration.go:301.107,308.2 3 0
nas-os/internal/tiering/integration.go:311.95,318.2 3 0
nas-os/internal/tiering/integration.go:321.113,338.2 6 0
nas-os/internal/tiering/integration.go:343.73,345.16 2 0
nas-os/internal/tiering/integration.go:345.16,347.3 1 0
nas-os/internal/tiering/integration.go:349.2,364.18 4 0
nas-os/internal/tiering/integration.go:364.18,369.3 4 0
nas-os/internal/tiering/integration.go:371.2,371.20 1 0
nas-os/internal/tiering/integration.go:371.20,376.3 4 0
nas-os/internal/tiering/integration.go:378.2,378.18 1 0
nas-os/internal/tiering/integration.go:411.144,413.16 2 0
nas-os/internal/tiering/integration.go:413.16,415.3 1 0
nas-os/internal/tiering/integration.go:418.2,420.18 2 0
nas-os/internal/tiering/integration.go:426.45,428.2 1 0
nas-os/internal/tiering/integration.go:431.59,433.2 1 0
nas-os/internal/tiering/integration.go:436.56,438.2 1 0
nas-os/internal/tiering/integration.go:443.70,454.40 4 0
nas-os/internal/tiering/integration.go:454.40,456.17 2 0
nas-os/internal/tiering/integration.go:456.17,462.12 3 0
nas-os/internal/tiering/integration.go:465.3,465.20 1 0
nas-os/internal/tiering/integration.go:465.20,470.12 2 0
nas-os/internal/tiering/integration.go:474.3,474.24 1 0
nas-os/internal/tiering/integration.go:474.24,476.46 2 0
nas-os/internal/tiering/integration.go:476.46,481.5 1 0
nas-os/internal/tiering/integration.go:481.10,486.5 1 0
nas-os/internal/tiering/integration.go:491.2,492.31 2 0
nas-os/internal/tiering/integration.go:492.31,497.3 1 0
nas-os/internal/tiering/integration.go:497.8,502.3 1 0
nas-os/internal/tiering/integration.go:504.2,504.15 1 0
nas-os/internal/tiering/integration.go:522.47,523.18 1 0
nas-os/internal/tiering/integration.go:524.34,525.21 1 0
nas-os/internal/tiering/integration.go:526.28,527.21 1 0
nas-os/internal/tiering/integration.go:528.26,529.23 1 0
nas-os/internal/tiering/integration.go:530.10,531.12 1 0
nas-os/internal/tiering/integration.go:544.74,549.2 1 0
nas-os/internal/tiering/integration.go:552.65,558.2 3 0
nas-os/internal/tiering/integration.go:558.2,562.3 3 0
nas-os/internal/tiering/integration.go:566.57,573.2 2 0
nas-os/internal/tiering/integration.go:576.67,579.2 2 0
nas-os/internal/tiering/integration.go:582.56,584.21 2 0
nas-os/internal/tiering/integration.go:584.21,587.3 2 0
nas-os/internal/tiering/integration.go:588.2,588.21 1 0
nas-os/internal/tiering/manager.go:42.72,58.2 4 1
nas-os/internal/tiering/manager.go:61.38,63.39 1 1
nas-os/internal/tiering/manager.go:63.39,68.3 3 1
nas-os/internal/tiering/manager.go:71.2,71.42 1 1
nas-os/internal/tiering/manager.go:71.42,73.3 1 0
nas-os/internal/tiering/manager.go:76.2,79.29 2 1
nas-os/internal/tiering/manager.go:79.29,81.3 1 0
nas-os/internal/tiering/manager.go:83.2,83.12 1 1
nas-os/internal/tiering/manager.go:87.38,114.2 1 1
nas-os/internal/tiering/manager.go:119.74,123.36 3 0
nas-os/internal/tiering/manager.go:123.36,125.3 1 0
nas-os/internal/tiering/manager.go:127.2,130.29 3 0
nas-os/internal/tiering/manager.go:134.67,139.9 4 1
nas-os/internal/tiering/manager.go:139.9,141.3 1 1
nas-os/internal/tiering/manager.go:143.2,143.18 1 1
nas-os/internal/tiering/manager.go:147.45,152.31 4 1
nas-os/internal/tiering/manager.go:152.31,154.3 1 1
nas-os/internal/tiering/manager.go:155.2,155.13 1 1
nas-os/internal/tiering/manager.go:159.74,163.37 3 1
nas-os/internal/tiering/manager.go:163.37,165.3 1 0
nas-os/internal/tiering/manager.go:167.2,170.29 3 1
nas-os/internal/tiering/manager.go:174.55,178.37 3 0
nas-os/internal/tiering/manager.go:178.37,180.3 1 0
nas-os/internal/tiering/manager.go:182.2,184.29 2 0
nas-os/internal/tiering/manager.go:190.64,195.23 3 1
nas-os/internal/tiering/manager.go:195.23,197.3 1 0
nas-os/internal/tiering/manager.go:200.2,200.46 1 1
nas-os/internal/tiering/manager.go:200.46,202.3 1 1
nas-os/internal/tiering/manager.go:204.2,204.46 1 1
nas-os/internal/tiering/manager.go:204.46,206.3 1 0
nas-os/internal/tiering/manager.go:209.2,209.21 1 1
nas-os/internal/tiering/manager.go:209.21,211.3 1 1
nas-os/internal/tiering/manager.go:213.2,216.21 4 1
nas-os/internal/tiering/manager.go:216.21,218.3 1 0
nas-os/internal/tiering/manager.go:221.2,221.31 1 1
nas-os/internal/tiering/manager.go:221.31,223.3 1 1
nas-os/internal/tiering/manager.go:225.2,227.45 2 1
nas-os/internal/tiering/manager.go:227.45,230.3 2 0
nas-os/internal/tiering/manager.go:232.2,232.21 1 1
nas-os/internal/tiering/manager.go:236.57,241.9 4 1
nas-os/internal/tiering/manager.go:241.9,243.3 1 1
nas-os/internal/tiering/manager.go:245.2,245.20 1 1
nas-os/internal/tiering/manager.go:249.44,254.36 4 1
nas-os/internal/tiering/manager.go:254.36,256.3 1 1
nas-os/internal/tiering/manager.go:257.2,257.13 1 1
nas-os/internal/tiering/manager.go:261.64,265.34 3 1
nas-os/internal/tiering/manager.go:265.34,267.3 1 0
nas-os/internal/tiering/manager.go:269.2,272.21 4 1
nas-os/internal/tiering/manager.go:272.21,274.3 1 1
nas-os/internal/tiering/manager.go:276.2,278.29 2 1
nas-os/internal/tiering/manager.go:282.49,286.34 3 1
nas-os/internal/tiering/manager.go:286.34,288.3 1 0
nas-os/internal/tiering/manager.go:290.2,292.29 2 1
nas-os/internal/tiering/manager.go:296.72,299.9 3 0
nas-os/internal/tiering/manager.go:299.9,302.3 2 0
nas-os/internal/tiering/manager.go:303.2,307.16 3 0
nas-os/internal/tiering/manager.go:307.16,309.3 1 0
nas-os/internal/tiering/manager.go:311.2,311.21 1 0
nas-os/internal/tiering/manager.go:311.21,313.3 1 0
nas-os/internal/tiering/manager.go:316.2,334.18 6 0
nas-os/internal/tiering/manager.go:338.77,343.33 3 0
nas-os/internal/tiering/manager.go:343.33,344.36 1 0
nas-os/internal/tiering/manager.go:344.36,351.4 1 0
nas-os/internal/tiering/manager.go:354.2,354.19 1 0
nas-os/internal/tiering/manager.go:358.78,360.77 1 0
nas-os/internal/tiering/manager.go:360.77,362.3 1 0
nas-os/internal/tiering/manager.go:365.2,365.29 1 0
nas-os/internal/tiering/manager.go:365.29,367.32 2 0
nas-os/internal/tiering/manager.go:367.32,369.4 1 0
nas-os/internal/tiering/manager.go:373.2,373.64 1 0
nas-os/internal/tiering/manager.go:373.64,375.3 1 0
nas-os/internal/tiering/manager.go:377.2,377.64 1 0
nas-os/internal/tiering/manager.go:377.64,379.3 1 0
nas-os/internal/tiering/manager.go:383.2,383.13 1 0
nas-os/internal/tiering/manager.go:389.69,394.43 3 1
nas-os/internal/tiering/manager.go:394.43,396.3 1 1
nas-os/internal/tiering/manager.go:398.2,398.43 1 1
nas-os/internal/tiering/manager.go:398.43,400.3 1 0
nas-os/internal/tiering/manager.go:403.2,404.33 2 1
nas-os/internal/tiering/manager.go:404.33,406.17 2 0
nas-os/internal/tiering/manager.go:406.17,408.4 1 0
nas-os/internal/tiering/manager.go:409.3,409.37 1 0
nas-os/internal/tiering/manager.go:412.2,412.21 1 1
nas-os/internal/tiering/manager.go:412.21,414.3 1 1
nas-os/internal/tiering/manager.go:417.2,435.18 4 0
nas-os/internal/tiering/manager.go:439.88,444.16 3 0
nas-os/internal/tiering/manager.go:444.16,446.3 1 0
nas-os/internal/tiering/manager.go:448.2,448.19 1 0
nas-os/internal/tiering/manager.go:448.19,450.45 1 0
nas-os/internal/tiering/manager.go:450.45,457.4 1 0
nas-os/internal/tiering/manager.go:458.3,458.20 1 0
nas-os/internal/tiering/manager.go:462.2,462.85 1 0
nas-os/internal/tiering/manager.go:462.85,463.17 1 0
nas-os/internal/tiering/manager.go:463.17,465.4 1 0
nas-os/internal/tiering/manager.go:467.3,467.19 1 0
nas-os/internal/tiering/manager.go:467.19,469.4 1 0
nas-os/internal/tiering/manager.go:471.3,471.49 1 0
nas-os/internal/tiering/manager.go:471.49,478.4 1 0
nas-os/internal/tiering/manager.go:480.3,480.13 1 0
nas-os/internal/tiering/manager.go:483.2,483.19 1 0
nas-os/internal/tiering/manager.go:487.95,489.50 1 0
nas-os/internal/tiering/manager.go:489.50,491.3 1 0
nas-os/internal/tiering/manager.go:493.2,493.50 1 0
nas-os/internal/tiering/manager.go:493.50,495.3 1 0
nas-os/internal/tiering/manager.go:498.2,498.20 1 0
nas-os/internal/tiering/manager.go:498.20,500.23 2 0
nas-os/internal/tiering/manager.go:500.23,502.4 1 0
nas-os/internal/tiering/manager.go:507.2,507.13 1 0
nas-os/internal/tiering/manager.go:511.73,517.34 4 0
nas-os/internal/tiering/manager.go:517.34,520.3 2 0
nas-os/internal/tiering/manager.go:521.2,524.28 2 0
nas-os/internal/tiering/manager.go:524.28,533.17 6 0
nas-os/internal/tiering/manager.go:533.17,542.4 4 0
nas-os/internal/tiering/manager.go:542.9,544.4 1 0
nas-os/internal/tiering/manager.go:545.3,545.16 1 0
nas-os/internal/tiering/manager.go:549.2,551.65 3 0
nas-os/internal/tiering/manager.go:551.65,553.3 1 0
nas-os/internal/tiering/manager.go:553.8,555.3 1 0
nas-os/internal/tiering/manager.go:556.2,559.50 2 0
nas-os/internal/tiering/manager.go:559.50,561.3 1 0
nas-os/internal/tiering/manager.go:567.46,573.31 4 1
nas-os/internal/tiering/manager.go:573.31,574.22 1 0
nas-os/internal/tiering/manager.go:575.29,576.13 1 0
nas-os/internal/tiering/manager.go:577.29,578.13 1 0
nas-os/internal/tiering/manager.go:583.2,584.36 2 1
nas-os/internal/tiering/manager.go:584.36,585.21 1 0
nas-os/internal/tiering/manager.go:585.21,587.4 1 0
nas-os/internal/tiering/manager.go:591.2,592.31 2 1
nas-os/internal/tiering/manager.go:592.31,593.44 1 0
nas-os/internal/tiering/manager.go:593.44,595.4 1 0
nas-os/internal/tiering/manager.go:599.2,600.28 2 1
nas-os/internal/tiering/manager.go:600.28,602.3 1 1
nas-os/internal/tiering/manager.go:604.2,612.3 1 1
nas-os/internal/tiering/manager.go:616.60,621.9 4 1
nas-os/internal/tiering/manager.go:621.9,623.3 1 1
nas-os/internal/tiering/manager.go:625.2,625.18 1 0
nas-os/internal/tiering/manager.go:629.47,634.9 4 0
nas-os/internal/tiering/manager.go:634.9,636.3 1 0
nas-os/internal/tiering/manager.go:639.2,639.80 1 0
nas-os/internal/tiering/manager.go:639.80,642.3 2 0
nas-os/internal/tiering/manager.go:644.2,644.67 1 0
nas-os/internal/tiering/manager.go:648.55,653.31 4 1
nas-os/internal/tiering/manager.go:653.31,655.38 2 0
nas-os/internal/tiering/manager.go:655.38,656.9 1 0
nas-os/internal/tiering/manager.go:659.2,659.13 1 1
nas-os/internal/tiering/manager.go:663.49,665.2 1 0
nas-os/internal/tiering/manager.go:668.71,673.9 4 0
nas-os/internal/tiering/manager.go:673.9,675.3 1 0
nas-os/internal/tiering/manager.go:677.2,677.47 1 0
nas-os/internal/tiering/manager.go:683.37,687.21 3 0
nas-os/internal/tiering/manager.go:687.21,689.3 1 0
nas-os/internal/tiering/manager.go:693.41,696.36 3 0
nas-os/internal/tiering/manager.go:696.36,697.66 1 0
nas-os/internal/tiering/manager.go:697.66,699.67 1 0
nas-os/internal/tiering/manager.go:699.67,701.5 1 0
nas-os/internal/tiering/manager.go:704.2,706.34 2 0
nas-os/internal/tiering/manager.go:706.34,708.13 1 0
nas-os/internal/tiering/manager.go:708.13,708.50 1 0
nas-os/internal/tiering/manager.go:711.3,712.41 2 0
nas-os/internal/tiering/manager.go:712.41,715.4 1 0
nas-os/internal/tiering/manager.go:716.3,716.16 1 0
nas-os/internal/tiering/manager.go:728.38,730.16 2 1
nas-os/internal/tiering/manager.go:730.16,732.3 1 1
nas-os/internal/tiering/manager.go:734.2,735.51 2 1
nas-os/internal/tiering/manager.go:735.51,737.3 1 0
nas-os/internal/tiering/manager.go:739.2,742.34 4 1
nas-os/internal/tiering/manager.go:742.34,744.3 1 1
nas-os/internal/tiering/manager.go:745.2,747.12 2 1
nas-os/internal/tiering/manager.go:750.44,758.16 3 1
nas-os/internal/tiering/manager.go:758.16,760.3 1 0
nas-os/internal/tiering/manager.go:763.2,763.70 1 1
nas-os/internal/tiering/manager.go:763.70,765.3 1 0
nas-os/internal/tiering/manager.go:767.2,767.47 1 1
nas-os/internal/tiering/manager.go:771.26,774.2 2 1
nas-os/internal/tiering/metrics.go:136.28,146.2 1 1
nas-os/internal/tiering/metrics.go:151.74,156.9 4 1
nas-os/internal/tiering/metrics.go:156.9,159.3 2 1
nas-os/internal/tiering/metrics.go:161.2,169.34 9 1
nas-os/internal/tiering/metrics.go:173.66,177.48 3 1
nas-os/internal/tiering/metrics.go:177.48,179.3 1 1
nas-os/internal/tiering/metrics.go:180.2,180.23 1 0
nas-os/internal/tiering/metrics.go:184.65,189.34 4 1
nas-os/internal/tiering/metrics.go:189.34,191.3 1 1
nas-os/internal/tiering/metrics.go:192.2,192.15 1 1
nas-os/internal/tiering/metrics.go:196.103,201.9 4 1
nas-os/internal/tiering/metrics.go:201.9,204.3 2 1
nas-os/internal/tiering/metrics.go:206.2,209.37 4 1
nas-os/internal/tiering/metrics.go:213.102,218.9 4 1
nas-os/internal/tiering/metrics.go:218.9,221.3 2 1
nas-os/internal/tiering/metrics.go:223.2,226.38 4 1
nas-os/internal/tiering/metrics.go:232.42,238.2 4 1
nas-os/internal/tiering/metrics.go:241.80,256.25 12 1
nas-os/internal/tiering/metrics.go:256.25,258.10 2 0
nas-os/internal/tiering/metrics.go:258.10,261.4 2 0
nas-os/internal/tiering/metrics.go:262.3,266.41 5 0
nas-os/internal/tiering/metrics.go:271.61,281.25 7 0
nas-os/internal/tiering/metrics.go:281.25,283.10 2 0
nas-os/internal/tiering/metrics.go:283.10,286.4 2 0
nas-os/internal/tiering/metrics.go:287.3,288.31 2 0
nas-os/internal/tiering/metrics.go:293.59,297.2 3 1
nas-os/internal/tiering/metrics.go:302.98,307.9 4 1
nas-os/internal/tiering/metrics.go:307.9,310.3 2 1
nas-os/internal/tiering/metrics.go:312.2,314.31 3 1
nas-os/internal/tiering/metrics.go:318.72,323.9 4 1
nas-os/internal/tiering/metrics.go:323.9,326.3 2 0
nas-os/internal/tiering/metrics.go:328.2,329.13 2 1
nas-os/internal/tiering/metrics.go:329.13,331.3 1 1
nas-os/internal/tiering/metrics.go:331.8,333.3 1 1
nas-os/internal/tiering/metrics.go:337.68,341.50 3 1
nas-os/internal/tiering/metrics.go:341.50,343.3 1 1
nas-os/internal/tiering/metrics.go:344.2,344.25 1 0
nas-os/internal/tiering/metrics.go:348.67,353.36 4 1
nas-os/internal/tiering/metrics.go:353.36,355.3 1 1
nas-os/internal/tiering/metrics.go:356.2,356.15 1 1
nas-os/internal/tiering/metrics.go:362.59,374.2 10 1
nas-os/internal/tiering/metrics.go:377.53,381.2 3 1
nas-os/internal/tiering/metrics.go:386.48,405.36 4 1
nas-os/internal/tiering/metrics.go:405.36,406.16 1 1
nas-os/internal/tiering/metrics.go:406.16,408.4 1 1
nas-os/internal/tiering/metrics.go:412.2,412.34 1 1
nas-os/internal/tiering/metrics.go:412.34,414.3 1 1
nas-os/internal/tiering/metrics.go:416.2,416.16 1 1
nas-os/internal/tiering/metrics.go:437.45,444.47 4 1
nas-os/internal/tiering/metrics.go:444.47,457.3 12 1
nas-os/internal/tiering/metrics.go:460.2,477.15 15 1
nas-os/internal/tiering/metrics.go:480.75,481.22 1 1
nas-os/internal/tiering/metrics.go:481.22,483.3 1 1
nas-os/internal/tiering/metrics.go:484.2,484.24 1 1
nas-os/internal/tiering/metrics.go:484.24,486.3 1 0
nas-os/internal/tiering/metrics.go:488.2,489.38 2 1
nas-os/internal/tiering/metrics.go:489.38,490.12 1 1
nas-os/internal/tiering/metrics.go:490.12,492.4 1 0
nas-os/internal/tiering/metrics.go:493.3,493.51 1 1
nas-os/internal/tiering/metrics.go:495.2,495.67 1 1
nas-os/internal/tiering/metrics.go:498.77,500.2 1 1
nas-os/internal/tiering/metrics.go:502.38,504.2 1 1
nas-os/internal/tiering/metrics.go:506.36,508.28 1 1
nas-os/internal/tiering/metrics.go:508.28,510.3 1 1
nas-os/internal/tiering/metrics.go:511.2,512.25 2 0
nas-os/internal/tiering/metrics.go:512.25,516.19 4 0
nas-os/internal/tiering/metrics.go:516.19,517.9 1 0
nas-os/internal/tiering/metrics.go:520.2,520.10 1 0
nas-os/internal/tiering/metrics.go:523.34,524.12 1 1
nas-os/internal/tiering/metrics.go:524.12,526.3 1 1
nas-os/internal/tiering/metrics.go:527.2,529.9 3 1
nas-os/internal/tiering/metrics.go:529.9,531.3 1 0
nas-os/internal/tiering/metrics.go:532.2,532.12 1 1
nas-os/internal/tiering/metrics.go:532.12,535.3 2 1
nas-os/internal/tiering/metrics.go:536.2,536.9 1 1
nas-os/internal/tiering/metrics.go:536.9,538.3 1 0
nas-os/internal/tiering/metrics.go:539.2,539.10 1 1
nas-os/internal/tiering/metrics.go:542.28,543.11 1 1
nas-os/internal/tiering/metrics.go:543.11,545.3 1 1
nas-os/internal/tiering/metrics.go:546.2,546.10 1 0
nas-os/internal/tiering/metrics.go:562.37,564.2 1 1
nas-os/internal/tiering/metrics.go:567.46,569.2 1 1
nas-os/internal/tiering/metrics.go:572.37,574.2 1 1
nas-os/internal/tiering/metrics.go:577.33,579.2 1 1
nas-os/internal/tiering/migrator.go:30.55,36.2 1 1
nas-os/internal/tiering/migrator.go:39.28,43.2 3 1
nas-os/internal/tiering/migrator.go:46.27,52.2 4 1
nas-os/internal/tiering/migrator.go:55.83,57.2 1 0
nas-os/internal/tiering/migrator.go:62.73,65.15 2 0
nas-os/internal/tiering/migrator.go:65.15,65.26 1 0
nas-os/internal/tiering/migrator.go:68.2,68.36 1 0
nas-os/internal/tiering/migrator.go:68.36,73.3 4 0
nas-os/internal/tiering/migrator.go:76.2,76.23 1 0
nas-os/internal/tiering/migrator.go:77.24,78.34 1 0
nas-os/internal/tiering/migrator.go:79.24,80.34 1 0
nas-os/internal/tiering/migrator.go:81.27,82.37 1 0
nas-os/internal/tiering/migrator.go:83.26,84.36 1 0
nas-os/internal/tiering/migrator.go:85.10,86.34 1 0
nas-os/internal/tiering/migrator.go:91.70,101.53 5 0
nas-os/internal/tiering/migrator.go:101.53,103.3 1 0
nas-os/internal/tiering/migrator.go:106.2,106.27 1 0
nas-os/internal/tiering/migrator.go:106.27,108.3 1 0
nas-os/internal/tiering/migrator.go:111.2,111.57 1 0
nas-os/internal/tiering/migrator.go:111.57,113.87 1 0
nas-os/internal/tiering/migrator.go:113.87,115.4 1 0
nas-os/internal/tiering/migrator.go:116.3,116.30 1 0
nas-os/internal/tiering/migrator.go:119.2,119.12 1 0
nas-os/internal/tiering/migrator.go:123.70,130.2 4 0
nas-os/internal/tiering/migrator.go:133.87,136.53 2 0
nas-os/internal/tiering/migrator.go:136.53,138.3 1 0
nas-os/internal/tiering/migrator.go:141.2,142.16 2 0
nas-os/internal/tiering/migrator.go:142.16,144.3 1 0
nas-os/internal/tiering/migrator.go:145.2,149.16 3 0
nas-os/internal/tiering/migrator.go:149.16,151.3 1 0
nas-os/internal/tiering/migrator.go:152.2,155.59 2 0
nas-os/internal/tiering/migrator.go:155.59,157.3 1 0
nas-os/internal/tiering/migrator.go:160.2,160.42 1 0
nas-os/internal/tiering/migrator.go:160.42,162.3 1 0
nas-os/internal/tiering/migrator.go:165.2,166.16 2 0
nas-os/internal/tiering/migrator.go:166.16,168.3 1 0
nas-os/internal/tiering/migrator.go:171.2,171.81 1 0
nas-os/internal/tiering/migrator.go:171.81,173.3 1 0
nas-os/internal/tiering/migrator.go:176.2,176.64 1 0
nas-os/internal/tiering/migrator.go:176.64,178.3 1 0
nas-os/internal/tiering/migrator.go:181.2,181.12 1 0
nas-os/internal/tiering/migrator.go:181.12,182.62 1 0
nas-os/internal/tiering/migrator.go:182.62,186.4 2 0
nas-os/internal/tiering/migrator.go:189.2,189.12 1 0
nas-os/internal/tiering/migrator.go:193.73,195.28 1 0
nas-os/internal/tiering/migrator.go:195.28,200.64 4 0
nas-os/internal/tiering/migrator.go:200.64,202.4 1 0
nas-os/internal/tiering/migrator.go:205.3,205.29 1 0
nas-os/internal/tiering/migrator.go:205.29,207.4 1 0
nas-os/internal/tiering/migrator.go:209.3,209.13 1 0
nas-os/internal/tiering/migrator.go:213.2,213.33 1 0
nas-os/internal/tiering/migrator.go:217.72,221.19 2 0
nas-os/internal/tiering/migrator.go:221.19,224.3 2 0
nas-os/internal/tiering/migrator.go:226.2,226.29 1 0
nas-os/internal/tiering/migrator.go:232.81,235.20 1 0
nas-os/internal/tiering/migrator.go:236.19,237.62 1 0
nas-os/internal/tiering/migrator.go:238.19,239.62 1 0
nas-os/internal/tiering/migrator.go:240.21,241.64 1 0
nas-os/internal/tiering/migrator.go:242.10,243.20 1 0
nas-os/internal/tiering/migrator.go:248.68,251.16 2 0
nas-os/internal/tiering/migrator.go:251.16,253.3 1 0
nas-os/internal/tiering/migrator.go:255.2,256.16 2 0
nas-os/internal/tiering/migrator.go:256.16,258.3 1 0
nas-os/internal/tiering/migrator.go:260.2,260.44 1 0
nas-os/internal/tiering/migrator.go:260.44,262.3 1 0
nas-os/internal/tiering/migrator.go:266.2,266.12 1 0
nas-os/internal/tiering/migrator.go:272.101,278.23 5 0
nas-os/internal/tiering/migrator.go:278.23,280.30 2 0
nas-os/internal/tiering/migrator.go:280.30,283.54 2 0
nas-os/internal/tiering/migrator.go:283.54,286.5 2 0
nas-os/internal/tiering/migrator.go:288.4,290.23 3 0
nas-os/internal/tiering/migrator.go:290.23,292.5 1 0
nas-os/internal/tiering/migrator.go:293.4,293.15 1 0
nas-os/internal/tiering/migrator.go:297.2,302.25 4 0
nas-os/internal/tiering/migrator.go:302.25,304.3 1 0
nas-os/internal/tiering/migrator.go:306.2,306.21 1 0
nas-os/internal/tiering/migrator.go:306.21,308.3 1 0
nas-os/internal/tiering/migrator.go:310.2,310.12 1 0
nas-os/internal/tiering/migrator.go:316.113,317.29 1 1
nas-os/internal/tiering/migrator.go:317.29,320.3 2 1
nas-os/internal/tiering/migrator.go:321.2,321.8 1 1
nas-os/internal/tiering/tracker.go:36.65,47.2 1 1
nas-os/internal/tiering/tracker.go:50.39,55.40 3 1
nas-os/internal/tiering/tracker.go:55.40,59.3 2 1
nas-os/internal/tiering/tracker.go:62.2,62.75 1 1
nas-os/internal/tiering/tracker.go:62.75,63.28 1 1
nas-os/internal/tiering/tracker.go:63.28,65.4 1 1
nas-os/internal/tiering/tracker.go:68.2,73.12 3 1
nas-os/internal/tiering/tracker.go:77.32,86.2 5 1
nas-os/internal/tiering/tracker.go:91.101,96.9 4 1
nas-os/internal/tiering/tracker.go:96.9,105.45 2 1
nas-os/internal/tiering/tracker.go:105.45,108.4 2 0
nas-os/internal/tiering/tracker.go:110.3,113.28 2 1
nas-os/internal/tiering/tracker.go:113.28,115.4 1 0
nas-os/internal/tiering/tracker.go:116.3,116.32 1 1
nas-os/internal/tiering/tracker.go:120.2,129.12 7 1
nas-os/internal/tiering/tracker.go:133.91,135.2 1 1
nas-os/internal/tiering/tracker.go:138.95,140.2 1 1
nas-os/internal/tiering/tracker.go:143.75,148.9 4 1
nas-os/internal/tiering/tracker.go:148.9,150.3 1 1
nas-os/internal/tiering/tracker.go:152.2,152.20 1 1
nas-os/internal/tiering/tracker.go:156.77,161.43 4 1
nas-os/internal/tiering/tracker.go:161.43,162.38 1 1
nas-os/internal/tiering/tracker.go:162.38,164.4 1 1
nas-os/internal/tiering/tracker.go:167.2,167.16 1 1
nas-os/internal/tiering/tracker.go:171.83,176.43 4 0
nas-os/internal/tiering/tracker.go:176.43,177.38 1 0
nas-os/internal/tiering/tracker.go:177.38,178.46 1 0
nas-os/internal/tiering/tracker.go:178.46,180.5 1 0
nas-os/internal/tiering/tracker.go:181.4,181.40 1 0
nas-os/internal/tiering/tracker.go:181.40,182.10 1 0
nas-os/internal/tiering/tracker.go:187.2,187.14 1 0
nas-os/internal/tiering/tracker.go:191.84,196.43 4 0
nas-os/internal/tiering/tracker.go:196.43,197.38 1 0
nas-os/internal/tiering/tracker.go:197.38,198.47 1 0
nas-os/internal/tiering/tracker.go:198.47,200.5 1 0
nas-os/internal/tiering/tracker.go:201.4,201.40 1 0
nas-os/internal/tiering/tracker.go:201.40,202.10 1 0
nas-os/internal/tiering/tracker.go:207.2,207.14 1 0
nas-os/internal/tiering/tracker.go:211.77,216.9 4 1
nas-os/internal/tiering/tracker.go:216.9,218.3 1 0
nas-os/internal/tiering/tracker.go:221.2,221.56 1 1
nas-os/internal/tiering/tracker.go:221.56,223.3 1 1
nas-os/internal/tiering/tracker.go:226.2,229.30 2 1
nas-os/internal/tiering/tracker.go:229.30,231.3 1 0
nas-os/internal/tiering/tracker.go:232.2,234.12 2 1
nas-os/internal/tiering/tracker.go:238.57,243.9 4 1
nas-os/internal/tiering/tracker.go:243.9,245.3 1 0
nas-os/internal/tiering/tracker.go:248.2,248.57 1 1
nas-os/internal/tiering/tracker.go:248.57,250.3 1 1
nas-os/internal/tiering/tracker.go:253.2,255.12 2 1
nas-os/internal/tiering/tracker.go:261.49,269.2 4 1
nas-os/internal/tiering/tracker.go:272.93,283.9 5 0
nas-os/internal/tiering/tracker.go:283.9,285.3 1 0
nas-os/internal/tiering/tracker.go:287.2,287.37 1 0
nas-os/internal/tiering/tracker.go:287.37,291.27 3 0
nas-os/internal/tiering/tracker.go:292.27,294.33 2 0
nas-os/internal/tiering/tracker.go:295.28,297.34 2 0
nas-os/internal/tiering/tracker.go:298.28,300.34 2 0
nas-os/internal/tiering/tracker.go:304.2,305.24 2 0
nas-os/internal/tiering/tracker.go:305.24,308.3 2 0
nas-os/internal/tiering/tracker.go:310.2,310.19 1 0
nas-os/internal/tiering/tracker.go:314.45,320.35 2 1
nas-os/internal/tiering/tracker.go:320.35,326.27 5 1
nas-os/internal/tiering/tracker.go:327.27,328.20 1 0
nas-os/internal/tiering/tracker.go:329.28,330.21 1 1
nas-os/internal/tiering/tracker.go:331.28,332.21 1 0
nas-os/internal/tiering/tracker.go:337.2,337.38 1 1
nas-os/internal/tiering/tracker.go:337.38,339.34 2 1
nas-os/internal/tiering/tracker.go:339.34,342.4 2 1
nas-os/internal/tiering/tracker.go:343.3,343.33 1 1
nas-os/internal/tiering/tracker.go:346.2,346.17 1 1
nas-os/internal/tiering/tracker.go:350.86,356.64 3 1
nas-os/internal/tiering/tracker.go:356.64,358.3 1 0
nas-os/internal/tiering/tracker.go:361.2,362.24 2 1
nas-os/internal/tiering/tracker.go:362.24,364.3 1 0
nas-os/internal/tiering/tracker.go:367.2,367.28 1 1
nas-os/internal/tiering/tracker.go:372.46,376.6 3 1
nas-os/internal/tiering/tracker.go:376.6,377.10 1 1
nas-os/internal/tiering/tracker.go:378.19,379.10 1 1
nas-os/internal/tiering/tracker.go:380.19,382.19 2 0
nas-os/internal/tiering/tracker.go:388.45,392.35 3 0
nas-os/internal/tiering/tracker.go:392.35,394.3 1 0
nas-os/internal/tiering/tracker.go:399.45,401.16 2 1
nas-os/internal/tiering/tracker.go:401.16,403.3 1 1
nas-os/internal/tiering/tracker.go:405.2,405.41 1 0
nas-os/internal/tiering/tracker.go:408.45,413.16 4 1
nas-os/internal/tiering/tracker.go:413.16,415.3 1 0
nas-os/internal/tiering/tracker.go:418.2,418.68 1 1
nas-os/internal/tiering/tracker.go:418.68,420.3 1 1
nas-os/internal/tiering/tracker.go:422.2,422.45 1 0
nas-os/internal/tiering/types.go:247.53,256.2 1 1
