mode: set
nas-os/internal/smb/config.go:17.38,19.2 1 0
nas-os/internal/smb/config.go:22.49,23.19 1 1
nas-os/internal/smb/config.go:23.19,25.3 1 0
nas-os/internal/smb/config.go:29.61,30.19 1 0
nas-os/internal/smb/config.go:30.19,33.3 2 0
nas-os/internal/smb/config.go:37.50,38.19 1 0
nas-os/internal/smb/config.go:38.19,40.3 1 0
nas-os/internal/smb/config.go:49.55,51.2 1 1
nas-os/internal/smb/config.go:54.75,56.16 2 1
nas-os/internal/smb/config.go:56.16,58.3 1 1
nas-os/internal/smb/config.go:59.2,66.21 6 1
nas-os/internal/smb/config.go:66.21,70.81 2 1
nas-os/internal/smb/config.go:70.81,71.12 1 1
nas-os/internal/smb/config.go:75.3,75.67 1 1
nas-os/internal/smb/config.go:75.67,77.34 2 1
nas-os/internal/smb/config.go:77.34,86.5 1 1
nas-os/internal/smb/config.go:87.4,87.12 1 1
nas-os/internal/smb/config.go:91.3,92.22 2 1
nas-os/internal/smb/config.go:92.22,93.12 1 0
nas-os/internal/smb/config.go:96.3,99.33 3 1
nas-os/internal/smb/config.go:99.33,101.4 1 1
nas-os/internal/smb/config.go:101.9,101.61 1 1
nas-os/internal/smb/config.go:101.61,103.4 1 1
nas-os/internal/smb/config.go:106.2,106.38 1 1
nas-os/internal/smb/config.go:106.38,108.3 1 0
nas-os/internal/smb/config.go:110.2,110.28 1 1
nas-os/internal/smb/config.go:114.77,115.13 1 1
nas-os/internal/smb/config.go:116.19,117.27 1 1
nas-os/internal/smb/config.go:118.23,119.30 1 1
nas-os/internal/smb/config.go:120.21,121.28 1 0
nas-os/internal/smb/config.go:122.18,123.26 1 1
nas-os/internal/smb/config.go:124.19,125.26 1 0
nas-os/internal/smb/config.go:126.22,127.28 1 0
nas-os/internal/smb/config.go:128.23,129.41 1 0
nas-os/internal/smb/config.go:130.18,131.26 1 0
nas-os/internal/smb/config.go:132.23,133.30 1 0
nas-os/internal/smb/config.go:134.23,135.30 1 0
nas-os/internal/smb/config.go:136.22,137.28 1 0
nas-os/internal/smb/config.go:138.32,139.49 1 0
nas-os/internal/smb/config.go:140.30,141.36 1 0
nas-os/internal/smb/config.go:142.30,143.47 1 0
nas-os/internal/smb/config.go:144.24,145.31 1 0
nas-os/internal/smb/config.go:146.19,147.37 1 0
nas-os/internal/smb/config.go:148.30,149.47 1 0
nas-os/internal/smb/config.go:150.20,152.39 2 0
nas-os/internal/smb/config.go:152.39,154.4 1 0
nas-os/internal/smb/config.go:155.20,156.38 1 0
nas-os/internal/smb/config.go:157.24,158.31 1 0
nas-os/internal/smb/config.go:159.31,160.48 1 0
nas-os/internal/smb/config.go:161.28,162.45 1 0
nas-os/internal/smb/config.go:163.24,164.31 1 0
nas-os/internal/smb/config.go:165.21,166.28 1 0
nas-os/internal/smb/config.go:167.29,168.46 1 0
nas-os/internal/smb/config.go:169.22,170.29 1 0
nas-os/internal/smb/config.go:171.18,172.25 1 0
nas-os/internal/smb/config.go:173.22,174.29 1 1
nas-os/internal/smb/config.go:175.22,176.29 1 1
nas-os/internal/smb/config.go:177.29,178.35 1 0
nas-os/internal/smb/config.go:179.29,180.35 1 0
nas-os/internal/smb/config.go:181.29,182.35 1 0
nas-os/internal/smb/config.go:187.74,188.13 1 1
nas-os/internal/smb/config.go:189.14,190.21 1 1
nas-os/internal/smb/config.go:191.17,192.24 1 1
nas-os/internal/smb/config.go:193.20,194.38 1 1
nas-os/internal/smb/config.go:195.19,196.36 1 1
nas-os/internal/smb/config.go:197.31,198.36 1 0
nas-os/internal/smb/config.go:199.18,200.35 1 1
nas-os/internal/smb/config.go:201.16,202.35 1 0
nas-os/internal/smb/config.go:203.21,204.42 1 1
nas-os/internal/smb/config.go:205.20,206.41 1 0
nas-os/internal/smb/config.go:207.19,208.37 1 0
nas-os/internal/smb/config.go:209.36,210.27 1 1
nas-os/internal/smb/config.go:211.42,212.30 1 0
nas-os/internal/smb/config.go:213.20,214.26 1 0
nas-os/internal/smb/config.go:215.21,216.27 1 0
nas-os/internal/smb/config.go:217.20,218.42 1 1
nas-os/internal/smb/config.go:219.20,220.42 1 0
nas-os/internal/smb/config.go:221.30,222.46 1 0
nas-os/internal/smb/config.go:223.20,224.37 1 0
nas-os/internal/smb/config.go:225.27,226.43 1 0
nas-os/internal/smb/config.go:227.22,228.39 1 0
nas-os/internal/smb/config.go:229.23,230.29 1 0
nas-os/internal/smb/config.go:231.29,232.46 1 0
nas-os/internal/smb/config.go:233.25,234.42 1 0
nas-os/internal/smb/config.go:235.20,236.37 1 0
nas-os/internal/smb/config.go:237.19,238.37 1 0
nas-os/internal/smb/config.go:239.19,240.37 1 0
nas-os/internal/smb/config.go:245.43,246.17 1 1
nas-os/internal/smb/config.go:246.17,248.3 1 1
nas-os/internal/smb/config.go:250.2,251.49 2 1
nas-os/internal/smb/config.go:251.49,253.65 2 1
nas-os/internal/smb/config.go:253.65,255.4 1 1
nas-os/internal/smb/config.go:257.2,257.14 1 1
nas-os/internal/smb/config.go:261.44,262.17 1 1
nas-os/internal/smb/config.go:262.17,264.3 1 1
nas-os/internal/smb/config.go:267.2,267.68 1 1
nas-os/internal/smb/config.go:267.68,269.3 1 1
nas-os/internal/smb/config.go:271.2,272.46 2 1
nas-os/internal/smb/config.go:272.46,274.14 2 1
nas-os/internal/smb/config.go:274.14,276.4 1 1
nas-os/internal/smb/config.go:278.2,278.14 1 1
nas-os/internal/smb/config.go:282.71,288.28 3 1
nas-os/internal/smb/config.go:288.28,290.3 1 1
nas-os/internal/smb/config.go:291.2,291.31 1 1
nas-os/internal/smb/config.go:291.31,293.3 1 1
nas-os/internal/smb/config.go:294.2,294.29 1 1
nas-os/internal/smb/config.go:294.29,296.3 1 0
nas-os/internal/smb/config.go:297.2,297.27 1 1
nas-os/internal/smb/config.go:297.27,299.3 1 1
nas-os/internal/smb/config.go:300.2,300.27 1 1
nas-os/internal/smb/config.go:300.27,302.3 1 0
nas-os/internal/smb/config.go:303.2,303.29 1 1
nas-os/internal/smb/config.go:303.29,305.3 1 0
nas-os/internal/smb/config.go:306.2,306.26 1 1
nas-os/internal/smb/config.go:306.26,308.3 1 0
nas-os/internal/smb/config.go:311.2,314.30 3 1
nas-os/internal/smb/config.go:314.30,316.3 1 1
nas-os/internal/smb/config.go:317.2,317.30 1 1
nas-os/internal/smb/config.go:317.30,319.3 1 1
nas-os/internal/smb/config.go:321.2,321.32 1 1
nas-os/internal/smb/config.go:321.32,323.3 1 0
nas-os/internal/smb/config.go:325.2,325.32 1 1
nas-os/internal/smb/config.go:325.32,327.3 1 1
nas-os/internal/smb/config.go:330.2,330.26 1 1
nas-os/internal/smb/config.go:330.26,334.3 3 1
nas-os/internal/smb/config.go:336.2,339.31 2 1
nas-os/internal/smb/config.go:339.31,343.26 3 1
nas-os/internal/smb/config.go:343.26,345.4 1 1
nas-os/internal/smb/config.go:347.3,351.32 4 1
nas-os/internal/smb/config.go:351.32,353.4 1 1
nas-os/internal/smb/config.go:354.3,354.31 1 1
nas-os/internal/smb/config.go:354.31,356.4 1 0
nas-os/internal/smb/config.go:357.3,357.27 1 1
nas-os/internal/smb/config.go:357.27,359.4 1 0
nas-os/internal/smb/config.go:361.3,361.29 1 1
nas-os/internal/smb/config.go:361.29,363.4 1 1
nas-os/internal/smb/config.go:363.9,365.4 1 1
nas-os/internal/smb/config.go:367.3,367.32 1 1
nas-os/internal/smb/config.go:367.32,369.4 1 1
nas-os/internal/smb/config.go:369.9,371.4 1 1
nas-os/internal/smb/config.go:373.3,373.28 1 1
nas-os/internal/smb/config.go:373.28,375.4 1 0
nas-os/internal/smb/config.go:376.3,376.29 1 1
nas-os/internal/smb/config.go:376.29,378.4 1 0
nas-os/internal/smb/config.go:380.3,380.31 1 1
nas-os/internal/smb/config.go:380.31,382.4 1 1
nas-os/internal/smb/config.go:385.3,385.31 1 1
nas-os/internal/smb/config.go:385.31,387.4 1 0
nas-os/internal/smb/config.go:388.3,388.22 1 1
nas-os/internal/smb/config.go:388.22,390.4 1 0
nas-os/internal/smb/config.go:391.3,391.27 1 1
nas-os/internal/smb/config.go:391.27,393.4 1 1
nas-os/internal/smb/config.go:395.3,395.23 1 1
nas-os/internal/smb/config.go:398.2,398.20 1 1
nas-os/internal/smb/config.go:402.33,403.7 1 1
nas-os/internal/smb/config.go:403.7,405.3 1 1
nas-os/internal/smb/config.go:406.2,406.13 1 1
nas-os/internal/smb/config.go:410.86,413.47 2 1
nas-os/internal/smb/config.go:413.47,415.3 1 0
nas-os/internal/smb/config.go:417.2,421.69 3 1
nas-os/internal/smb/config.go:421.69,423.3 1 0
nas-os/internal/smb/config.go:426.2,426.55 1 1
nas-os/internal/smb/config.go:426.55,429.3 2 0
nas-os/internal/smb/config.go:431.2,432.12 2 1
nas-os/internal/smb/config.go:436.45,438.55 1 1
nas-os/internal/smb/config.go:438.55,440.3 1 1
nas-os/internal/smb/config.go:443.2,445.16 3 1
nas-os/internal/smb/config.go:445.16,447.3 1 0
nas-os/internal/smb/config.go:449.2,449.61 1 1
nas-os/internal/smb/config.go:449.61,451.3 1 0
nas-os/internal/smb/config.go:453.2,454.12 2 1
nas-os/internal/smb/config.go:458.46,459.22 1 1
nas-os/internal/smb/config.go:459.22,461.3 1 1
nas-os/internal/smb/config.go:462.2,462.22 1 1
nas-os/internal/smb/config.go:462.22,464.3 1 1
nas-os/internal/smb/config.go:467.2,467.33 1 1
nas-os/internal/smb/config.go:467.33,469.3 1 1
nas-os/internal/smb/config.go:472.2,472.28 1 1
nas-os/internal/smb/config.go:472.28,473.61 1 1
nas-os/internal/smb/config.go:473.61,475.4 1 1
nas-os/internal/smb/config.go:479.2,479.31 1 1
nas-os/internal/smb/config.go:479.31,480.64 1 1
nas-os/internal/smb/config.go:480.64,482.4 1 0
nas-os/internal/smb/config.go:485.2,485.12 1 1
nas-os/internal/smb/config.go:489.43,490.20 1 1
nas-os/internal/smb/config.go:490.20,492.3 1 1
nas-os/internal/smb/config.go:494.2,494.25 1 1
nas-os/internal/smb/config.go:494.25,495.25 1 1
nas-os/internal/smb/config.go:495.25,497.4 1 1
nas-os/internal/smb/config.go:500.2,500.12 1 1
nas-os/internal/smb/config.go:504.43,506.58 1 1
nas-os/internal/smb/config.go:506.58,508.3 1 1
nas-os/internal/smb/config.go:511.2,521.41 2 1
nas-os/internal/smb/config.go:521.41,523.3 1 1
nas-os/internal/smb/config.go:525.2,525.41 1 1
nas-os/internal/smb/config.go:525.41,527.3 1 0
nas-os/internal/smb/config.go:529.2,529.12 1 1
nas-os/internal/smb/handlers.go:16.41,18.2 1 0
nas-os/internal/smb/handlers.go:20.47,22.2 1 0
nas-os/internal/smb/handlers.go:30.42,32.2 1 0
nas-os/internal/smb/handlers.go:35.57,37.2 2 0
nas-os/internal/smb/handlers.go:37.2,47.3 9 0
nas-os/internal/smb/handlers.go:50.2,63.40 10 0
nas-os/internal/smb/handlers.go:67.47,69.16 2 0
nas-os/internal/smb/handlers.go:69.16,72.3 2 0
nas-os/internal/smb/handlers.go:73.2,73.40 1 0
nas-os/internal/smb/handlers.go:77.48,79.47 2 0
nas-os/internal/smb/handlers.go:79.47,82.3 2 0
nas-os/internal/smb/handlers.go:84.2,100.53 2 0
nas-os/internal/smb/handlers.go:100.53,103.3 2 0
nas-os/internal/smb/handlers.go:105.2,105.48 1 0
nas-os/internal/smb/handlers.go:105.48,108.3 2 0
nas-os/internal/smb/handlers.go:110.2,110.39 1 0
nas-os/internal/smb/handlers.go:114.45,117.16 3 0
nas-os/internal/smb/handlers.go:117.16,120.3 2 0
nas-os/internal/smb/handlers.go:121.2,121.39 1 0
nas-os/internal/smb/handlers.go:125.48,128.47 3 0
nas-os/internal/smb/handlers.go:128.47,131.3 2 0
nas-os/internal/smb/handlers.go:133.2,148.59 2 0
nas-os/internal/smb/handlers.go:148.59,151.3 2 0
nas-os/internal/smb/handlers.go:153.2,153.48 1 0
nas-os/internal/smb/handlers.go:153.48,156.3 2 0
nas-os/internal/smb/handlers.go:158.2,159.46 2 0
nas-os/internal/smb/handlers.go:163.48,165.52 2 0
nas-os/internal/smb/handlers.go:165.52,168.3 2 0
nas-os/internal/smb/handlers.go:170.2,170.48 1 0
nas-os/internal/smb/handlers.go:170.48,173.3 2 0
nas-os/internal/smb/handlers.go:175.2,175.37 1 0
nas-os/internal/smb/handlers.go:179.50,185.47 3 0
nas-os/internal/smb/handlers.go:185.47,188.3 2 0
nas-os/internal/smb/handlers.go:190.2,190.88 1 0
nas-os/internal/smb/handlers.go:190.88,193.3 2 0
nas-os/internal/smb/handlers.go:195.2,195.48 1 0
nas-os/internal/smb/handlers.go:195.48,198.3 2 0
nas-os/internal/smb/handlers.go:200.2,200.37 1 0
nas-os/internal/smb/handlers.go:204.53,207.72 3 0
nas-os/internal/smb/handlers.go:207.72,210.3 2 0
nas-os/internal/smb/handlers.go:212.2,212.48 1 0
nas-os/internal/smb/handlers.go:212.48,215.3 2 0
nas-os/internal/smb/handlers.go:217.2,217.37 1 0
nas-os/internal/smb/handlers.go:221.47,223.51 2 0
nas-os/internal/smb/handlers.go:223.51,226.3 2 0
nas-os/internal/smb/handlers.go:228.2,228.48 1 0
nas-os/internal/smb/handlers.go:228.48,231.3 2 0
nas-os/internal/smb/handlers.go:233.2,233.37 1 0
nas-os/internal/smb/handlers.go:237.46,239.50 2 0
nas-os/internal/smb/handlers.go:239.50,242.3 2 0
nas-os/internal/smb/handlers.go:244.2,244.48 1 0
nas-os/internal/smb/handlers.go:244.48,247.3 2 0
nas-os/internal/smb/handlers.go:249.2,249.37 1 0
nas-os/internal/smb/handlers.go:253.46,255.16 2 0
nas-os/internal/smb/handlers.go:255.16,258.3 2 0
nas-os/internal/smb/handlers.go:259.2,259.40 1 0
nas-os/internal/smb/handlers.go:263.51,265.16 2 0
nas-os/internal/smb/handlers.go:265.16,268.3 2 0
nas-os/internal/smb/handlers.go:269.2,269.45 1 0
nas-os/internal/smb/handlers.go:273.49,274.42 1 0
nas-os/internal/smb/handlers.go:274.42,277.3 2 0
nas-os/internal/smb/handlers.go:278.2,278.37 1 0
nas-os/internal/smb/handlers.go:282.48,283.41 1 0
nas-os/internal/smb/handlers.go:283.41,286.3 2 0
nas-os/internal/smb/handlers.go:287.2,287.37 1 0
nas-os/internal/smb/handlers.go:291.51,292.44 1 0
nas-os/internal/smb/handlers.go:292.44,295.3 2 0
nas-os/internal/smb/handlers.go:296.2,296.37 1 0
nas-os/internal/smb/handlers.go:300.49,301.43 1 0
nas-os/internal/smb/handlers.go:301.43,304.3 2 0
nas-os/internal/smb/handlers.go:305.2,305.37 1 0
nas-os/internal/smb/handlers.go:309.47,316.2 2 0
nas-os/internal/smb/handlers.go:319.50,321.20 2 0
nas-os/internal/smb/handlers.go:321.20,324.3 2 0
nas-os/internal/smb/handlers.go:326.2,327.40 2 0
nas-os/internal/smb/handlers.go:331.46,334.2 2 0
nas-os/internal/smb/handlers.go:337.49,339.47 2 0
nas-os/internal/smb/handlers.go:339.47,342.3 2 0
nas-os/internal/smb/handlers.go:344.2,344.53 1 0
nas-os/internal/smb/handlers.go:344.53,347.3 2 0
nas-os/internal/smb/handlers.go:349.2,349.48 1 0
nas-os/internal/smb/handlers.go:349.48,352.3 2 0
nas-os/internal/smb/handlers.go:354.2,354.37 1 0
nas-os/internal/smb/handlers.go:358.36,359.16 1 0
nas-os/internal/smb/handlers.go:359.16,361.3 1 0
nas-os/internal/smb/handlers.go:362.2,362.20 1 0
nas-os/internal/smb/manager.go:148.33,168.2 1 1
nas-os/internal/smb/manager.go:171.54,179.39 2 1
nas-os/internal/smb/manager.go:179.39,181.3 1 1
nas-os/internal/smb/manager.go:183.2,184.15 2 1
nas-os/internal/smb/manager.go:188.89,197.39 2 1
nas-os/internal/smb/manager.go:197.39,199.3 1 0
nas-os/internal/smb/manager.go:201.2,202.15 2 1
nas-os/internal/smb/manager.go:206.38,208.57 1 1
nas-os/internal/smb/manager.go:208.57,211.3 1 1
nas-os/internal/smb/manager.go:213.2,214.16 2 1
nas-os/internal/smb/manager.go:214.16,216.3 1 0
nas-os/internal/smb/manager.go:218.2,219.50 2 1
nas-os/internal/smb/manager.go:219.50,221.3 1 1
nas-os/internal/smb/manager.go:223.2,223.22 1 1
nas-os/internal/smb/manager.go:223.22,225.3 1 1
nas-os/internal/smb/manager.go:226.2,226.22 1 1
nas-os/internal/smb/manager.go:226.22,228.3 1 1
nas-os/internal/smb/manager.go:230.2,231.12 2 1
nas-os/internal/smb/manager.go:235.38,244.2 4 1
nas-os/internal/smb/manager.go:247.44,253.2 2 1
nas-os/internal/smb/manager.go:256.68,258.16 2 1
nas-os/internal/smb/manager.go:258.16,260.3 1 0
nas-os/internal/smb/manager.go:263.2,263.68 1 1
nas-os/internal/smb/manager.go:263.68,265.3 1 0
nas-os/internal/smb/manager.go:267.2,267.61 1 1
nas-os/internal/smb/manager.go:267.61,269.3 1 0
nas-os/internal/smb/manager.go:271.2,271.12 1 1
nas-os/internal/smb/manager.go:275.44,279.2 3 1
nas-os/internal/smb/manager.go:282.39,290.78 4 0
nas-os/internal/smb/manager.go:290.78,293.3 2 0
nas-os/internal/smb/manager.go:295.2,299.34 3 0
nas-os/internal/smb/manager.go:299.34,302.35 2 0
nas-os/internal/smb/manager.go:302.35,305.4 2 0
nas-os/internal/smb/manager.go:308.2,309.12 2 0
nas-os/internal/smb/manager.go:313.51,314.18 1 1
nas-os/internal/smb/manager.go:314.18,316.3 1 1
nas-os/internal/smb/manager.go:319.2,319.51 1 1
nas-os/internal/smb/manager.go:319.51,321.3 1 1
nas-os/internal/smb/manager.go:323.2,326.47 3 1
nas-os/internal/smb/manager.go:326.47,328.3 1 1
nas-os/internal/smb/manager.go:331.2,331.54 1 1
nas-os/internal/smb/manager.go:331.54,334.3 2 0
nas-os/internal/smb/manager.go:337.2,337.28 1 1
nas-os/internal/smb/manager.go:337.28,339.3 1 1
nas-os/internal/smb/manager.go:340.2,340.31 1 1
nas-os/internal/smb/manager.go:340.31,342.3 1 1
nas-os/internal/smb/manager.go:343.2,343.31 1 1
nas-os/internal/smb/manager.go:343.31,345.3 1 1
nas-os/internal/smb/manager.go:346.2,352.45 4 1
nas-os/internal/smb/manager.go:352.45,355.3 2 0
nas-os/internal/smb/manager.go:357.2,358.12 2 1
nas-os/internal/smb/manager.go:362.64,363.18 1 1
nas-os/internal/smb/manager.go:363.18,365.3 1 1
nas-os/internal/smb/manager.go:367.2,371.13 4 1
nas-os/internal/smb/manager.go:371.13,373.3 1 1
nas-os/internal/smb/manager.go:376.2,376.22 1 1
nas-os/internal/smb/manager.go:376.22,378.3 1 0
nas-os/internal/smb/manager.go:379.2,379.25 1 1
nas-os/internal/smb/manager.go:379.25,381.3 1 1
nas-os/internal/smb/manager.go:382.2,386.24 5 1
nas-os/internal/smb/manager.go:386.24,388.3 1 0
nas-os/internal/smb/manager.go:389.2,389.29 1 1
nas-os/internal/smb/manager.go:389.29,391.3 1 0
nas-os/internal/smb/manager.go:392.2,392.28 1 1
nas-os/internal/smb/manager.go:392.28,394.3 1 0
nas-os/internal/smb/manager.go:395.2,395.28 1 1
nas-os/internal/smb/manager.go:395.28,397.3 1 0
nas-os/internal/smb/manager.go:398.2,398.31 1 1
nas-os/internal/smb/manager.go:398.31,400.3 1 0
nas-os/internal/smb/manager.go:401.2,401.28 1 1
nas-os/internal/smb/manager.go:401.28,403.3 1 0
nas-os/internal/smb/manager.go:406.2,406.45 1 1
nas-os/internal/smb/manager.go:406.45,408.3 1 0
nas-os/internal/smb/manager.go:410.2,411.12 2 1
nas-os/internal/smb/manager.go:415.50,419.42 3 1
nas-os/internal/smb/manager.go:419.42,421.3 1 1
nas-os/internal/smb/manager.go:423.2,426.45 2 1
nas-os/internal/smb/manager.go:426.45,428.3 1 0
nas-os/internal/smb/manager.go:430.2,431.12 2 1
nas-os/internal/smb/manager.go:435.50,440.29 4 1
nas-os/internal/smb/manager.go:440.29,442.3 1 1
nas-os/internal/smb/manager.go:443.2,443.20 1 1
nas-os/internal/smb/manager.go:447.57,452.13 4 1
nas-os/internal/smb/manager.go:452.13,454.3 1 1
nas-os/internal/smb/manager.go:455.2,455.19 1 1
nas-os/internal/smb/manager.go:459.34,461.39 1 0
nas-os/internal/smb/manager.go:461.39,463.3 1 0
nas-os/internal/smb/manager.go:466.2,466.40 1 0
nas-os/internal/smb/manager.go:466.40,468.3 1 0
nas-os/internal/smb/manager.go:470.2,471.12 2 0
nas-os/internal/smb/manager.go:475.52,485.16 4 0
nas-os/internal/smb/manager.go:485.16,489.3 3 0
nas-os/internal/smb/manager.go:491.2,492.27 2 0
nas-os/internal/smb/manager.go:492.27,495.3 2 0
nas-os/internal/smb/manager.go:498.2,500.16 3 0
nas-os/internal/smb/manager.go:500.16,502.62 2 0
nas-os/internal/smb/manager.go:502.62,504.4 1 0
nas-os/internal/smb/manager.go:508.2,509.16 2 0
nas-os/internal/smb/manager.go:509.16,512.3 2 0
nas-os/internal/smb/manager.go:514.2,514.20 1 0
nas-os/internal/smb/manager.go:518.56,524.16 4 0
nas-os/internal/smb/manager.go:524.16,527.3 2 0
nas-os/internal/smb/manager.go:530.2,531.29 2 0
nas-os/internal/smb/manager.go:531.29,532.12 1 0
nas-os/internal/smb/manager.go:532.12,533.12 1 0
nas-os/internal/smb/manager.go:536.3,537.23 2 0
nas-os/internal/smb/manager.go:537.23,543.55 2 0
nas-os/internal/smb/manager.go:543.55,545.5 1 0
nas-os/internal/smb/manager.go:548.4,548.24 1 0
nas-os/internal/smb/manager.go:548.24,550.5 1 0
nas-os/internal/smb/manager.go:551.4,551.24 1 0
nas-os/internal/smb/manager.go:551.24,553.5 1 0
nas-os/internal/smb/manager.go:554.4,554.24 1 0
nas-os/internal/smb/manager.go:554.24,556.5 1 0
nas-os/internal/smb/manager.go:557.4,557.24 1 0
nas-os/internal/smb/manager.go:557.24,559.5 1 0
nas-os/internal/smb/manager.go:560.4,560.24 1 0
nas-os/internal/smb/manager.go:560.24,562.5 1 0
nas-os/internal/smb/manager.go:564.4,565.43 2 0
nas-os/internal/smb/manager.go:569.2,569.25 1 0
nas-os/internal/smb/manager.go:573.65,577.16 3 0
nas-os/internal/smb/manager.go:577.16,579.3 1 0
nas-os/internal/smb/manager.go:581.2,583.29 3 0
nas-os/internal/smb/manager.go:583.29,584.107 1 0
nas-os/internal/smb/manager.go:584.107,586.4 1 0
nas-os/internal/smb/manager.go:589.2,589.14 1 0
nas-os/internal/smb/manager.go:593.45,595.16 2 0
nas-os/internal/smb/manager.go:595.16,597.3 1 0
nas-os/internal/smb/manager.go:598.2,598.28 1 0
nas-os/internal/smb/manager.go:602.33,604.34 2 0
nas-os/internal/smb/manager.go:604.34,607.3 2 0
nas-os/internal/smb/manager.go:608.2,609.12 2 0
nas-os/internal/smb/manager.go:613.32,615.34 2 0
nas-os/internal/smb/manager.go:615.34,618.3 2 0
nas-os/internal/smb/manager.go:619.2,620.12 2 0
nas-os/internal/smb/manager.go:624.35,626.34 2 0
nas-os/internal/smb/manager.go:626.34,629.3 2 0
nas-os/internal/smb/manager.go:630.2,631.12 2 0
nas-os/internal/smb/manager.go:635.54,638.16 3 0
nas-os/internal/smb/manager.go:638.16,640.3 1 0
nas-os/internal/smb/manager.go:641.2,641.34 1 0
nas-os/internal/smb/manager.go:645.52,649.45 3 1
nas-os/internal/smb/manager.go:649.45,651.3 1 1
nas-os/internal/smb/manager.go:652.2,652.11 1 1
nas-os/internal/smb/manager.go:656.59,661.33 4 1
nas-os/internal/smb/manager.go:661.33,662.27 1 1
nas-os/internal/smb/manager.go:662.27,665.12 2 0
nas-os/internal/smb/manager.go:669.3,669.95 1 1
nas-os/internal/smb/manager.go:669.95,671.12 2 1
nas-os/internal/smb/manager.go:675.3,675.71 1 0
nas-os/internal/smb/manager.go:675.71,678.4 1 0
nas-os/internal/smb/manager.go:678.9,679.45 1 0
nas-os/internal/smb/manager.go:679.45,680.28 1 0
nas-os/internal/smb/manager.go:680.28,682.11 2 0
nas-os/internal/smb/manager.go:687.2,687.15 1 1
nas-os/internal/smb/manager.go:691.88,696.13 4 1
nas-os/internal/smb/manager.go:696.13,698.3 1 1
nas-os/internal/smb/manager.go:701.2,701.26 1 1
nas-os/internal/smb/manager.go:701.26,702.60 1 1
nas-os/internal/smb/manager.go:702.60,704.4 1 1
nas-os/internal/smb/manager.go:708.2,709.37 2 1
nas-os/internal/smb/manager.go:709.37,710.20 1 0
nas-os/internal/smb/manager.go:710.20,712.9 2 0
nas-os/internal/smb/manager.go:715.2,715.12 1 1
nas-os/internal/smb/manager.go:715.12,717.3 1 1
nas-os/internal/smb/manager.go:720.2,720.15 1 1
nas-os/internal/smb/manager.go:720.15,722.37 2 1
nas-os/internal/smb/manager.go:722.37,723.21 1 0
nas-os/internal/smb/manager.go:723.21,725.10 2 0
nas-os/internal/smb/manager.go:728.3,728.18 1 1
nas-os/internal/smb/manager.go:728.18,730.4 1 1
nas-os/internal/smb/manager.go:736.2,737.12 2 1
nas-os/internal/smb/manager.go:741.75,746.13 4 1
nas-os/internal/smb/manager.go:746.13,748.3 1 1
nas-os/internal/smb/manager.go:751.2,752.37 2 1
nas-os/internal/smb/manager.go:752.37,753.20 1 1
nas-os/internal/smb/manager.go:753.20,755.4 1 0
nas-os/internal/smb/manager.go:757.2,761.36 3 1
nas-os/internal/smb/manager.go:761.36,762.20 1 0
nas-os/internal/smb/manager.go:762.20,764.4 1 0
nas-os/internal/smb/manager.go:766.2,769.12 3 1
nas-os/internal/smb/manager.go:773.49,778.13 4 1
nas-os/internal/smb/manager.go:778.13,780.3 1 1
nas-os/internal/smb/manager.go:782.2,784.45 2 1
nas-os/internal/smb/manager.go:784.45,786.3 1 0
nas-os/internal/smb/manager.go:788.2,789.12 2 1
nas-os/internal/smb/manager.go:793.48,798.13 4 1
nas-os/internal/smb/manager.go:798.13,800.3 1 0
nas-os/internal/smb/manager.go:802.2,804.45 2 1
nas-os/internal/smb/manager.go:804.45,806.3 1 0
nas-os/internal/smb/manager.go:808.2,809.12 2 1
nas-os/internal/smb/manager.go:813.39,817.2 3 1
nas-os/internal/smb/manager.go:820.54,821.47 1 1
nas-os/internal/smb/manager.go:821.47,823.3 1 0
nas-os/internal/smb/manager.go:825.2,829.39 4 1
nas-os/internal/smb/manager.go:829.39,831.3 1 0
nas-os/internal/smb/manager.go:833.2,834.12 2 1
nas-os/internal/smb/manager.go:838.74,855.45 2 1
nas-os/internal/smb/manager.go:855.45,857.3 1 0
nas-os/internal/smb/manager.go:859.2,859.19 1 1
nas-os/internal/smb/manager.go:863.87,879.51 2 1
nas-os/internal/smb/manager.go:879.51,881.3 1 0
nas-os/internal/smb/manager.go:883.2,883.25 1 1
