mode: set
nas-os/internal/iscsi/chap.go:18.36,22.2 1 1
nas-os/internal/iscsi/chap.go:25.62,26.18 1 1
nas-os/internal/iscsi/chap.go:26.18,28.3 1 0
nas-os/internal/iscsi/chap.go:30.2,30.19 1 1
nas-os/internal/iscsi/chap.go:30.19,31.27 1 1
nas-os/internal/iscsi/chap.go:31.27,33.4 1 1
nas-os/internal/iscsi/chap.go:34.3,34.25 1 1
nas-os/internal/iscsi/chap.go:34.25,36.4 1 1
nas-os/internal/iscsi/chap.go:37.3,37.29 1 1
nas-os/internal/iscsi/chap.go:37.29,39.4 1 1
nas-os/internal/iscsi/chap.go:40.3,40.29 1 1
nas-os/internal/iscsi/chap.go:40.29,42.4 1 1
nas-os/internal/iscsi/chap.go:44.3,44.19 1 1
nas-os/internal/iscsi/chap.go:44.19,45.30 1 1
nas-os/internal/iscsi/chap.go:45.30,47.5 1 0
nas-os/internal/iscsi/chap.go:48.4,48.32 1 1
nas-os/internal/iscsi/chap.go:48.32,50.5 1 0
nas-os/internal/iscsi/chap.go:51.4,51.68 1 1
nas-os/internal/iscsi/chap.go:51.68,53.5 1 1
nas-os/internal/iscsi/chap.go:57.2,57.12 1 1
nas-os/internal/iscsi/chap.go:61.84,62.36 1 1
nas-os/internal/iscsi/chap.go:62.36,64.3 1 0
nas-os/internal/iscsi/chap.go:66.2,76.15 3 1
nas-os/internal/iscsi/chap.go:80.84,81.18 1 1
nas-os/internal/iscsi/chap.go:81.18,84.3 2 1
nas-os/internal/iscsi/chap.go:86.2,86.41 1 1
nas-os/internal/iscsi/chap.go:90.63,92.13 2 1
nas-os/internal/iscsi/chap.go:92.13,94.3 1 1
nas-os/internal/iscsi/chap.go:97.2,103.3 1 1
nas-os/internal/iscsi/chap.go:107.86,109.32 2 0
nas-os/internal/iscsi/chap.go:109.32,111.3 1 0
nas-os/internal/iscsi/chap.go:112.2,112.45 1 0
nas-os/internal/iscsi/chap.go:116.92,118.50 2 1
nas-os/internal/iscsi/chap.go:118.50,120.3 1 0
nas-os/internal/iscsi/chap.go:121.2,121.53 1 1
nas-os/internal/iscsi/chap.go:125.54,127.2 1 1
nas-os/internal/iscsi/chap.go:130.39,132.44 2 1
nas-os/internal/iscsi/chap.go:132.44,134.3 1 0
nas-os/internal/iscsi/chap.go:135.2,135.39 1 1
nas-os/internal/iscsi/chap.go:139.39,141.44 2 1
nas-os/internal/iscsi/chap.go:141.44,143.3 1 0
nas-os/internal/iscsi/chap.go:144.2,144.39 1 1
nas-os/internal/iscsi/chap.go:148.36,149.15 1 1
nas-os/internal/iscsi/chap.go:149.15,151.3 1 1
nas-os/internal/iscsi/chap.go:155.2,157.16 3 1
nas-os/internal/iscsi/chap.go:157.16,159.3 1 0
nas-os/internal/iscsi/chap.go:160.2,160.14 1 1
nas-os/internal/iscsi/chap.go:160.14,162.3 1 1
nas-os/internal/iscsi/chap.go:163.2,163.12 1 1
nas-os/internal/iscsi/chap.go:167.59,169.16 2 1
nas-os/internal/iscsi/chap.go:169.16,171.3 1 0
nas-os/internal/iscsi/chap.go:175.2,176.54 2 1
nas-os/internal/iscsi/chap.go:176.54,178.3 1 1
nas-os/internal/iscsi/chap.go:179.2,185.11 2 1
nas-os/internal/iscsi/chap.go:189.38,191.2 1 1
nas-os/internal/iscsi/chap.go:194.54,197.2 2 1
nas-os/internal/iscsi/chap.go:200.77,202.32 2 1
nas-os/internal/iscsi/chap.go:202.32,204.3 1 1
nas-os/internal/iscsi/chap.go:206.2,206.63 1 1
nas-os/internal/iscsi/handlers.go:15.42,17.2 1 1
nas-os/internal/iscsi/handlers.go:20.57,22.2 2 0
nas-os/internal/iscsi/handlers.go:22.2,53.3 21 0
nas-os/internal/iscsi/handlers.go:63.41,65.2 1 1
nas-os/internal/iscsi/handlers.go:67.46,69.2 1 1
nas-os/internal/iscsi/handlers.go:80.48,83.2 2 1
nas-os/internal/iscsi/handlers.go:95.49,97.49 2 1
nas-os/internal/iscsi/handlers.go:97.49,100.3 2 1
nas-os/internal/iscsi/handlers.go:102.2,103.16 2 1
nas-os/internal/iscsi/handlers.go:103.16,104.29 1 1
nas-os/internal/iscsi/handlers.go:104.29,107.4 2 1
nas-os/internal/iscsi/handlers.go:108.3,109.9 2 0
nas-os/internal/iscsi/handlers.go:112.2,112.40 1 1
nas-os/internal/iscsi/handlers.go:124.46,127.16 3 1
nas-os/internal/iscsi/handlers.go:127.16,130.3 2 1
nas-os/internal/iscsi/handlers.go:131.2,131.40 1 1
nas-os/internal/iscsi/handlers.go:145.49,148.49 3 1
nas-os/internal/iscsi/handlers.go:148.49,151.3 2 0
nas-os/internal/iscsi/handlers.go:153.2,154.16 2 1
nas-os/internal/iscsi/handlers.go:154.16,155.31 1 0
nas-os/internal/iscsi/handlers.go:155.31,158.4 2 0
nas-os/internal/iscsi/handlers.go:159.3,160.9 2 0
nas-os/internal/iscsi/handlers.go:163.2,163.40 1 1
nas-os/internal/iscsi/handlers.go:175.49,177.51 2 1
nas-os/internal/iscsi/handlers.go:177.51,180.3 2 0
nas-os/internal/iscsi/handlers.go:181.2,181.37 1 1
nas-os/internal/iscsi/handlers.go:193.52,196.16 3 1
nas-os/internal/iscsi/handlers.go:196.16,199.3 2 1
nas-os/internal/iscsi/handlers.go:200.2,200.40 1 1
nas-os/internal/iscsi/handlers.go:212.49,214.51 2 1
nas-os/internal/iscsi/handlers.go:214.51,217.3 2 1
nas-os/internal/iscsi/handlers.go:218.2,218.37 1 1
nas-os/internal/iscsi/handlers.go:230.50,232.52 2 1
nas-os/internal/iscsi/handlers.go:232.52,235.3 2 1
nas-os/internal/iscsi/handlers.go:236.2,236.37 1 1
nas-os/internal/iscsi/handlers.go:250.45,253.16 3 1
nas-os/internal/iscsi/handlers.go:253.16,256.3 2 1
nas-os/internal/iscsi/handlers.go:257.2,257.45 1 1
nas-os/internal/iscsi/handlers.go:271.43,274.49 3 1
nas-os/internal/iscsi/handlers.go:274.49,277.3 2 1
nas-os/internal/iscsi/handlers.go:279.2,280.16 2 1
nas-os/internal/iscsi/handlers.go:280.16,281.31 1 1
nas-os/internal/iscsi/handlers.go:281.31,284.4 2 1
nas-os/internal/iscsi/handlers.go:285.3,286.9 2 0
nas-os/internal/iscsi/handlers.go:289.2,289.37 1 1
nas-os/internal/iscsi/handlers.go:302.43,307.16 4 1
nas-os/internal/iscsi/handlers.go:307.16,310.3 2 1
nas-os/internal/iscsi/handlers.go:311.2,311.37 1 1
nas-os/internal/iscsi/handlers.go:324.46,328.61 3 1
nas-os/internal/iscsi/handlers.go:328.61,331.3 2 1
nas-os/internal/iscsi/handlers.go:332.2,332.37 1 1
nas-os/internal/iscsi/handlers.go:347.46,352.49 4 1
nas-os/internal/iscsi/handlers.go:352.49,355.3 2 0
nas-os/internal/iscsi/handlers.go:357.2,358.16 2 1
nas-os/internal/iscsi/handlers.go:358.16,359.56 1 1
nas-os/internal/iscsi/handlers.go:359.56,362.4 2 0
nas-os/internal/iscsi/handlers.go:363.3,364.9 2 1
nas-os/internal/iscsi/handlers.go:367.2,367.37 1 1
nas-os/internal/iscsi/handlers.go:382.53,387.16 4 1
nas-os/internal/iscsi/handlers.go:387.16,390.3 2 1
nas-os/internal/iscsi/handlers.go:392.2,392.47 1 1
nas-os/internal/iscsi/handlers.go:407.54,412.49 4 1
nas-os/internal/iscsi/handlers.go:412.49,415.3 2 0
nas-os/internal/iscsi/handlers.go:417.2,418.16 2 1
nas-os/internal/iscsi/handlers.go:418.16,419.56 1 1
nas-os/internal/iscsi/handlers.go:419.56,422.4 2 1
nas-os/internal/iscsi/handlers.go:423.3,424.9 2 0
nas-os/internal/iscsi/handlers.go:427.2,427.42 1 1
nas-os/internal/iscsi/handlers.go:441.54,444.2 1 1
nas-os/internal/iscsi/handlers.go:455.53,457.16 2 1
nas-os/internal/iscsi/handlers.go:457.16,460.3 2 0
nas-os/internal/iscsi/handlers.go:462.2,466.5 2 1
nas-os/internal/iscsi/handlers.go:476.49,477.42 1 0
nas-os/internal/iscsi/handlers.go:477.42,480.3 2 0
nas-os/internal/iscsi/handlers.go:481.2,481.37 1 0
nas-os/internal/iscsi/handlers.go:491.48,492.41 1 0
nas-os/internal/iscsi/handlers.go:492.41,495.3 2 0
nas-os/internal/iscsi/handlers.go:496.2,496.37 1 0
nas-os/internal/iscsi/handlers.go:506.51,507.44 1 0
nas-os/internal/iscsi/handlers.go:507.44,510.3 2 0
nas-os/internal/iscsi/handlers.go:511.2,511.37 1 0
nas-os/internal/iscsi/handlers.go:521.48,522.48 1 0
nas-os/internal/iscsi/handlers.go:522.48,525.3 2 0
nas-os/internal/iscsi/handlers.go:526.2,526.37 1 0
nas-os/internal/iscsi/lun.go:18.49,22.2 1 1
nas-os/internal/iscsi/lun.go:25.77,30.48 3 1
nas-os/internal/iscsi/lun.go:30.48,32.3 1 1
nas-os/internal/iscsi/lun.go:35.2,39.45 3 1
nas-os/internal/iscsi/lun.go:39.45,41.3 1 1
nas-os/internal/iscsi/lun.go:44.2,45.20 2 1
nas-os/internal/iscsi/lun.go:45.20,47.3 1 1
nas-os/internal/iscsi/lun.go:49.2,62.31 2 1
nas-os/internal/iscsi/lun.go:62.31,63.64 1 1
nas-os/internal/iscsi/lun.go:63.64,65.4 1 0
nas-os/internal/iscsi/lun.go:66.8,68.42 1 0
nas-os/internal/iscsi/lun.go:68.42,70.4 1 0
nas-os/internal/iscsi/lun.go:72.3,73.17 2 0
nas-os/internal/iscsi/lun.go:73.17,75.4 1 0
nas-os/internal/iscsi/lun.go:76.3,76.18 1 0
nas-os/internal/iscsi/lun.go:79.2,79.17 1 1
nas-os/internal/iscsi/lun.go:83.59,84.22 1 1
nas-os/internal/iscsi/lun.go:84.22,86.3 1 1
nas-os/internal/iscsi/lun.go:88.2,88.61 1 1
nas-os/internal/iscsi/lun.go:88.61,90.3 1 1
nas-os/internal/iscsi/lun.go:92.2,92.31 1 1
nas-os/internal/iscsi/lun.go:92.31,93.22 1 1
nas-os/internal/iscsi/lun.go:93.22,95.4 1 0
nas-os/internal/iscsi/lun.go:96.3,96.29 1 1
nas-os/internal/iscsi/lun.go:96.29,98.4 1 1
nas-os/internal/iscsi/lun.go:101.2,101.52 1 1
nas-os/internal/iscsi/lun.go:101.52,103.3 1 1
nas-os/internal/iscsi/lun.go:105.2,105.12 1 1
nas-os/internal/iscsi/lun.go:109.72,112.47 2 1
nas-os/internal/iscsi/lun.go:112.47,114.3 1 0
nas-os/internal/iscsi/lun.go:117.2,118.16 2 1
nas-os/internal/iscsi/lun.go:118.16,120.3 1 0
nas-os/internal/iscsi/lun.go:121.2,124.44 2 1
nas-os/internal/iscsi/lun.go:124.44,127.3 2 0
nas-os/internal/iscsi/lun.go:129.2,129.12 1 1
nas-os/internal/iscsi/lun.go:133.70,135.16 2 0
nas-os/internal/iscsi/lun.go:135.16,137.3 1 0
nas-os/internal/iscsi/lun.go:138.2,141.16 3 0
nas-os/internal/iscsi/lun.go:141.16,143.3 1 0
nas-os/internal/iscsi/lun.go:145.2,145.25 1 0
nas-os/internal/iscsi/lun.go:149.61,153.29 3 1
nas-os/internal/iscsi/lun.go:153.29,155.3 1 0
nas-os/internal/iscsi/lun.go:157.2,157.25 1 1
nas-os/internal/iscsi/lun.go:157.25,159.3 1 1
nas-os/internal/iscsi/lun.go:162.2,163.16 2 1
nas-os/internal/iscsi/lun.go:163.16,165.3 1 0
nas-os/internal/iscsi/lun.go:166.2,168.47 2 1
nas-os/internal/iscsi/lun.go:168.47,170.3 1 0
nas-os/internal/iscsi/lun.go:172.2,175.12 3 1
nas-os/internal/iscsi/lun.go:179.61,181.2 1 1
nas-os/internal/iscsi/lun.go:184.94,188.30 3 1
nas-os/internal/iscsi/lun.go:188.30,190.3 1 1
nas-os/internal/iscsi/lun.go:192.2,197.16 4 1
nas-os/internal/iscsi/lun.go:197.16,199.3 1 0
nas-os/internal/iscsi/lun.go:200.2,203.16 3 1
nas-os/internal/iscsi/lun.go:203.16,205.3 1 0
nas-os/internal/iscsi/lun.go:206.2,222.26 5 1
nas-os/internal/iscsi/lun.go:222.26,224.3 1 1
nas-os/internal/iscsi/lun.go:225.2,228.22 3 1
nas-os/internal/iscsi/lun.go:232.73,236.37 3 1
nas-os/internal/iscsi/lun.go:236.37,237.28 1 1
nas-os/internal/iscsi/lun.go:237.28,241.4 3 1
nas-os/internal/iscsi/lun.go:244.2,244.41 1 1
nas-os/internal/iscsi/lun.go:248.46,252.29 3 1
nas-os/internal/iscsi/lun.go:252.29,254.68 1 1
nas-os/internal/iscsi/lun.go:254.68,256.4 1 0
nas-os/internal/iscsi/lun.go:259.2,259.12 1 1
nas-os/internal/iscsi/lun.go:263.64,264.32 1 1
nas-os/internal/iscsi/lun.go:264.32,266.3 1 1
nas-os/internal/iscsi/lun.go:267.2,269.12 3 1
nas-os/internal/iscsi/lun.go:273.72,274.29 1 1
nas-os/internal/iscsi/lun.go:274.29,277.17 2 1
nas-os/internal/iscsi/lun.go:277.17,279.4 1 0
nas-os/internal/iscsi/lun.go:281.3,281.37 1 1
nas-os/internal/iscsi/lun.go:281.37,283.4 1 0
nas-os/internal/iscsi/lun.go:285.2,285.12 1 1
nas-os/internal/iscsi/lun.go:289.50,291.2 1 1
nas-os/internal/iscsi/lun.go:294.52,296.2 1 1
nas-os/internal/iscsi/manager.go:34.64,50.39 2 1
nas-os/internal/iscsi/manager.go:50.39,52.3 1 0
nas-os/internal/iscsi/manager.go:55.2,55.52 1 1
nas-os/internal/iscsi/manager.go:55.52,57.3 1 0
nas-os/internal/iscsi/manager.go:59.2,59.15 1 1
nas-os/internal/iscsi/manager.go:63.38,64.57 1 1
nas-os/internal/iscsi/manager.go:64.57,66.3 1 1
nas-os/internal/iscsi/manager.go:68.2,69.16 2 1
nas-os/internal/iscsi/manager.go:69.16,71.3 1 0
nas-os/internal/iscsi/manager.go:73.2,74.50 2 1
nas-os/internal/iscsi/manager.go:74.50,76.3 1 0
nas-os/internal/iscsi/manager.go:78.2,78.22 1 1
nas-os/internal/iscsi/manager.go:78.22,80.3 1 1
nas-os/internal/iscsi/manager.go:81.2,81.23 1 1
nas-os/internal/iscsi/manager.go:81.23,83.3 1 1
nas-os/internal/iscsi/manager.go:85.2,85.12 1 1
nas-os/internal/iscsi/manager.go:89.44,95.2 2 1
nas-os/internal/iscsi/manager.go:98.62,100.16 2 1
nas-os/internal/iscsi/manager.go:100.16,102.3 1 0
nas-os/internal/iscsi/manager.go:104.2,104.70 1 1
nas-os/internal/iscsi/manager.go:104.70,106.3 1 0
nas-os/internal/iscsi/manager.go:108.2,108.63 1 1
nas-os/internal/iscsi/manager.go:108.63,110.3 1 0
nas-os/internal/iscsi/manager.go:112.2,112.12 1 1
nas-os/internal/iscsi/manager.go:116.68,121.30 3 1
nas-os/internal/iscsi/manager.go:121.30,122.27 1 1
nas-os/internal/iscsi/manager.go:122.27,124.4 1 1
nas-os/internal/iscsi/manager.go:128.2,129.15 2 1
nas-os/internal/iscsi/manager.go:129.15,132.17 3 1
nas-os/internal/iscsi/manager.go:132.17,134.4 1 0
nas-os/internal/iscsi/manager.go:135.8,136.42 1 1
nas-os/internal/iscsi/manager.go:136.42,138.4 1 1
nas-os/internal/iscsi/manager.go:142.2,145.30 2 1
nas-os/internal/iscsi/manager.go:145.30,146.19 1 1
nas-os/internal/iscsi/manager.go:146.19,148.4 1 1
nas-os/internal/iscsi/manager.go:152.2,152.23 1 1
nas-os/internal/iscsi/manager.go:152.23,153.61 1 1
nas-os/internal/iscsi/manager.go:153.61,155.4 1 0
nas-os/internal/iscsi/manager.go:159.2,160.22 2 1
nas-os/internal/iscsi/manager.go:160.22,162.3 1 1
nas-os/internal/iscsi/manager.go:165.2,181.45 3 1
nas-os/internal/iscsi/manager.go:181.45,183.3 1 1
nas-os/internal/iscsi/manager.go:185.2,188.45 2 1
nas-os/internal/iscsi/manager.go:188.45,191.3 2 0
nas-os/internal/iscsi/manager.go:193.2,193.20 1 1
nas-os/internal/iscsi/manager.go:197.57,202.13 4 1
nas-os/internal/iscsi/manager.go:202.13,204.3 1 1
nas-os/internal/iscsi/manager.go:205.2,205.20 1 1
nas-os/internal/iscsi/manager.go:209.63,214.35 4 1
nas-os/internal/iscsi/manager.go:214.35,215.24 1 1
nas-os/internal/iscsi/manager.go:215.24,217.4 1 1
nas-os/internal/iscsi/manager.go:219.2,219.31 1 1
nas-os/internal/iscsi/manager.go:223.43,228.30 4 1
nas-os/internal/iscsi/manager.go:228.30,230.3 1 1
nas-os/internal/iscsi/manager.go:231.2,231.16 1 1
nas-os/internal/iscsi/manager.go:235.79,240.13 4 1
nas-os/internal/iscsi/manager.go:240.13,242.3 1 1
nas-os/internal/iscsi/manager.go:245.2,245.23 1 1
nas-os/internal/iscsi/manager.go:245.23,246.61 1 0
nas-os/internal/iscsi/manager.go:246.61,248.4 1 0
nas-os/internal/iscsi/manager.go:252.2,252.23 1 1
nas-os/internal/iscsi/manager.go:252.23,254.3 1 1
nas-os/internal/iscsi/manager.go:255.2,255.27 1 1
nas-os/internal/iscsi/manager.go:255.27,257.3 1 1
nas-os/internal/iscsi/manager.go:258.2,258.36 1 1
nas-os/internal/iscsi/manager.go:258.36,260.3 1 0
nas-os/internal/iscsi/manager.go:263.2,263.23 1 1
nas-os/internal/iscsi/manager.go:263.23,265.3 1 0
nas-os/internal/iscsi/manager.go:267.2,269.45 2 1
nas-os/internal/iscsi/manager.go:269.45,271.3 1 0
nas-os/internal/iscsi/manager.go:273.2,273.20 1 1
nas-os/internal/iscsi/manager.go:277.49,282.13 4 1
nas-os/internal/iscsi/manager.go:282.13,284.3 1 1
nas-os/internal/iscsi/manager.go:287.2,287.34 1 1
nas-os/internal/iscsi/manager.go:287.34,288.46 1 0
nas-os/internal/iscsi/manager.go:288.47,290.4 0 0
nas-os/internal/iscsi/manager.go:294.2,298.29 3 1
nas-os/internal/iscsi/manager.go:302.73,307.13 4 1
nas-os/internal/iscsi/manager.go:307.13,309.3 1 1
nas-os/internal/iscsi/manager.go:312.2,312.34 1 1
nas-os/internal/iscsi/manager.go:312.34,313.29 1 1
nas-os/internal/iscsi/manager.go:313.29,315.4 1 1
nas-os/internal/iscsi/manager.go:319.2,320.16 2 1
nas-os/internal/iscsi/manager.go:320.16,322.3 1 1
nas-os/internal/iscsi/manager.go:325.2,326.21 2 1
nas-os/internal/iscsi/manager.go:326.21,328.3 1 0
nas-os/internal/iscsi/manager.go:329.2,334.45 4 1
nas-os/internal/iscsi/manager.go:334.45,336.3 1 0
nas-os/internal/iscsi/manager.go:338.2,338.17 1 1
nas-os/internal/iscsi/manager.go:342.64,347.13 4 1
nas-os/internal/iscsi/manager.go:347.13,349.3 1 0
nas-os/internal/iscsi/manager.go:351.2,351.34 1 1
nas-os/internal/iscsi/manager.go:351.34,352.22 1 1
nas-os/internal/iscsi/manager.go:352.22,354.4 1 1
nas-os/internal/iscsi/manager.go:357.2,357.28 1 1
nas-os/internal/iscsi/manager.go:361.59,366.13 4 1
nas-os/internal/iscsi/manager.go:366.13,368.3 1 0
nas-os/internal/iscsi/manager.go:370.2,370.34 1 1
nas-os/internal/iscsi/manager.go:370.34,371.22 1 1
nas-os/internal/iscsi/manager.go:371.22,372.47 1 1
nas-os/internal/iscsi/manager.go:372.47,374.5 1 0
nas-os/internal/iscsi/manager.go:375.4,377.31 3 1
nas-os/internal/iscsi/manager.go:381.2,381.23 1 1
nas-os/internal/iscsi/manager.go:385.82,390.13 4 1
nas-os/internal/iscsi/manager.go:390.13,392.3 1 0
nas-os/internal/iscsi/manager.go:394.2,394.34 1 1
nas-os/internal/iscsi/manager.go:394.34,395.22 1 1
nas-os/internal/iscsi/manager.go:395.22,396.56 1 1
nas-os/internal/iscsi/manager.go:396.56,398.5 1 1
nas-os/internal/iscsi/manager.go:399.4,400.47 2 1
nas-os/internal/iscsi/manager.go:400.47,402.5 1 0
nas-os/internal/iscsi/manager.go:403.4,403.19 1 1
nas-os/internal/iscsi/manager.go:407.2,407.28 1 1
nas-os/internal/iscsi/manager.go:411.107,416.13 4 1
nas-os/internal/iscsi/manager.go:416.13,418.3 1 0
nas-os/internal/iscsi/manager.go:420.2,420.34 1 1
nas-os/internal/iscsi/manager.go:420.34,421.22 1 1
nas-os/internal/iscsi/manager.go:421.22,423.18 2 1
nas-os/internal/iscsi/manager.go:423.18,425.5 1 0
nas-os/internal/iscsi/manager.go:426.4,427.47 2 1
nas-os/internal/iscsi/manager.go:427.47,429.5 1 0
nas-os/internal/iscsi/manager.go:430.4,430.24 1 1
nas-os/internal/iscsi/manager.go:434.2,434.28 1 1
nas-os/internal/iscsi/manager.go:438.69,443.13 4 1
nas-os/internal/iscsi/manager.go:443.13,445.3 1 1
nas-os/internal/iscsi/manager.go:447.2,448.16 2 1
nas-os/internal/iscsi/manager.go:448.16,450.3 1 0
nas-os/internal/iscsi/manager.go:452.2,459.8 1 1
nas-os/internal/iscsi/manager.go:463.68,467.2 1 1
nas-os/internal/iscsi/manager.go:470.39,475.54 3 0
nas-os/internal/iscsi/manager.go:475.54,477.3 1 0
nas-os/internal/iscsi/manager.go:480.2,483.31 2 0
nas-os/internal/iscsi/manager.go:483.31,485.22 2 0
nas-os/internal/iscsi/manager.go:485.22,486.12 1 0
nas-os/internal/iscsi/manager.go:489.3,490.58 2 0
nas-os/internal/iscsi/manager.go:490.58,492.4 1 0
nas-os/internal/iscsi/manager.go:495.2,495.12 1 0
nas-os/internal/iscsi/manager.go:499.56,505.35 3 0
nas-os/internal/iscsi/manager.go:505.35,506.22 1 0
nas-os/internal/iscsi/manager.go:506.22,507.12 1 0
nas-os/internal/iscsi/manager.go:511.3,514.35 2 0
nas-os/internal/iscsi/manager.go:514.35,515.31 1 0
nas-os/internal/iscsi/manager.go:515.31,518.5 1 0
nas-os/internal/iscsi/manager.go:518.10,521.5 1 0
nas-os/internal/iscsi/manager.go:525.3,528.48 2 0
nas-os/internal/iscsi/manager.go:528.48,530.10 2 0
nas-os/internal/iscsi/manager.go:530.10,534.5 3 0
nas-os/internal/iscsi/manager.go:538.3,538.133 1 0
nas-os/internal/iscsi/manager.go:542.2,544.17 2 0
nas-os/internal/iscsi/manager.go:548.33,551.2 2 0
nas-os/internal/iscsi/manager.go:554.32,557.2 2 0
nas-os/internal/iscsi/manager.go:560.35,563.2 2 0
nas-os/internal/iscsi/manager.go:566.45,569.16 3 1
nas-os/internal/iscsi/manager.go:569.16,571.3 1 1
nas-os/internal/iscsi/manager.go:572.2,572.59 1 0
nas-os/internal/iscsi/manager.go:576.49,581.13 4 1
nas-os/internal/iscsi/manager.go:581.13,583.3 1 1
nas-os/internal/iscsi/manager.go:585.2,588.29 3 1
nas-os/internal/iscsi/manager.go:592.50,597.13 4 1
nas-os/internal/iscsi/manager.go:597.13,599.3 1 1
nas-os/internal/iscsi/manager.go:601.2,604.29 3 1
nas-os/internal/iscsi/manager.go:608.39,612.2 3 1
nas-os/internal/iscsi/manager.go:615.48,619.2 3 1
nas-os/internal/iscsi/types.go:153.34,155.2 1 1
