mode: set
nas-os/internal/quota/adapter.go:15.62,17.2 1 0
nas-os/internal/quota/adapter.go:20.61,21.18 1 0
nas-os/internal/quota/adapter.go:21.18,23.3 1 0
nas-os/internal/quota/adapter.go:24.2,25.16 2 0
nas-os/internal/quota/adapter.go:25.16,27.3 1 0
nas-os/internal/quota/adapter.go:28.2,34.3 1 0
nas-os/internal/quota/adapter.go:38.92,40.2 1 0
nas-os/internal/quota/adapter.go:48.54,50.2 1 0
nas-os/internal/quota/adapter.go:53.56,54.18 1 0
nas-os/internal/quota/adapter.go:54.18,56.3 1 0
nas-os/internal/quota/adapter.go:57.2,58.19 2 0
nas-os/internal/quota/adapter.go:62.58,63.18 1 0
nas-os/internal/quota/adapter.go:63.18,65.3 1 0
nas-os/internal/quota/adapter.go:66.2,67.19 2 0
nas-os/internal/quota/adapter.go:71.62,72.18 1 0
nas-os/internal/quota/adapter.go:72.18,74.3 1 0
nas-os/internal/quota/adapter.go:75.2,76.16 2 0
nas-os/internal/quota/adapter.go:76.16,78.3 1 0
nas-os/internal/quota/adapter.go:79.2,79.21 1 0
nas-os/internal/quota/alert_enhanced.go:38.57,52.2 1 0
nas-os/internal/quota/alert_enhanced.go:76.98,85.2 1 0
nas-os/internal/quota/alert_enhanced.go:88.77,92.2 3 0
nas-os/internal/quota/alert_enhanced.go:95.61,99.2 3 0
nas-os/internal/quota/alert_enhanced.go:102.73,106.31 4 0
nas-os/internal/quota/alert_enhanced.go:106.31,108.3 1 0
nas-os/internal/quota/alert_enhanced.go:109.2,109.15 1 0
nas-os/internal/quota/alert_enhanced.go:113.93,120.61 4 0
nas-os/internal/quota/alert_enhanced.go:120.61,121.62 1 0
nas-os/internal/quota/alert_enhanced.go:121.62,123.4 1 0
nas-os/internal/quota/alert_enhanced.go:127.2,127.55 1 0
nas-os/internal/quota/alert_enhanced.go:127.55,128.48 1 0
nas-os/internal/quota/alert_enhanced.go:128.48,130.4 1 0
nas-os/internal/quota/alert_enhanced.go:133.2,133.13 1 0
nas-os/internal/quota/alert_enhanced.go:137.88,146.2 5 0
nas-os/internal/quota/alert_enhanced.go:149.71,153.2 3 0
nas-os/internal/quota/alert_enhanced.go:156.54,161.39 4 0
nas-os/internal/quota/alert_enhanced.go:161.39,162.23 1 0
nas-os/internal/quota/alert_enhanced.go:162.23,165.4 2 0
nas-os/internal/quota/alert_enhanced.go:170.90,171.58 1 0
nas-os/internal/quota/alert_enhanced.go:171.58,173.3 1 0
nas-os/internal/quota/alert_enhanced.go:174.2,174.57 1 0
nas-os/internal/quota/alert_enhanced.go:174.57,176.3 1 0
nas-os/internal/quota/alert_enhanced.go:177.2,177.56 1 0
nas-os/internal/quota/alert_enhanced.go:177.56,179.3 1 0
nas-os/internal/quota/alert_enhanced.go:180.2,180.26 1 0
nas-os/internal/quota/alert_enhanced.go:272.75,280.2 1 0
nas-os/internal/quota/alert_enhanced.go:285.98,289.19 3 0
nas-os/internal/quota/alert_enhanced.go:289.19,291.3 1 0
nas-os/internal/quota/alert_enhanced.go:292.2,296.19 4 0
nas-os/internal/quota/alert_enhanced.go:300.86,305.13 4 0
nas-os/internal/quota/alert_enhanced.go:305.13,307.3 1 0
nas-os/internal/quota/alert_enhanced.go:308.2,308.18 1 0
nas-os/internal/quota/alert_enhanced.go:312.89,317.37 4 0
nas-os/internal/quota/alert_enhanced.go:317.37,318.53 1 0
nas-os/internal/quota/alert_enhanced.go:318.53,320.4 1 0
nas-os/internal/quota/alert_enhanced.go:322.2,322.15 1 0
nas-os/internal/quota/alert_enhanced.go:326.109,331.13 4 0
nas-os/internal/quota/alert_enhanced.go:331.13,333.3 1 0
nas-os/internal/quota/alert_enhanced.go:335.2,339.19 5 0
nas-os/internal/quota/alert_enhanced.go:343.71,347.48 3 0
nas-os/internal/quota/alert_enhanced.go:347.48,349.3 1 0
nas-os/internal/quota/alert_enhanced.go:350.2,351.12 2 0
nas-os/internal/quota/alert_enhanced.go:355.100,360.13 4 0
nas-os/internal/quota/alert_enhanced.go:360.13,362.3 1 0
nas-os/internal/quota/alert_enhanced.go:364.2,364.19 1 0
nas-os/internal/quota/alert_enhanced.go:364.19,366.3 1 0
nas-os/internal/quota/alert_enhanced.go:368.2,379.54 4 0
nas-os/internal/quota/alert_enhanced.go:379.54,381.17 2 0
nas-os/internal/quota/alert_enhanced.go:381.17,383.4 1 0
nas-os/internal/quota/alert_enhanced.go:386.2,386.22 1 0
nas-os/internal/quota/alert_enhanced.go:386.22,388.3 1 0
nas-os/internal/quota/alert_enhanced.go:391.2,391.88 1 0
nas-os/internal/quota/alert_enhanced.go:391.88,392.17 1 0
nas-os/internal/quota/alert_enhanced.go:392.17,394.4 1 0
nas-os/internal/quota/alert_enhanced.go:396.3,396.16 1 0
nas-os/internal/quota/alert_enhanced.go:396.16,398.46 1 0
nas-os/internal/quota/alert_enhanced.go:398.46,399.24 1 0
nas-os/internal/quota/alert_enhanced.go:399.24,401.6 1 0
nas-os/internal/quota/alert_enhanced.go:403.4,403.14 1 0
nas-os/internal/quota/alert_enhanced.go:406.3,407.17 2 0
nas-os/internal/quota/alert_enhanced.go:407.17,409.4 1 0
nas-os/internal/quota/alert_enhanced.go:411.3,412.26 2 0
nas-os/internal/quota/alert_enhanced.go:412.26,414.4 1 0
nas-os/internal/quota/alert_enhanced.go:417.3,417.30 1 0
nas-os/internal/quota/alert_enhanced.go:417.30,420.38 3 0
nas-os/internal/quota/alert_enhanced.go:420.38,421.18 1 0
nas-os/internal/quota/alert_enhanced.go:421.18,423.11 2 0
nas-os/internal/quota/alert_enhanced.go:426.4,426.16 1 0
nas-os/internal/quota/alert_enhanced.go:426.16,428.5 1 0
nas-os/internal/quota/alert_enhanced.go:431.3,442.13 5 0
nas-os/internal/quota/alert_enhanced.go:445.2,445.16 1 0
nas-os/internal/quota/alert_enhanced.go:445.16,447.3 1 0
nas-os/internal/quota/alert_enhanced.go:450.2,450.42 1 0
nas-os/internal/quota/alert_enhanced.go:450.42,454.43 3 0
nas-os/internal/quota/alert_enhanced.go:454.43,455.46 1 0
nas-os/internal/quota/alert_enhanced.go:455.46,456.50 1 0
nas-os/internal/quota/alert_enhanced.go:456.50,458.6 1 0
nas-os/internal/quota/alert_enhanced.go:461.3,461.41 1 0
nas-os/internal/quota/alert_enhanced.go:462.8,464.3 1 0
nas-os/internal/quota/alert_enhanced.go:466.2,473.20 5 0
nas-os/internal/quota/alert_enhanced.go:479.104,483.19 3 0
nas-os/internal/quota/alert_enhanced.go:483.19,485.3 1 0
nas-os/internal/quota/alert_enhanced.go:486.2,490.19 4 0
nas-os/internal/quota/alert_enhanced.go:494.90,499.13 4 0
nas-os/internal/quota/alert_enhanced.go:499.13,501.3 1 0
nas-os/internal/quota/alert_enhanced.go:502.2,502.18 1 0
nas-os/internal/quota/alert_enhanced.go:506.93,511.39 4 0
nas-os/internal/quota/alert_enhanced.go:511.39,512.53 1 0
nas-os/internal/quota/alert_enhanced.go:512.53,514.4 1 0
nas-os/internal/quota/alert_enhanced.go:516.2,516.15 1 0
nas-os/internal/quota/alert_enhanced.go:520.115,525.13 4 0
nas-os/internal/quota/alert_enhanced.go:525.13,527.3 1 0
nas-os/internal/quota/alert_enhanced.go:529.2,533.19 5 0
nas-os/internal/quota/alert_enhanced.go:537.73,541.50 3 0
nas-os/internal/quota/alert_enhanced.go:541.50,543.3 1 0
nas-os/internal/quota/alert_enhanced.go:544.2,545.12 2 0
nas-os/internal/quota/alert_enhanced.go:549.94,554.13 4 0
nas-os/internal/quota/alert_enhanced.go:554.13,556.3 1 0
nas-os/internal/quota/alert_enhanced.go:558.2,558.19 1 0
nas-os/internal/quota/alert_enhanced.go:558.19,560.3 1 0
nas-os/internal/quota/alert_enhanced.go:562.2,573.54 4 0
nas-os/internal/quota/alert_enhanced.go:573.54,575.17 2 0
nas-os/internal/quota/alert_enhanced.go:575.17,577.4 1 0
nas-os/internal/quota/alert_enhanced.go:580.2,580.22 1 0
nas-os/internal/quota/alert_enhanced.go:580.22,582.3 1 0
nas-os/internal/quota/alert_enhanced.go:584.2,588.88 3 0
nas-os/internal/quota/alert_enhanced.go:588.88,589.17 1 0
nas-os/internal/quota/alert_enhanced.go:589.17,591.4 1 0
nas-os/internal/quota/alert_enhanced.go:593.3,593.16 1 0
nas-os/internal/quota/alert_enhanced.go:593.16,595.46 1 0
nas-os/internal/quota/alert_enhanced.go:595.46,596.24 1 0
nas-os/internal/quota/alert_enhanced.go:596.24,598.6 1 0
nas-os/internal/quota/alert_enhanced.go:600.4,600.14 1 0
nas-os/internal/quota/alert_enhanced.go:603.3,604.17 2 0
nas-os/internal/quota/alert_enhanced.go:604.17,606.4 1 0
nas-os/internal/quota/alert_enhanced.go:609.3,610.34 2 0
nas-os/internal/quota/alert_enhanced.go:610.34,611.54 1 0
nas-os/internal/quota/alert_enhanced.go:611.54,613.5 1 0
nas-os/internal/quota/alert_enhanced.go:613.10,615.5 1 0
nas-os/internal/quota/alert_enhanced.go:616.9,618.4 1 0
nas-os/internal/quota/alert_enhanced.go:620.3,620.33 1 0
nas-os/internal/quota/alert_enhanced.go:620.33,622.4 1 0
nas-os/internal/quota/alert_enhanced.go:625.3,625.30 1 0
nas-os/internal/quota/alert_enhanced.go:625.30,628.38 3 0
nas-os/internal/quota/alert_enhanced.go:628.38,629.18 1 0
nas-os/internal/quota/alert_enhanced.go:629.18,631.11 2 0
nas-os/internal/quota/alert_enhanced.go:634.4,634.16 1 0
nas-os/internal/quota/alert_enhanced.go:634.16,636.5 1 0
nas-os/internal/quota/alert_enhanced.go:640.3,640.48 1 0
nas-os/internal/quota/alert_enhanced.go:640.48,642.15 2 0
nas-os/internal/quota/alert_enhanced.go:642.15,644.5 1 0
nas-os/internal/quota/alert_enhanced.go:647.3,656.53 3 0
nas-os/internal/quota/alert_enhanced.go:656.53,658.4 1 0
nas-os/internal/quota/alert_enhanced.go:660.3,665.81 4 0
nas-os/internal/quota/alert_enhanced.go:665.81,667.4 1 0
nas-os/internal/quota/alert_enhanced.go:669.3,669.13 1 0
nas-os/internal/quota/alert_enhanced.go:672.2,672.16 1 0
nas-os/internal/quota/alert_enhanced.go:672.16,674.3 1 0
nas-os/internal/quota/alert_enhanced.go:676.2,683.20 5 0
nas-os/internal/quota/alert_enhanced.go:687.103,690.16 2 0
nas-os/internal/quota/alert_enhanced.go:690.16,692.3 1 0
nas-os/internal/quota/alert_enhanced.go:694.2,698.17 4 0
nas-os/internal/quota/alert_enhanced.go:698.17,700.3 1 0
nas-os/internal/quota/alert_enhanced.go:703.2,703.17 1 0
nas-os/internal/quota/alert_enhanced.go:703.17,705.3 1 0
nas-os/internal/quota/alert_enhanced.go:708.2,708.36 1 0
nas-os/internal/quota/alert_enhanced.go:708.36,709.22 1 0
nas-os/internal/quota/alert_enhanced.go:710.28,711.24 1 0
nas-os/internal/quota/alert_enhanced.go:712.29,713.30 1 0
nas-os/internal/quota/alert_enhanced.go:713.30,716.5 2 0
nas-os/internal/quota/alert_enhanced.go:720.2,720.20 1 0
nas-os/internal/quota/alert_enhanced.go:724.87,729.13 4 0
nas-os/internal/quota/alert_enhanced.go:729.13,731.3 1 0
nas-os/internal/quota/alert_enhanced.go:732.2,732.20 1 0
nas-os/internal/quota/alert_enhanced.go:738.97,742.22 3 0
nas-os/internal/quota/alert_enhanced.go:742.22,744.3 1 0
nas-os/internal/quota/alert_enhanced.go:745.2,749.22 4 0
nas-os/internal/quota/alert_enhanced.go:753.81,758.13 4 0
nas-os/internal/quota/alert_enhanced.go:758.13,760.3 1 0
nas-os/internal/quota/alert_enhanced.go:761.2,761.21 1 0
nas-os/internal/quota/alert_enhanced.go:765.84,770.32 4 0
nas-os/internal/quota/alert_enhanced.go:770.32,771.54 1 0
nas-os/internal/quota/alert_enhanced.go:771.54,773.4 1 0
nas-os/internal/quota/alert_enhanced.go:775.2,775.15 1 0
nas-os/internal/quota/alert_enhanced.go:779.92,784.13 4 0
nas-os/internal/quota/alert_enhanced.go:784.13,786.3 1 0
nas-os/internal/quota/alert_enhanced.go:788.2,791.42 2 0
nas-os/internal/quota/alert_enhanced.go:791.42,792.19 1 0
nas-os/internal/quota/alert_enhanced.go:792.19,794.18 2 0
nas-os/internal/quota/alert_enhanced.go:794.18,796.5 1 0
nas-os/internal/quota/alert_enhanced.go:801.2,801.44 1 0
nas-os/internal/quota/alert_enhanced.go:801.44,802.19 1 0
nas-os/internal/quota/alert_enhanced.go:802.19,804.18 2 0
nas-os/internal/quota/alert_enhanced.go:804.18,806.5 1 0
nas-os/internal/quota/alert_enhanced.go:810.2,810.21 1 0
nas-os/internal/quota/alert_enhanced.go:814.69,828.37 4 0
nas-os/internal/quota/alert_enhanced.go:828.37,830.3 1 0
nas-os/internal/quota/alert_enhanced.go:831.2,831.39 1 0
nas-os/internal/quota/alert_enhanced.go:831.39,833.3 1 0
nas-os/internal/quota/alert_enhanced.go:834.2,834.32 1 0
nas-os/internal/quota/alert_enhanced.go:834.32,836.3 1 0
nas-os/internal/quota/alert_enhanced.go:838.2,839.16 2 0
nas-os/internal/quota/alert_enhanced.go:839.16,841.3 1 0
nas-os/internal/quota/alert_enhanced.go:843.2,843.49 1 0
nas-os/internal/quota/alert_enhanced.go:847.69,848.55 1 0
nas-os/internal/quota/alert_enhanced.go:848.55,850.3 1 0
nas-os/internal/quota/alert_enhanced.go:852.2,853.16 2 0
nas-os/internal/quota/alert_enhanced.go:853.16,855.3 1 0
nas-os/internal/quota/alert_enhanced.go:857.2,863.54 2 0
nas-os/internal/quota/alert_enhanced.go:863.54,865.3 1 0
nas-os/internal/quota/alert_enhanced.go:867.2,870.42 3 0
nas-os/internal/quota/alert_enhanced.go:870.42,872.3 1 0
nas-os/internal/quota/alert_enhanced.go:873.2,873.44 1 0
nas-os/internal/quota/alert_enhanced.go:873.44,875.3 1 0
nas-os/internal/quota/alert_enhanced.go:876.2,876.37 1 0
nas-os/internal/quota/alert_enhanced.go:876.37,878.3 1 0
nas-os/internal/quota/alert_enhanced.go:880.2,880.12 1 0
nas-os/internal/quota/cleanup.go:21.59,26.2 1 1
nas-os/internal/quota/cleanup.go:31.89,36.34 3 1
nas-os/internal/quota/cleanup.go:36.34,38.17 2 1
nas-os/internal/quota/cleanup.go:38.17,40.4 1 1
nas-os/internal/quota/cleanup.go:44.2,44.54 1 1
nas-os/internal/quota/cleanup.go:44.54,46.3 1 0
nas-os/internal/quota/cleanup.go:48.2,72.20 4 1
nas-os/internal/quota/cleanup.go:76.71,81.13 4 1
nas-os/internal/quota/cleanup.go:81.13,83.3 1 0
nas-os/internal/quota/cleanup.go:84.2,84.20 1 1
nas-os/internal/quota/cleanup.go:88.58,93.40 4 0
nas-os/internal/quota/cleanup.go:93.40,95.3 1 0
nas-os/internal/quota/cleanup.go:96.2,96.15 1 0
nas-os/internal/quota/cleanup.go:100.100,105.13 4 0
nas-os/internal/quota/cleanup.go:105.13,107.3 1 0
nas-os/internal/quota/cleanup.go:109.2,109.54 1 0
nas-os/internal/quota/cleanup.go:109.54,111.3 1 0
nas-os/internal/quota/cleanup.go:113.2,130.20 17 0
nas-os/internal/quota/cleanup.go:134.56,138.51 3 0
nas-os/internal/quota/cleanup.go:138.51,140.3 1 0
nas-os/internal/quota/cleanup.go:142.2,144.12 3 0
nas-os/internal/quota/cleanup.go:148.70,153.13 4 1
nas-os/internal/quota/cleanup.go:153.13,155.3 1 0
nas-os/internal/quota/cleanup.go:157.2,160.12 4 1
nas-os/internal/quota/cleanup.go:164.79,165.20 1 1
nas-os/internal/quota/cleanup.go:166.24,167.24 1 1
nas-os/internal/quota/cleanup.go:167.24,169.4 1 0
nas-os/internal/quota/cleanup.go:170.25,171.25 1 0
nas-os/internal/quota/cleanup.go:171.25,173.4 1 0
nas-os/internal/quota/cleanup.go:174.28,175.31 1 0
nas-os/internal/quota/cleanup.go:175.31,177.4 1 0
nas-os/internal/quota/cleanup.go:178.26,179.58 1 0
nas-os/internal/quota/cleanup.go:179.58,181.4 1 0
nas-os/internal/quota/cleanup.go:182.27,183.30 1 0
nas-os/internal/quota/cleanup.go:183.30,185.4 1 0
nas-os/internal/quota/cleanup.go:189.2,189.69 1 1
nas-os/internal/quota/cleanup.go:189.69,191.3 1 0
nas-os/internal/quota/cleanup.go:192.2,192.63 1 1
nas-os/internal/quota/cleanup.go:192.63,194.3 1 0
nas-os/internal/quota/cleanup.go:196.2,196.12 1 1
nas-os/internal/quota/cleanup.go:202.75,207.13 4 0
nas-os/internal/quota/cleanup.go:207.13,209.3 1 0
nas-os/internal/quota/cleanup.go:211.2,211.32 1 0
nas-os/internal/quota/cleanup.go:215.96,220.13 4 0
nas-os/internal/quota/cleanup.go:220.13,222.3 1 0
nas-os/internal/quota/cleanup.go:224.2,224.42 1 0
nas-os/internal/quota/cleanup.go:228.102,239.54 3 0
nas-os/internal/quota/cleanup.go:239.54,241.17 2 0
nas-os/internal/quota/cleanup.go:241.17,243.4 1 0
nas-os/internal/quota/cleanup.go:246.2,246.22 1 0
nas-os/internal/quota/cleanup.go:246.22,249.3 2 0
nas-os/internal/quota/cleanup.go:252.2,253.16 2 0
nas-os/internal/quota/cleanup.go:253.16,256.3 2 0
nas-os/internal/quota/cleanup.go:259.2,259.43 1 0
nas-os/internal/quota/cleanup.go:259.43,263.3 2 0
nas-os/internal/quota/cleanup.go:266.2,266.29 1 0
nas-os/internal/quota/cleanup.go:266.29,268.3 1 0
nas-os/internal/quota/cleanup.go:269.2,275.21 4 0
nas-os/internal/quota/cleanup.go:279.107,283.86 3 0
nas-os/internal/quota/cleanup.go:283.86,284.17 1 0
nas-os/internal/quota/cleanup.go:284.17,286.4 1 0
nas-os/internal/quota/cleanup.go:288.3,288.16 1 0
nas-os/internal/quota/cleanup.go:288.16,290.4 1 0
nas-os/internal/quota/cleanup.go:292.3,293.17 2 0
nas-os/internal/quota/cleanup.go:293.17,295.4 1 0
nas-os/internal/quota/cleanup.go:297.3,300.22 3 0
nas-os/internal/quota/cleanup.go:301.25,303.36 2 0
nas-os/internal/quota/cleanup.go:303.36,306.5 2 0
nas-os/internal/quota/cleanup.go:308.26,309.45 1 0
nas-os/internal/quota/cleanup.go:309.45,313.5 2 0
nas-os/internal/quota/cleanup.go:315.29,316.44 1 0
nas-os/internal/quota/cleanup.go:316.44,318.16 2 0
nas-os/internal/quota/cleanup.go:318.16,321.11 3 0
nas-os/internal/quota/cleanup.go:323.5,323.56 1 0
nas-os/internal/quota/cleanup.go:323.56,324.35 1 0
nas-os/internal/quota/cleanup.go:324.35,327.12 3 0
nas-os/internal/quota/cleanup.go:332.27,334.33 2 0
nas-os/internal/quota/cleanup.go:336.28,337.54 1 0
nas-os/internal/quota/cleanup.go:337.54,339.45 2 0
nas-os/internal/quota/cleanup.go:339.45,342.6 2 0
nas-os/internal/quota/cleanup.go:347.3,347.40 1 0
nas-os/internal/quota/cleanup.go:347.40,348.44 1 0
nas-os/internal/quota/cleanup.go:348.44,350.16 2 0
nas-os/internal/quota/cleanup.go:350.16,352.11 2 0
nas-os/internal/quota/cleanup.go:357.3,357.12 1 0
nas-os/internal/quota/cleanup.go:357.12,366.54 2 0
nas-os/internal/quota/cleanup.go:366.54,368.5 1 0
nas-os/internal/quota/cleanup.go:370.4,370.31 1 0
nas-os/internal/quota/cleanup.go:373.3,373.13 1 0
nas-os/internal/quota/cleanup.go:376.2,376.19 1 0
nas-os/internal/quota/cleanup.go:380.39,382.18 2 1
nas-os/internal/quota/cleanup.go:382.18,384.3 1 0
nas-os/internal/quota/cleanup.go:385.2,386.46 2 1
nas-os/internal/quota/cleanup.go:386.46,389.3 2 1
nas-os/internal/quota/cleanup.go:390.2,390.77 1 1
nas-os/internal/quota/cleanup.go:394.85,411.54 4 0
nas-os/internal/quota/cleanup.go:411.54,413.17 2 0
nas-os/internal/quota/cleanup.go:413.17,415.4 1 0
nas-os/internal/quota/cleanup.go:418.2,418.22 1 0
nas-os/internal/quota/cleanup.go:418.22,424.3 5 0
nas-os/internal/quota/cleanup.go:427.2,428.16 2 0
nas-os/internal/quota/cleanup.go:428.16,434.3 5 0
nas-os/internal/quota/cleanup.go:437.2,437.29 1 0
nas-os/internal/quota/cleanup.go:437.29,438.53 1 0
nas-os/internal/quota/cleanup.go:438.53,440.12 2 0
nas-os/internal/quota/cleanup.go:442.3,444.45 2 0
nas-os/internal/quota/cleanup.go:444.45,446.4 1 0
nas-os/internal/quota/cleanup.go:450.2,454.18 4 0
nas-os/internal/quota/cleanup.go:458.94,462.86 3 0
nas-os/internal/quota/cleanup.go:462.86,463.17 1 0
nas-os/internal/quota/cleanup.go:463.17,465.4 1 0
nas-os/internal/quota/cleanup.go:467.3,467.16 1 0
nas-os/internal/quota/cleanup.go:467.16,469.4 1 0
nas-os/internal/quota/cleanup.go:471.3,472.17 2 0
nas-os/internal/quota/cleanup.go:472.17,474.4 1 0
nas-os/internal/quota/cleanup.go:476.3,477.22 2 0
nas-os/internal/quota/cleanup.go:478.25,481.36 2 0
nas-os/internal/quota/cleanup.go:481.36,483.5 1 0
nas-os/internal/quota/cleanup.go:485.26,487.45 1 0
nas-os/internal/quota/cleanup.go:487.45,489.5 1 0
nas-os/internal/quota/cleanup.go:491.29,493.44 1 0
nas-os/internal/quota/cleanup.go:493.44,495.16 2 0
nas-os/internal/quota/cleanup.go:495.16,497.11 2 0
nas-os/internal/quota/cleanup.go:500.5,500.56 1 0
nas-os/internal/quota/cleanup.go:500.56,501.35 1 0
nas-os/internal/quota/cleanup.go:501.35,503.12 2 0
nas-os/internal/quota/cleanup.go:508.27,511.16 1 0
nas-os/internal/quota/cleanup.go:513.28,515.54 1 0
nas-os/internal/quota/cleanup.go:515.54,517.45 2 0
nas-os/internal/quota/cleanup.go:517.45,519.6 1 0
nas-os/internal/quota/cleanup.go:523.3,523.12 1 0
nas-os/internal/quota/cleanup.go:523.12,525.4 1 0
nas-os/internal/quota/cleanup.go:527.3,527.13 1 0
nas-os/internal/quota/cleanup.go:530.2,530.19 1 0
nas-os/internal/quota/cleanup.go:534.84,535.23 1 0
nas-os/internal/quota/cleanup.go:536.27,537.29 1 0
nas-os/internal/quota/cleanup.go:539.28,541.63 1 0
nas-os/internal/quota/cleanup.go:541.63,543.4 1 0
nas-os/internal/quota/cleanup.go:545.3,546.39 2 0
nas-os/internal/quota/cleanup.go:548.25,550.60 1 0
nas-os/internal/quota/cleanup.go:550.60,552.4 1 0
nas-os/internal/quota/cleanup.go:554.3,555.39 2 0
nas-os/internal/quota/cleanup.go:558.2,558.60 1 0
nas-os/internal/quota/cleanup.go:562.67,567.16 3 0
nas-os/internal/quota/cleanup.go:567.16,569.3 1 0
nas-os/internal/quota/cleanup.go:572.2,572.31 1 0
nas-os/internal/quota/cleanup.go:572.31,573.24 1 0
nas-os/internal/quota/cleanup.go:573.24,574.12 1 0
nas-os/internal/quota/cleanup.go:578.3,580.41 3 0
nas-os/internal/quota/cleanup.go:580.41,582.38 1 0
nas-os/internal/quota/cleanup.go:582.38,584.5 1 0
nas-os/internal/quota/cleanup.go:586.3,589.42 2 0
nas-os/internal/quota/cleanup.go:589.42,590.49 1 0
nas-os/internal/quota/cleanup.go:590.49,592.19 2 0
nas-os/internal/quota/cleanup.go:592.19,593.14 1 0
nas-os/internal/quota/cleanup.go:595.5,595.32 1 0
nas-os/internal/quota/cleanup.go:600.2,600.19 1 0
nas-os/internal/quota/cleanup.go:604.71,606.13 2 0
nas-os/internal/quota/cleanup.go:606.13,608.3 1 0
nas-os/internal/quota/cleanup.go:609.2,609.18 1 0
nas-os/internal/quota/cleanup.go:613.62,615.28 2 0
nas-os/internal/quota/cleanup.go:615.28,617.3 1 0
nas-os/internal/quota/cleanup.go:620.2,620.40 1 0
nas-os/internal/quota/cleanup.go:620.40,622.3 1 0
nas-os/internal/quota/cleanup.go:624.2,624.37 1 0
nas-os/internal/quota/cleanup.go:624.37,626.3 1 0
nas-os/internal/quota/cleanup.go:628.2,628.14 1 0
nas-os/internal/quota/cleanup.go:632.68,636.32 3 0
nas-os/internal/quota/cleanup.go:636.32,637.65 1 0
nas-os/internal/quota/cleanup.go:637.65,640.4 2 0
nas-os/internal/quota/cleanup.go:643.2,643.14 1 0
nas-os/internal/quota/cleanup.go:647.67,651.40 4 1
nas-os/internal/quota/cleanup.go:651.40,652.16 1 1
nas-os/internal/quota/cleanup.go:652.16,654.4 1 1
nas-os/internal/quota/cleanup.go:656.2,660.31 4 1
nas-os/internal/quota/cleanup.go:660.31,663.3 2 0
nas-os/internal/quota/cleanup.go:665.2,671.3 1 1
nas-os/internal/quota/cleanup_unix.go:12.60,13.41 1 0
nas-os/internal/quota/cleanup_unix.go:13.41,15.3 1 0
nas-os/internal/quota/cleanup_unix.go:16.2,16.27 1 0
nas-os/internal/quota/handlers.go:22.42,33.2 4 0
nas-os/internal/quota/handlers.go:36.57,39.2 2 0
nas-os/internal/quota/handlers.go:39.2,58.3 11 0
nas-os/internal/quota/handlers.go:61.2,62.2 2 0
nas-os/internal/quota/handlers.go:62.2,70.3 7 0
nas-os/internal/quota/handlers.go:73.2,74.2 2 0
nas-os/internal/quota/handlers.go:74.2,79.3 4 0
nas-os/internal/quota/handlers.go:82.2,83.2 2 0
nas-os/internal/quota/handlers.go:83.2,90.3 6 0
nas-os/internal/quota/handlers.go:93.2,94.2 2 0
nas-os/internal/quota/handlers.go:94.2,105.3 10 0
nas-os/internal/quota/handlers.go:108.2,109.2 2 0
nas-os/internal/quota/handlers.go:109.2,114.3 4 0
nas-os/internal/quota/handlers.go:117.2,118.2 2 0
nas-os/internal/quota/handlers.go:118.2,123.3 4 0
nas-os/internal/quota/handlers.go:126.2,127.2 2 0
nas-os/internal/quota/handlers.go:127.2,132.3 4 0
nas-os/internal/quota/handlers.go:135.2,136.2 2 0
nas-os/internal/quota/handlers.go:136.2,140.3 3 0
nas-os/internal/quota/handlers.go:143.2,144.2 2 0
nas-os/internal/quota/handlers.go:144.2,148.3 3 0
nas-os/internal/quota/handlers.go:159.41,161.2 1 0
nas-os/internal/quota/handlers.go:163.47,165.2 1 0
nas-os/internal/quota/handlers.go:169.47,174.19 4 0
nas-os/internal/quota/handlers.go:175.14,177.21 2 0
nas-os/internal/quota/handlers.go:177.21,179.4 1 0
nas-os/internal/quota/handlers.go:179.9,181.4 1 0
nas-os/internal/quota/handlers.go:182.15,184.22 2 0
nas-os/internal/quota/handlers.go:184.22,186.4 1 0
nas-os/internal/quota/handlers.go:186.9,188.4 1 0
nas-os/internal/quota/handlers.go:189.10,190.34 1 0
nas-os/internal/quota/handlers.go:194.2,194.22 1 0
nas-os/internal/quota/handlers.go:194.22,196.28 2 0
nas-os/internal/quota/handlers.go:196.28,197.34 1 0
nas-os/internal/quota/handlers.go:197.34,199.5 1 0
nas-os/internal/quota/handlers.go:201.3,201.20 1 0
nas-os/internal/quota/handlers.go:204.2,204.40 1 0
nas-os/internal/quota/handlers.go:207.48,209.47 2 0
nas-os/internal/quota/handlers.go:209.47,212.3 2 0
nas-os/internal/quota/handlers.go:214.2,215.16 2 0
nas-os/internal/quota/handlers.go:215.16,216.14 1 0
nas-os/internal/quota/handlers.go:217.42,218.56 1 0
nas-os/internal/quota/handlers.go:219.23,220.56 1 0
nas-os/internal/quota/handlers.go:221.24,222.58 1 0
nas-os/internal/quota/handlers.go:223.11,224.67 1 0
nas-os/internal/quota/handlers.go:226.3,226.9 1 0
nas-os/internal/quota/handlers.go:229.2,229.44 1 0
nas-os/internal/quota/handlers.go:232.45,235.16 3 0
nas-os/internal/quota/handlers.go:235.16,238.3 2 0
nas-os/internal/quota/handlers.go:239.2,239.39 1 0
nas-os/internal/quota/handlers.go:242.48,245.47 3 0
nas-os/internal/quota/handlers.go:245.47,248.3 2 0
nas-os/internal/quota/handlers.go:250.2,251.16 2 0
nas-os/internal/quota/handlers.go:251.16,252.14 1 0
nas-os/internal/quota/handlers.go:253.25,254.56 1 0
nas-os/internal/quota/handlers.go:255.24,256.58 1 0
nas-os/internal/quota/handlers.go:257.11,258.67 1 0
nas-os/internal/quota/handlers.go:260.3,260.9 1 0
nas-os/internal/quota/handlers.go:263.2,263.39 1 0
nas-os/internal/quota/handlers.go:266.48,268.50 2 0
nas-os/internal/quota/handlers.go:268.50,269.30 1 0
nas-os/internal/quota/handlers.go:269.30,272.4 2 0
nas-os/internal/quota/handlers.go:273.3,274.9 2 0
nas-os/internal/quota/handlers.go:276.2,276.37 1 0
nas-os/internal/quota/handlers.go:279.50,282.16 3 0
nas-os/internal/quota/handlers.go:282.16,283.30 1 0
nas-os/internal/quota/handlers.go:283.30,286.4 2 0
nas-os/internal/quota/handlers.go:287.3,288.9 2 0
nas-os/internal/quota/handlers.go:290.2,290.39 1 0
nas-os/internal/quota/handlers.go:293.47,300.47 2 0
nas-os/internal/quota/handlers.go:300.47,303.3 2 0
nas-os/internal/quota/handlers.go:305.2,306.16 2 0
nas-os/internal/quota/handlers.go:306.16,307.30 1 0
nas-os/internal/quota/handlers.go:307.30,310.4 2 0
nas-os/internal/quota/handlers.go:311.3,312.9 2 0
nas-os/internal/quota/handlers.go:315.2,315.56 1 0
nas-os/internal/quota/handlers.go:320.48,322.16 2 0
nas-os/internal/quota/handlers.go:322.16,325.3 2 0
nas-os/internal/quota/handlers.go:326.2,326.40 1 0
nas-os/internal/quota/handlers.go:329.49,332.16 3 0
nas-os/internal/quota/handlers.go:332.16,335.3 2 0
nas-os/internal/quota/handlers.go:336.2,336.40 1 0
nas-os/internal/quota/handlers.go:339.50,345.27 4 0
nas-os/internal/quota/handlers.go:345.27,347.17 2 0
nas-os/internal/quota/handlers.go:347.17,349.4 1 0
nas-os/internal/quota/handlers.go:352.2,352.40 1 0
nas-os/internal/quota/handlers.go:355.54,357.16 2 0
nas-os/internal/quota/handlers.go:357.16,361.28 3 0
nas-os/internal/quota/handlers.go:361.28,363.18 2 0
nas-os/internal/quota/handlers.go:363.18,365.5 1 0
nas-os/internal/quota/handlers.go:367.3,368.9 2 0
nas-os/internal/quota/handlers.go:372.2,373.16 2 0
nas-os/internal/quota/handlers.go:373.16,376.3 2 0
nas-os/internal/quota/handlers.go:378.2,379.16 2 0
nas-os/internal/quota/handlers.go:379.16,382.3 2 0
nas-os/internal/quota/handlers.go:384.2,384.39 1 0
nas-os/internal/quota/handlers.go:389.46,392.2 2 0
nas-os/internal/quota/handlers.go:394.52,396.36 2 0
nas-os/internal/quota/handlers.go:396.36,398.3 1 0
nas-os/internal/quota/handlers.go:400.2,401.40 2 0
nas-os/internal/quota/handlers.go:404.49,406.51 2 0
nas-os/internal/quota/handlers.go:406.51,409.3 2 0
nas-os/internal/quota/handlers.go:410.2,410.37 1 0
nas-os/internal/quota/handlers.go:413.49,415.51 2 0
nas-os/internal/quota/handlers.go:415.51,418.3 2 0
nas-os/internal/quota/handlers.go:419.2,419.37 1 0
nas-os/internal/quota/handlers.go:422.51,425.2 2 0
nas-os/internal/quota/handlers.go:427.51,429.50 2 0
nas-os/internal/quota/handlers.go:429.50,432.3 2 0
nas-os/internal/quota/handlers.go:434.2,435.37 2 0
nas-os/internal/quota/handlers.go:440.49,444.22 3 0
nas-os/internal/quota/handlers.go:444.22,446.30 2 0
nas-os/internal/quota/handlers.go:446.30,447.34 1 0
nas-os/internal/quota/handlers.go:447.34,449.5 1 0
nas-os/internal/quota/handlers.go:451.3,451.22 1 0
nas-os/internal/quota/handlers.go:454.2,454.42 1 0
nas-os/internal/quota/handlers.go:457.49,459.47 2 0
nas-os/internal/quota/handlers.go:459.47,462.3 2 0
nas-os/internal/quota/handlers.go:464.2,465.16 2 0
nas-os/internal/quota/handlers.go:465.16,466.14 1 0
nas-os/internal/quota/handlers.go:467.26,468.56 1 0
nas-os/internal/quota/handlers.go:469.11,470.58 1 0
nas-os/internal/quota/handlers.go:472.3,472.9 1 0
nas-os/internal/quota/handlers.go:475.2,475.45 1 0
nas-os/internal/quota/handlers.go:478.46,481.16 3 0
nas-os/internal/quota/handlers.go:481.16,484.3 2 0
nas-os/internal/quota/handlers.go:485.2,485.40 1 0
nas-os/internal/quota/handlers.go:488.49,491.47 3 0
nas-os/internal/quota/handlers.go:491.47,494.3 2 0
nas-os/internal/quota/handlers.go:496.2,497.16 2 0
nas-os/internal/quota/handlers.go:497.16,498.14 1 0
nas-os/internal/quota/handlers.go:499.33,500.56 1 0
nas-os/internal/quota/handlers.go:501.11,502.58 1 0
nas-os/internal/quota/handlers.go:504.3,504.9 1 0
nas-os/internal/quota/handlers.go:507.2,507.40 1 0
nas-os/internal/quota/handlers.go:510.49,512.51 2 0
nas-os/internal/quota/handlers.go:512.51,515.3 2 0
nas-os/internal/quota/handlers.go:516.2,516.37 1 0
nas-os/internal/quota/handlers.go:519.49,521.57 2 0
nas-os/internal/quota/handlers.go:521.57,524.3 2 0
nas-os/internal/quota/handlers.go:525.2,525.37 1 0
nas-os/internal/quota/handlers.go:528.50,530.58 2 0
nas-os/internal/quota/handlers.go:530.58,533.3 2 0
nas-os/internal/quota/handlers.go:534.2,534.37 1 0
nas-os/internal/quota/handlers.go:537.46,540.16 3 0
nas-os/internal/quota/handlers.go:540.16,541.38 1 0
nas-os/internal/quota/handlers.go:541.38,544.4 2 0
nas-os/internal/quota/handlers.go:545.3,546.9 2 0
nas-os/internal/quota/handlers.go:548.2,548.38 1 0
nas-os/internal/quota/handlers.go:551.50,554.16 3 0
nas-os/internal/quota/handlers.go:554.16,555.38 1 0
nas-os/internal/quota/handlers.go:555.38,558.4 2 0
nas-os/internal/quota/handlers.go:559.3,560.9 2 0
nas-os/internal/quota/handlers.go:562.2,562.41 1 0
nas-os/internal/quota/handlers.go:565.51,571.26 4 0
nas-os/internal/quota/handlers.go:571.26,572.23 1 0
nas-os/internal/quota/handlers.go:572.23,574.4 1 0
nas-os/internal/quota/handlers.go:577.2,577.42 1 0
nas-os/internal/quota/handlers.go:582.46,584.36 2 0
nas-os/internal/quota/handlers.go:584.36,586.3 1 0
nas-os/internal/quota/handlers.go:588.2,589.39 2 0
nas-os/internal/quota/handlers.go:592.44,595.16 3 0
nas-os/internal/quota/handlers.go:595.16,598.3 2 0
nas-os/internal/quota/handlers.go:599.2,599.38 1 0
nas-os/internal/quota/handlers.go:602.51,604.16 2 0
nas-os/internal/quota/handlers.go:604.16,607.3 2 0
nas-os/internal/quota/handlers.go:608.2,608.39 1 0
nas-os/internal/quota/handlers.go:611.52,614.2 2 0
nas-os/internal/quota/handlers.go:618.53,621.2 2 0
nas-os/internal/quota/handlers.go:623.49,626.2 2 0
nas-os/internal/quota/handlers.go:628.48,631.2 2 0
nas-os/internal/quota/handlers.go:633.45,636.39 3 0
nas-os/internal/quota/handlers.go:636.39,637.50 1 0
nas-os/internal/quota/handlers.go:637.50,639.4 1 0
nas-os/internal/quota/handlers.go:642.2,643.39 2 0
nas-os/internal/quota/handlers.go:650.48,652.28 2 0
nas-os/internal/quota/handlers.go:652.28,654.3 1 0
nas-os/internal/quota/handlers.go:655.2,655.40 1 0
nas-os/internal/quota/handlers.go:658.51,660.47 2 0
nas-os/internal/quota/handlers.go:660.47,663.3 2 0
nas-os/internal/quota/handlers.go:665.2,666.16 2 0
nas-os/internal/quota/handlers.go:666.16,669.3 2 0
nas-os/internal/quota/handlers.go:671.2,672.40 2 0
nas-os/internal/quota/handlers.go:675.46,678.13 3 0
nas-os/internal/quota/handlers.go:678.13,681.3 2 0
nas-os/internal/quota/handlers.go:682.2,682.40 1 0
nas-os/internal/quota/handlers.go:685.49,688.13 3 0
nas-os/internal/quota/handlers.go:688.13,691.3 2 0
nas-os/internal/quota/handlers.go:693.2,697.16 3 0
nas-os/internal/quota/handlers.go:698.13,700.75 2 0
nas-os/internal/quota/handlers.go:701.14,703.76 2 0
nas-os/internal/quota/handlers.go:704.10,706.76 2 0
nas-os/internal/quota/handlers.go:710.2,710.16 1 0
nas-os/internal/quota/handlers.go:711.13,713.40 2 0
nas-os/internal/quota/handlers.go:714.14,716.29 2 0
nas-os/internal/quota/handlers.go:717.10,718.32 1 0
nas-os/internal/quota/handlers.go:733.53,741.2 2 0
nas-os/internal/quota/handlers.go:743.53,745.47 2 0
nas-os/internal/quota/handlers.go:745.47,748.3 2 0
nas-os/internal/quota/handlers.go:750.2,751.30 2 0
nas-os/internal/quota/handlers.go:751.30,753.3 1 0
nas-os/internal/quota/handlers.go:755.2,766.72 2 0
nas-os/internal/quota/handlers.go:769.48,789.15 3 0
nas-os/internal/quota/handlers.go:789.15,794.3 4 0
nas-os/internal/quota/handlers.go:794.8,795.40 1 0
nas-os/internal/quota/handlers.go:795.40,798.4 2 0
nas-os/internal/quota/handlers.go:799.3,799.35 1 0
nas-os/internal/quota/handlers.go:802.2,802.69 1 0
nas-os/internal/quota/handlers.go:815.54,822.2 2 0
nas-os/internal/quota/handlers.go:824.54,826.47 2 0
nas-os/internal/quota/handlers.go:826.47,829.3 2 0
nas-os/internal/quota/handlers.go:831.2,831.18 1 0
nas-os/internal/quota/handlers.go:831.18,835.3 3 0
nas-os/internal/quota/handlers.go:837.2,838.16 2 0
nas-os/internal/quota/handlers.go:838.16,841.3 2 0
nas-os/internal/quota/handlers.go:843.2,843.74 1 0
nas-os/internal/quota/handlers.go:846.51,849.2 2 0
nas-os/internal/quota/handlers.go:918.51,923.20 4 0
nas-os/internal/quota/handlers.go:923.20,925.3 1 0
nas-os/internal/quota/handlers.go:925.8,929.28 3 0
nas-os/internal/quota/handlers.go:929.28,930.31 1 0
nas-os/internal/quota/handlers.go:930.31,932.5 1 0
nas-os/internal/quota/handlers.go:934.3,934.22 1 0
nas-os/internal/quota/handlers.go:938.2,938.22 1 0
nas-os/internal/quota/handlers.go:938.22,940.28 2 0
nas-os/internal/quota/handlers.go:940.28,941.34 1 0
nas-os/internal/quota/handlers.go:941.34,943.5 1 0
nas-os/internal/quota/handlers.go:945.3,945.20 1 0
nas-os/internal/quota/handlers.go:949.2,950.27 2 0
nas-os/internal/quota/handlers.go:950.27,961.17 3 0
nas-os/internal/quota/handlers.go:961.17,967.4 5 0
nas-os/internal/quota/handlers.go:969.3,969.38 1 0
nas-os/internal/quota/handlers.go:972.2,972.43 1 0
nas-os/internal/quota/handlers.go:976.49,979.47 3 0
nas-os/internal/quota/handlers.go:979.47,982.3 2 0
nas-os/internal/quota/handlers.go:985.2,985.83 1 0
nas-os/internal/quota/handlers.go:985.83,988.3 2 0
nas-os/internal/quota/handlers.go:991.2,993.35 3 0
nas-os/internal/quota/handlers.go:993.35,994.37 1 0
nas-os/internal/quota/handlers.go:994.37,996.9 2 0
nas-os/internal/quota/handlers.go:1000.2,1003.26 3 0
nas-os/internal/quota/handlers.go:1003.26,1012.3 1 0
nas-os/internal/quota/handlers.go:1012.8,1021.3 1 0
nas-os/internal/quota/handlers.go:1023.2,1023.16 1 0
nas-os/internal/quota/handlers.go:1023.16,1024.14 1 0
nas-os/internal/quota/handlers.go:1025.24,1026.56 1 0
nas-os/internal/quota/handlers.go:1027.24,1028.58 1 0
nas-os/internal/quota/handlers.go:1029.11,1030.67 1 0
nas-os/internal/quota/handlers.go:1032.3,1032.9 1 0
nas-os/internal/quota/handlers.go:1035.2,1035.39 1 0
nas-os/internal/quota/handlers.go:1039.52,1044.22 4 0
nas-os/internal/quota/handlers.go:1044.22,1047.3 2 0
nas-os/internal/quota/handlers.go:1049.2,1050.27 2 0
nas-os/internal/quota/handlers.go:1050.27,1051.53 1 0
nas-os/internal/quota/handlers.go:1051.53,1052.54 1 0
nas-os/internal/quota/handlers.go:1052.54,1054.5 1 0
nas-os/internal/quota/handlers.go:1058.2,1058.14 1 0
nas-os/internal/quota/handlers.go:1058.14,1061.3 2 0
nas-os/internal/quota/handlers.go:1063.2,1063.72 1 0
nas-os/internal/quota/handlers.go:1067.52,1072.21 4 0
nas-os/internal/quota/handlers.go:1072.21,1074.3 1 0
nas-os/internal/quota/handlers.go:1074.8,1078.28 3 0
nas-os/internal/quota/handlers.go:1078.28,1079.32 1 0
nas-os/internal/quota/handlers.go:1079.32,1081.5 1 0
nas-os/internal/quota/handlers.go:1083.3,1083.23 1 0
nas-os/internal/quota/handlers.go:1087.2,1087.22 1 0
nas-os/internal/quota/handlers.go:1087.22,1089.28 2 0
nas-os/internal/quota/handlers.go:1089.28,1090.34 1 0
nas-os/internal/quota/handlers.go:1090.34,1092.5 1 0
nas-os/internal/quota/handlers.go:1094.3,1094.20 1 0
nas-os/internal/quota/handlers.go:1098.2,1099.27 2 0
nas-os/internal/quota/handlers.go:1099.27,1110.17 3 0
nas-os/internal/quota/handlers.go:1110.17,1116.4 5 0
nas-os/internal/quota/handlers.go:1118.3,1118.38 1 0
nas-os/internal/quota/handlers.go:1121.2,1121.43 1 0
nas-os/internal/quota/handlers.go:1125.50,1128.47 3 0
nas-os/internal/quota/handlers.go:1128.47,1131.3 2 0
nas-os/internal/quota/handlers.go:1134.2,1134.85 1 0
nas-os/internal/quota/handlers.go:1134.85,1137.3 2 0
nas-os/internal/quota/handlers.go:1140.2,1142.35 3 0
nas-os/internal/quota/handlers.go:1142.35,1143.37 1 0
nas-os/internal/quota/handlers.go:1143.37,1145.9 2 0
nas-os/internal/quota/handlers.go:1149.2,1152.26 3 0
nas-os/internal/quota/handlers.go:1152.26,1161.3 1 0
nas-os/internal/quota/handlers.go:1161.8,1170.3 1 0
nas-os/internal/quota/handlers.go:1172.2,1172.16 1 0
nas-os/internal/quota/handlers.go:1172.16,1173.14 1 0
nas-os/internal/quota/handlers.go:1174.25,1175.56 1 0
nas-os/internal/quota/handlers.go:1176.24,1177.58 1 0
nas-os/internal/quota/handlers.go:1178.11,1179.67 1 0
nas-os/internal/quota/handlers.go:1181.3,1181.9 1 0
nas-os/internal/quota/handlers.go:1184.2,1184.39 1 0
nas-os/internal/quota/handlers.go:1188.53,1193.22 4 0
nas-os/internal/quota/handlers.go:1193.22,1196.3 2 0
nas-os/internal/quota/handlers.go:1198.2,1199.27 2 0
nas-os/internal/quota/handlers.go:1199.27,1200.53 1 0
nas-os/internal/quota/handlers.go:1200.53,1201.54 1 0
nas-os/internal/quota/handlers.go:1201.54,1203.5 1 0
nas-os/internal/quota/handlers.go:1207.2,1207.14 1 0
nas-os/internal/quota/handlers.go:1207.14,1210.3 2 0
nas-os/internal/quota/handlers.go:1212.2,1212.72 1 0
nas-os/internal/quota/handlers.go:1216.56,1222.22 3 0
nas-os/internal/quota/handlers.go:1222.22,1224.28 2 0
nas-os/internal/quota/handlers.go:1224.28,1225.34 1 0
nas-os/internal/quota/handlers.go:1225.34,1227.5 1 0
nas-os/internal/quota/handlers.go:1229.3,1229.20 1 0
nas-os/internal/quota/handlers.go:1233.2,1234.27 2 0
nas-os/internal/quota/handlers.go:1234.27,1245.17 3 0
nas-os/internal/quota/handlers.go:1245.17,1251.4 5 0
nas-os/internal/quota/handlers.go:1253.3,1253.38 1 0
nas-os/internal/quota/handlers.go:1256.2,1256.43 1 0
nas-os/internal/quota/handlers.go:1260.54,1262.47 2 0
nas-os/internal/quota/handlers.go:1262.47,1265.3 2 0
nas-os/internal/quota/handlers.go:1268.2,1273.26 4 0
nas-os/internal/quota/handlers.go:1273.26,1283.3 1 0
nas-os/internal/quota/handlers.go:1283.8,1293.3 1 0
nas-os/internal/quota/handlers.go:1295.2,1295.16 1 0
nas-os/internal/quota/handlers.go:1295.16,1296.14 1 0
nas-os/internal/quota/handlers.go:1297.24,1298.58 1 0
nas-os/internal/quota/handlers.go:1299.11,1300.67 1 0
nas-os/internal/quota/handlers.go:1302.3,1302.9 1 0
nas-os/internal/quota/handlers.go:1305.2,1305.39 1 0
nas-os/internal/quota/handlers.go:1309.57,1312.55 2 0
nas-os/internal/quota/handlers.go:1312.55,1315.3 2 0
nas-os/internal/quota/handlers.go:1317.2,1317.72 1 0
nas-os/internal/quota/handlers.go:1321.51,1328.21 4 0
nas-os/internal/quota/handlers.go:1328.21,1330.28 2 0
nas-os/internal/quota/handlers.go:1330.28,1331.35 1 0
nas-os/internal/quota/handlers.go:1331.35,1333.5 1 0
nas-os/internal/quota/handlers.go:1335.3,1335.20 1 0
nas-os/internal/quota/handlers.go:1339.2,1339.18 1 0
nas-os/internal/quota/handlers.go:1339.18,1341.28 2 0
nas-os/internal/quota/handlers.go:1341.28,1342.34 1 0
nas-os/internal/quota/handlers.go:1342.34,1344.5 1 0
nas-os/internal/quota/handlers.go:1346.3,1346.20 1 0
nas-os/internal/quota/handlers.go:1350.2,1351.40 2 0
nas-os/internal/quota/handlers.go:1351.40,1353.37 2 0
nas-os/internal/quota/handlers.go:1353.37,1355.4 1 0
nas-os/internal/quota/handlers.go:1356.3,1356.44 1 0
nas-os/internal/quota/handlers.go:1359.2,1359.40 1 0
nas-os/internal/quota/handlers.go:1363.51,1378.57 6 0
nas-os/internal/quota/handlers.go:1378.57,1379.64 1 0
nas-os/internal/quota/handlers.go:1379.64,1381.4 1 0
nas-os/internal/quota/handlers.go:1383.2,1383.51 1 0
nas-os/internal/quota/handlers.go:1383.51,1384.62 1 0
nas-os/internal/quota/handlers.go:1384.62,1386.4 1 0
nas-os/internal/quota/handlers.go:1389.2,1390.16 2 0
nas-os/internal/quota/handlers.go:1390.16,1393.3 2 0
nas-os/internal/quota/handlers.go:1396.2,1397.38 2 0
nas-os/internal/quota/handlers.go:1397.38,1399.17 2 0
nas-os/internal/quota/handlers.go:1400.14,1402.76 2 0
nas-os/internal/quota/handlers.go:1403.15,1405.77 2 0
nas-os/internal/quota/handlers.go:1409.2,1409.40 1 0
nas-os/internal/quota/handlers_enhanced.go:24.58,41.2 7 0
nas-os/internal/quota/handlers_enhanced.go:44.36,47.2 2 0
nas-os/internal/quota/handlers_enhanced.go:50.35,53.2 2 0
nas-os/internal/quota/handlers_enhanced.go:56.73,59.2 2 0
nas-os/internal/quota/handlers_enhanced.go:59.2,67.3 7 0
nas-os/internal/quota/handlers_enhanced.go:70.2,71.2 2 0
nas-os/internal/quota/handlers_enhanced.go:71.2,79.3 7 0
nas-os/internal/quota/handlers_enhanced.go:82.2,83.2 2 0
nas-os/internal/quota/handlers_enhanced.go:83.2,91.3 7 0
nas-os/internal/quota/handlers_enhanced.go:94.2,95.2 2 0
nas-os/internal/quota/handlers_enhanced.go:95.2,102.3 6 0
nas-os/internal/quota/handlers_enhanced.go:105.2,106.2 2 0
nas-os/internal/quota/handlers_enhanced.go:106.2,114.3 7 0
nas-os/internal/quota/handlers_enhanced.go:117.2,118.2 2 0
nas-os/internal/quota/handlers_enhanced.go:118.2,124.3 5 0
nas-os/internal/quota/handlers_enhanced.go:129.63,132.2 2 0
nas-os/internal/quota/handlers_enhanced.go:134.63,136.50 2 0
nas-os/internal/quota/handlers_enhanced.go:136.50,139.3 2 0
nas-os/internal/quota/handlers_enhanced.go:141.2,142.72 2 0
nas-os/internal/quota/handlers_enhanced.go:145.68,148.2 2 0
nas-os/internal/quota/handlers_enhanced.go:150.67,152.51 2 0
nas-os/internal/quota/handlers_enhanced.go:152.51,155.3 2 0
nas-os/internal/quota/handlers_enhanced.go:157.2,157.22 1 0
nas-os/internal/quota/handlers_enhanced.go:157.22,159.3 1 0
nas-os/internal/quota/handlers_enhanced.go:161.2,162.46 2 0
nas-os/internal/quota/handlers_enhanced.go:165.70,168.51 3 0
nas-os/internal/quota/handlers_enhanced.go:168.51,171.3 2 0
nas-os/internal/quota/handlers_enhanced.go:173.2,175.41 3 0
nas-os/internal/quota/handlers_enhanced.go:178.70,182.2 3 0
nas-os/internal/quota/handlers_enhanced.go:184.68,200.36 3 0
nas-os/internal/quota/handlers_enhanced.go:200.36,202.3 1 0
nas-os/internal/quota/handlers_enhanced.go:204.2,208.5 1 0
nas-os/internal/quota/handlers_enhanced.go:213.63,217.2 3 0
nas-os/internal/quota/handlers_enhanced.go:219.64,221.48 2 0
nas-os/internal/quota/handlers_enhanced.go:221.48,224.3 2 0
nas-os/internal/quota/handlers_enhanced.go:226.2,227.16 2 0
nas-os/internal/quota/handlers_enhanced.go:227.16,230.3 2 0
nas-os/internal/quota/handlers_enhanced.go:232.2,232.46 1 0
nas-os/internal/quota/handlers_enhanced.go:235.61,238.16 3 0
nas-os/internal/quota/handlers_enhanced.go:238.16,241.3 2 0
nas-os/internal/quota/handlers_enhanced.go:242.2,242.38 1 0
nas-os/internal/quota/handlers_enhanced.go:245.64,248.48 3 0
nas-os/internal/quota/handlers_enhanced.go:248.48,251.3 2 0
nas-os/internal/quota/handlers_enhanced.go:253.2,254.16 2 0
nas-os/internal/quota/handlers_enhanced.go:254.16,257.3 2 0
nas-os/internal/quota/handlers_enhanced.go:258.2,258.41 1 0
nas-os/internal/quota/handlers_enhanced.go:261.64,263.66 2 0
nas-os/internal/quota/handlers_enhanced.go:263.66,266.3 2 0
nas-os/internal/quota/handlers_enhanced.go:267.2,267.72 1 0
nas-os/internal/quota/handlers_enhanced.go:270.59,273.36 3 0
nas-os/internal/quota/handlers_enhanced.go:273.36,274.49 1 0
nas-os/internal/quota/handlers_enhanced.go:274.49,276.4 1 0
nas-os/internal/quota/handlers_enhanced.go:279.2,280.16 2 0
nas-os/internal/quota/handlers_enhanced.go:280.16,283.3 2 0
nas-os/internal/quota/handlers_enhanced.go:284.2,284.40 1 0
nas-os/internal/quota/handlers_enhanced.go:287.68,290.36 3 0
nas-os/internal/quota/handlers_enhanced.go:290.36,291.49 1 0
nas-os/internal/quota/handlers_enhanced.go:291.49,293.4 1 0
nas-os/internal/quota/handlers_enhanced.go:296.2,297.16 2 0
nas-os/internal/quota/handlers_enhanced.go:297.16,300.3 2 0
nas-os/internal/quota/handlers_enhanced.go:303.2,304.38 2 0
nas-os/internal/quota/handlers_enhanced.go:304.38,306.42 1 0
nas-os/internal/quota/handlers_enhanced.go:306.42,309.4 1 0
nas-os/internal/quota/handlers_enhanced.go:312.2,312.40 1 0
nas-os/internal/quota/handlers_enhanced.go:317.65,321.2 3 0
nas-os/internal/quota/handlers_enhanced.go:323.66,325.48 2 0
nas-os/internal/quota/handlers_enhanced.go:325.48,328.3 2 0
nas-os/internal/quota/handlers_enhanced.go:330.2,331.16 2 0
nas-os/internal/quota/handlers_enhanced.go:331.16,334.3 2 0
nas-os/internal/quota/handlers_enhanced.go:336.2,336.46 1 0
nas-os/internal/quota/handlers_enhanced.go:339.63,342.16 3 0
nas-os/internal/quota/handlers_enhanced.go:342.16,345.3 2 0
nas-os/internal/quota/handlers_enhanced.go:346.2,346.38 1 0
nas-os/internal/quota/handlers_enhanced.go:349.66,352.48 3 0
nas-os/internal/quota/handlers_enhanced.go:352.48,355.3 2 0
nas-os/internal/quota/handlers_enhanced.go:357.2,358.16 2 0
nas-os/internal/quota/handlers_enhanced.go:358.16,361.3 2 0
nas-os/internal/quota/handlers_enhanced.go:362.2,362.41 1 0
nas-os/internal/quota/handlers_enhanced.go:365.66,367.68 2 0
nas-os/internal/quota/handlers_enhanced.go:367.68,370.3 2 0
nas-os/internal/quota/handlers_enhanced.go:371.2,371.72 1 0
nas-os/internal/quota/handlers_enhanced.go:374.61,377.16 3 0
nas-os/internal/quota/handlers_enhanced.go:377.16,380.3 2 0
nas-os/internal/quota/handlers_enhanced.go:381.2,381.40 1 0
nas-os/internal/quota/handlers_enhanced.go:384.70,387.16 3 0
nas-os/internal/quota/handlers_enhanced.go:387.16,390.3 2 0
nas-os/internal/quota/handlers_enhanced.go:391.2,391.40 1 0
nas-os/internal/quota/handlers_enhanced.go:396.57,400.2 3 0
nas-os/internal/quota/handlers_enhanced.go:402.58,404.51 2 0
nas-os/internal/quota/handlers_enhanced.go:404.51,407.3 2 0
nas-os/internal/quota/handlers_enhanced.go:409.2,410.16 2 0
nas-os/internal/quota/handlers_enhanced.go:410.16,413.3 2 0
nas-os/internal/quota/handlers_enhanced.go:415.2,415.46 1 0
nas-os/internal/quota/handlers_enhanced.go:418.55,421.16 3 0
nas-os/internal/quota/handlers_enhanced.go:421.16,424.3 2 0
nas-os/internal/quota/handlers_enhanced.go:425.2,425.41 1 0
nas-os/internal/quota/handlers_enhanced.go:428.58,431.51 3 0
nas-os/internal/quota/handlers_enhanced.go:431.51,434.3 2 0
nas-os/internal/quota/handlers_enhanced.go:436.2,438.16 3 0
nas-os/internal/quota/handlers_enhanced.go:438.16,441.3 2 0
nas-os/internal/quota/handlers_enhanced.go:442.2,442.41 1 0
nas-os/internal/quota/handlers_enhanced.go:445.58,448.2 1 0
nas-os/internal/quota/handlers_enhanced.go:450.59,453.16 3 0
nas-os/internal/quota/handlers_enhanced.go:453.16,456.3 2 0
nas-os/internal/quota/handlers_enhanced.go:457.2,457.41 1 0
nas-os/internal/quota/handlers_enhanced.go:462.57,464.39 2 0
nas-os/internal/quota/handlers_enhanced.go:464.39,465.55 1 0
nas-os/internal/quota/handlers_enhanced.go:465.55,467.4 1 0
nas-os/internal/quota/handlers_enhanced.go:470.2,471.39 2 0
nas-os/internal/quota/handlers_enhanced.go:474.58,477.39 3 0
nas-os/internal/quota/handlers_enhanced.go:477.39,478.55 1 0
nas-os/internal/quota/handlers_enhanced.go:478.55,480.4 1 0
nas-os/internal/quota/handlers_enhanced.go:483.2,484.38 2 0
nas-os/internal/quota/handlers_enhanced.go:487.62,490.39 3 0
nas-os/internal/quota/handlers_enhanced.go:490.39,491.55 1 0
nas-os/internal/quota/handlers_enhanced.go:491.55,493.4 1 0
nas-os/internal/quota/handlers_enhanced.go:495.2,498.38 3 0
nas-os/internal/quota/handlers_enhanced.go:501.58,504.39 3 0
nas-os/internal/quota/handlers_enhanced.go:504.39,505.55 1 0
nas-os/internal/quota/handlers_enhanced.go:505.55,507.4 1 0
nas-os/internal/quota/handlers_enhanced.go:510.2,511.18 2 0
nas-os/internal/quota/handlers_enhanced.go:511.18,514.3 2 0
nas-os/internal/quota/handlers_enhanced.go:515.2,515.39 1 0
nas-os/internal/quota/handlers_enhanced.go:518.59,521.39 3 0
nas-os/internal/quota/handlers_enhanced.go:521.39,522.55 1 0
nas-os/internal/quota/handlers_enhanced.go:522.55,524.4 1 0
nas-os/internal/quota/handlers_enhanced.go:527.2,528.19 2 0
nas-os/internal/quota/handlers_enhanced.go:528.19,531.3 2 0
nas-os/internal/quota/handlers_enhanced.go:532.2,532.40 1 0
nas-os/internal/quota/handlers_enhanced.go:535.63,538.35 3 0
nas-os/internal/quota/handlers_enhanced.go:538.35,539.49 1 0
nas-os/internal/quota/handlers_enhanced.go:539.49,541.4 1 0
nas-os/internal/quota/handlers_enhanced.go:544.2,545.23 2 0
nas-os/internal/quota/handlers_enhanced.go:545.23,548.3 2 0
nas-os/internal/quota/handlers_enhanced.go:549.2,549.44 1 0
nas-os/internal/quota/handlers_enhanced.go:552.63,557.39 4 0
nas-os/internal/quota/handlers_enhanced.go:557.39,558.55 1 0
nas-os/internal/quota/handlers_enhanced.go:558.55,560.4 1 0
nas-os/internal/quota/handlers_enhanced.go:563.2,564.38 2 0
nas-os/internal/quota/handlers_enhanced.go:585.64,605.27 5 0
nas-os/internal/quota/handlers_enhanced.go:605.27,609.19 3 0
nas-os/internal/quota/handlers_enhanced.go:609.19,611.4 1 0
nas-os/internal/quota/handlers_enhanced.go:612.3,612.19 1 0
nas-os/internal/quota/handlers_enhanced.go:612.19,614.4 1 0
nas-os/internal/quota/handlers_enhanced.go:616.3,616.27 1 0
nas-os/internal/quota/handlers_enhanced.go:616.27,618.4 1 0
nas-os/internal/quota/handlers_enhanced.go:621.2,623.20 3 0
nas-os/internal/quota/handlers_enhanced.go:623.20,625.3 1 0
nas-os/internal/quota/handlers_enhanced.go:628.2,628.27 1 0
nas-os/internal/quota/handlers_enhanced.go:628.27,629.82 1 0
nas-os/internal/quota/handlers_enhanced.go:629.82,631.4 1 0
nas-os/internal/quota/handlers_enhanced.go:634.2,634.41 1 0
nas-os/internal/quota/handlers_enhanced.go:637.63,648.27 3 0
nas-os/internal/quota/handlers_enhanced.go:648.27,650.3 1 0
nas-os/internal/quota/handlers_enhanced.go:652.2,656.5 1 0
nas-os/internal/quota/handlers_enhanced.go:659.63,665.2 3 0
nas-os/internal/quota/handlers_enhanced.go:667.68,671.27 3 0
nas-os/internal/quota/handlers_enhanced.go:671.27,672.27 1 0
nas-os/internal/quota/handlers_enhanced.go:672.27,674.19 2 0
nas-os/internal/quota/handlers_enhanced.go:674.19,676.5 1 0
nas-os/internal/quota/handlers_enhanced.go:680.2,680.45 1 0
nas-os/internal/quota/handlers_enhanced.go:683.72,688.27 3 0
nas-os/internal/quota/handlers_enhanced.go:688.27,690.27 1 0
nas-os/internal/quota/handlers_enhanced.go:690.27,699.4 1 0
nas-os/internal/quota/handlers_enhanced.go:699.9,699.34 1 0
nas-os/internal/quota/handlers_enhanced.go:699.34,708.4 1 0
nas-os/internal/quota/handlers_enhanced.go:711.2,711.49 1 0
nas-os/internal/quota/handlers_v2.go:25.46,47.2 9 0
nas-os/internal/quota/handlers_v2.go:50.30,53.2 2 0
nas-os/internal/quota/handlers_v2.go:56.29,59.2 2 0
nas-os/internal/quota/handlers_v2.go:62.61,65.2 2 0
nas-os/internal/quota/handlers_v2.go:65.2,70.3 4 0
nas-os/internal/quota/handlers_v2.go:73.2,74.2 2 0
nas-os/internal/quota/handlers_v2.go:74.2,81.3 6 0
nas-os/internal/quota/handlers_v2.go:84.2,85.2 2 0
nas-os/internal/quota/handlers_v2.go:85.2,93.3 7 0
nas-os/internal/quota/handlers_v2.go:96.2,97.2 2 0
nas-os/internal/quota/handlers_v2.go:97.2,100.3 2 0
nas-os/internal/quota/handlers_v2.go:103.2,104.2 2 0
nas-os/internal/quota/handlers_v2.go:104.2,108.3 3 0
nas-os/internal/quota/handlers_v2.go:111.2,112.2 2 0
nas-os/internal/quota/handlers_v2.go:112.2,118.3 5 0
nas-os/internal/quota/handlers_v2.go:123.49,132.24 7 0
nas-os/internal/quota/handlers_v2.go:132.24,134.17 2 0
nas-os/internal/quota/handlers_v2.go:134.17,136.4 1 0
nas-os/internal/quota/handlers_v2.go:137.8,139.3 1 0
nas-os/internal/quota/handlers_v2.go:141.2,141.22 1 0
nas-os/internal/quota/handlers_v2.go:141.22,143.17 2 0
nas-os/internal/quota/handlers_v2.go:143.17,145.4 1 0
nas-os/internal/quota/handlers_v2.go:146.8,148.3 1 0
nas-os/internal/quota/handlers_v2.go:150.2,151.20 2 0
nas-os/internal/quota/handlers_v2.go:151.20,152.51 1 0
nas-os/internal/quota/handlers_v2.go:152.51,154.4 1 0
nas-os/internal/quota/handlers_v2.go:157.2,165.41 3 0
nas-os/internal/quota/handlers_v2.go:168.59,173.23 4 0
nas-os/internal/quota/handlers_v2.go:173.23,174.60 1 0
nas-os/internal/quota/handlers_v2.go:174.60,176.4 1 0
nas-os/internal/quota/handlers_v2.go:179.2,183.18 4 0
nas-os/internal/quota/handlers_v2.go:183.18,186.3 2 0
nas-os/internal/quota/handlers_v2.go:188.2,188.39 1 0
nas-os/internal/quota/handlers_v2.go:191.62,195.23 3 0
nas-os/internal/quota/handlers_v2.go:195.23,196.60 1 0
nas-os/internal/quota/handlers_v2.go:196.60,198.4 1 0
nas-os/internal/quota/handlers_v2.go:201.2,205.39 4 0
nas-os/internal/quota/handlers_v2.go:208.51,210.49 2 0
nas-os/internal/quota/handlers_v2.go:210.49,213.3 2 0
nas-os/internal/quota/handlers_v2.go:215.2,215.28 1 0
nas-os/internal/quota/handlers_v2.go:215.28,218.3 2 0
nas-os/internal/quota/handlers_v2.go:219.2,219.26 1 0
nas-os/internal/quota/handlers_v2.go:219.26,222.3 2 0
nas-os/internal/quota/handlers_v2.go:223.2,223.22 1 0
nas-os/internal/quota/handlers_v2.go:223.22,225.3 1 0
nas-os/internal/quota/handlers_v2.go:227.2,228.41 2 0
nas-os/internal/quota/handlers_v2.go:233.51,235.47 2 0
nas-os/internal/quota/handlers_v2.go:235.47,238.3 2 0
nas-os/internal/quota/handlers_v2.go:241.2,241.28 1 0
nas-os/internal/quota/handlers_v2.go:241.28,243.3 1 0
nas-os/internal/quota/handlers_v2.go:244.2,244.26 1 0
nas-os/internal/quota/handlers_v2.go:244.26,246.3 1 0
nas-os/internal/quota/handlers_v2.go:248.2,249.16 2 0
nas-os/internal/quota/handlers_v2.go:249.16,252.3 2 0
nas-os/internal/quota/handlers_v2.go:254.2,254.38 1 0
nas-os/internal/quota/handlers_v2.go:257.51,262.23 4 0
nas-os/internal/quota/handlers_v2.go:262.23,263.60 1 0
nas-os/internal/quota/handlers_v2.go:263.60,265.4 1 0
nas-os/internal/quota/handlers_v2.go:268.2,276.16 3 0
nas-os/internal/quota/handlers_v2.go:276.16,279.3 2 0
nas-os/internal/quota/handlers_v2.go:281.2,281.38 1 0
nas-os/internal/quota/handlers_v2.go:284.50,295.16 4 0
nas-os/internal/quota/handlers_v2.go:295.16,298.3 2 0
nas-os/internal/quota/handlers_v2.go:300.2,300.38 1 0
nas-os/internal/quota/handlers_v2.go:303.50,314.16 4 0
nas-os/internal/quota/handlers_v2.go:314.16,317.3 2 0
nas-os/internal/quota/handlers_v2.go:319.2,319.38 1 0
nas-os/internal/quota/handlers_v2.go:322.52,333.16 4 0
nas-os/internal/quota/handlers_v2.go:333.16,336.3 2 0
nas-os/internal/quota/handlers_v2.go:338.2,338.38 1 0
nas-os/internal/quota/handlers_v2.go:341.54,346.23 4 0
nas-os/internal/quota/handlers_v2.go:346.23,347.60 1 0
nas-os/internal/quota/handlers_v2.go:347.60,349.4 1 0
nas-os/internal/quota/handlers_v2.go:352.2,360.16 3 0
nas-os/internal/quota/handlers_v2.go:360.16,363.3 2 0
nas-os/internal/quota/handlers_v2.go:365.2,365.38 1 0
nas-os/internal/quota/handlers_v2.go:370.62,373.2 2 0
nas-os/internal/quota/handlers_v2.go:375.61,377.51 2 0
nas-os/internal/quota/handlers_v2.go:377.51,380.3 2 0
nas-os/internal/quota/handlers_v2.go:382.2,383.46 2 0
nas-os/internal/quota/handlers_v2.go:386.64,389.51 3 0
nas-os/internal/quota/handlers_v2.go:389.51,392.3 2 0
nas-os/internal/quota/handlers_v2.go:394.2,396.41 3 0
nas-os/internal/quota/handlers_v2.go:399.64,403.2 3 0
nas-os/internal/quota/handlers_v2.go:405.55,411.47 2 0
nas-os/internal/quota/handlers_v2.go:411.47,414.3 2 0
nas-os/internal/quota/handlers_v2.go:417.2,419.27 3 0
nas-os/internal/quota/handlers_v2.go:419.27,420.26 1 0
nas-os/internal/quota/handlers_v2.go:420.26,422.9 2 0
nas-os/internal/quota/handlers_v2.go:427.2,427.24 1 0
nas-os/internal/quota/handlers_v2.go:427.24,438.3 1 0
nas-os/internal/quota/handlers_v2.go:440.2,441.16 2 0
nas-os/internal/quota/handlers_v2.go:441.16,444.3 2 0
nas-os/internal/quota/handlers_v2.go:446.2,446.46 1 0
nas-os/internal/quota/handlers_v2.go:449.61,452.20 3 0
nas-os/internal/quota/handlers_v2.go:452.20,453.51 1 0
nas-os/internal/quota/handlers_v2.go:453.51,455.4 1 0
nas-os/internal/quota/handlers_v2.go:458.2,459.41 2 0
nas-os/internal/quota/handlers_v2.go:462.62,477.16 4 0
nas-os/internal/quota/handlers_v2.go:477.16,480.3 2 0
nas-os/internal/quota/handlers_v2.go:482.2,485.5 1 0
nas-os/internal/quota/handlers_v2.go:490.60,495.23 4 0
nas-os/internal/quota/handlers_v2.go:495.23,496.60 1 0
nas-os/internal/quota/handlers_v2.go:496.60,498.4 1 0
nas-os/internal/quota/handlers_v2.go:501.2,507.16 3 0
nas-os/internal/quota/handlers_v2.go:507.16,510.3 2 0
nas-os/internal/quota/handlers_v2.go:512.2,512.40 1 0
nas-os/internal/quota/handlers_v2.go:515.55,518.18 3 0
nas-os/internal/quota/handlers_v2.go:518.18,520.3 1 0
nas-os/internal/quota/handlers_v2.go:522.2,524.23 3 0
nas-os/internal/quota/handlers_v2.go:524.23,525.60 1 0
nas-os/internal/quota/handlers_v2.go:525.60,527.4 1 0
nas-os/internal/quota/handlers_v2.go:530.2,536.16 3 0
nas-os/internal/quota/handlers_v2.go:536.16,539.3 2 0
nas-os/internal/quota/handlers_v2.go:542.2,543.21 2 0
nas-os/internal/quota/handlers_v2.go:543.21,548.3 3 0
nas-os/internal/quota/handlers_v2.go:548.8,551.3 2 0
nas-os/internal/quota/handlers_v2.go:556.62,560.23 3 0
nas-os/internal/quota/handlers_v2.go:560.23,561.60 1 0
nas-os/internal/quota/handlers_v2.go:561.60,563.4 1 0
nas-os/internal/quota/handlers_v2.go:566.2,572.16 3 0
nas-os/internal/quota/handlers_v2.go:572.16,575.3 2 0
nas-os/internal/quota/handlers_v2.go:577.2,577.40 1 0
nas-os/internal/quota/handlers_v2.go:580.57,582.18 2 0
nas-os/internal/quota/handlers_v2.go:582.18,584.3 1 0
nas-os/internal/quota/handlers_v2.go:586.2,588.23 3 0
nas-os/internal/quota/handlers_v2.go:588.23,589.60 1 0
nas-os/internal/quota/handlers_v2.go:589.60,591.4 1 0
nas-os/internal/quota/handlers_v2.go:594.2,600.16 3 0
nas-os/internal/quota/handlers_v2.go:600.16,603.3 2 0
nas-os/internal/quota/handlers_v2.go:605.2,606.21 2 0
nas-os/internal/quota/handlers_v2.go:606.21,610.3 3 0
nas-os/internal/quota/handlers_v2.go:610.8,613.3 2 0
nas-os/internal/quota/handlers_v2.go:616.55,618.16 2 0
nas-os/internal/quota/handlers_v2.go:618.16,621.3 2 0
nas-os/internal/quota/handlers_v2.go:623.2,627.31 4 0
nas-os/internal/quota/handlers_v2.go:627.31,632.23 4 0
nas-os/internal/quota/handlers_v2.go:632.23,634.4 1 0
nas-os/internal/quota/handlers_v2.go:635.3,635.23 1 0
nas-os/internal/quota/handlers_v2.go:635.23,637.4 1 0
nas-os/internal/quota/handlers_v2.go:639.3,639.21 1 0
nas-os/internal/quota/handlers_v2.go:640.22,641.34 1 0
nas-os/internal/quota/handlers_v2.go:642.23,643.35 1 0
nas-os/internal/quota/handlers_v2.go:647.2,650.33 3 0
nas-os/internal/quota/handlers_v2.go:650.33,652.3 1 0
nas-os/internal/quota/handlers_v2.go:654.2,654.41 1 0
nas-os/internal/quota/handlers_v2.go:659.60,661.16 2 0
nas-os/internal/quota/handlers_v2.go:661.16,664.3 2 0
nas-os/internal/quota/handlers_v2.go:666.2,666.39 1 0
nas-os/internal/quota/handlers_v2.go:669.57,671.16 2 0
nas-os/internal/quota/handlers_v2.go:671.16,674.3 2 0
nas-os/internal/quota/handlers_v2.go:676.2,676.39 1 0
nas-os/internal/quota/handlers_v2.go:679.60,683.16 3 0
nas-os/internal/quota/handlers_v2.go:683.16,686.3 2 0
nas-os/internal/quota/handlers_v2.go:688.2,688.39 1 0
nas-os/internal/quota/handlers_v2.go:691.50,696.20 4 0
nas-os/internal/quota/handlers_v2.go:696.20,697.51 1 0
nas-os/internal/quota/handlers_v2.go:697.51,699.4 1 0
nas-os/internal/quota/handlers_v2.go:702.2,703.16 2 0
nas-os/internal/quota/handlers_v2.go:703.16,706.3 2 0
nas-os/internal/quota/handlers_v2.go:709.2,710.31 2 0
nas-os/internal/quota/handlers_v2.go:710.31,711.34 1 0
nas-os/internal/quota/handlers_v2.go:711.34,712.58 1 0
nas-os/internal/quota/handlers_v2.go:712.58,714.5 1 0
nas-os/internal/quota/handlers_v2.go:719.2,719.36 1 0
nas-os/internal/quota/handlers_v2.go:719.36,720.39 1 0
nas-os/internal/quota/handlers_v2.go:720.39,721.47 1 0
nas-os/internal/quota/handlers_v2.go:721.47,723.5 1 0
nas-os/internal/quota/handlers_v2.go:728.2,728.37 1 0
nas-os/internal/quota/handlers_v2.go:728.37,730.3 1 0
nas-os/internal/quota/handlers_v2.go:732.2,732.39 1 0
nas-os/internal/quota/handlers_v2.go:735.54,737.16 2 0
nas-os/internal/quota/handlers_v2.go:737.16,740.3 2 0
nas-os/internal/quota/handlers_v2.go:742.2,743.39 2 0
nas-os/internal/quota/history.go:26.43,33.2 1 0
nas-os/internal/quota/history.go:102.81,109.2 1 0
nas-os/internal/quota/history.go:112.34,113.30 1 0
nas-os/internal/quota/history.go:113.30,115.3 1 0
nas-os/internal/quota/history.go:117.2,121.12 4 0
nas-os/internal/quota/history.go:125.33,129.15 3 0
nas-os/internal/quota/history.go:129.15,132.3 2 0
nas-os/internal/quota/history.go:135.2,135.32 1 0
nas-os/internal/quota/history.go:135.32,137.3 1 0
nas-os/internal/quota/history.go:141.32,148.6 4 0
nas-os/internal/quota/history.go:148.6,149.10 1 0
nas-os/internal/quota/history.go:150.21,151.10 1 0
nas-os/internal/quota/history.go:152.19,153.18 1 0
nas-os/internal/quota/history.go:159.39,161.16 2 0
nas-os/internal/quota/history.go:161.16,163.3 1 0
nas-os/internal/quota/history.go:165.2,169.31 4 0
nas-os/internal/quota/history.go:169.31,185.3 2 0
nas-os/internal/quota/history.go:188.2,188.20 1 0
nas-os/internal/quota/history.go:192.43,194.42 1 0
nas-os/internal/quota/history.go:194.42,196.3 1 0
nas-os/internal/quota/history.go:199.2,199.32 1 0
nas-os/internal/quota/history.go:199.32,202.31 3 0
nas-os/internal/quota/history.go:202.31,203.33 1 0
nas-os/internal/quota/history.go:203.33,205.10 2 0
nas-os/internal/quota/history.go:208.3,208.19 1 0
nas-os/internal/quota/history.go:208.19,210.4 1 0
nas-os/internal/quota/history.go:215.61,219.21 3 0
nas-os/internal/quota/history.go:219.21,221.3 1 0
nas-os/internal/quota/history.go:222.2,222.31 1 0
nas-os/internal/quota/history.go:222.31,224.3 1 0
nas-os/internal/quota/history.go:226.2,227.20 2 0
nas-os/internal/quota/history.go:231.74,237.30 4 0
nas-os/internal/quota/history.go:237.30,239.56 1 0
nas-os/internal/quota/history.go:239.56,240.12 1 0
nas-os/internal/quota/history.go:244.3,244.65 1 0
nas-os/internal/quota/history.go:244.65,245.12 1 0
nas-os/internal/quota/history.go:249.3,249.69 1 0
nas-os/internal/quota/history.go:249.69,250.12 1 0
nas-os/internal/quota/history.go:252.3,252.64 1 0
nas-os/internal/quota/history.go:252.64,253.12 1 0
nas-os/internal/quota/history.go:256.3,256.29 1 0
nas-os/internal/quota/history.go:260.2,260.50 1 0
nas-os/internal/quota/history.go:260.50,262.3 1 0
nas-os/internal/quota/history.go:264.2,264.15 1 0
nas-os/internal/quota/history.go:268.105,275.23 2 0
nas-os/internal/quota/history.go:275.23,277.3 1 0
nas-os/internal/quota/history.go:279.2,288.57 3 0
nas-os/internal/quota/history.go:288.57,290.3 1 0
nas-os/internal/quota/history.go:291.2,301.28 8 0
nas-os/internal/quota/history.go:301.28,305.39 3 0
nas-os/internal/quota/history.go:305.39,307.4 1 0
nas-os/internal/quota/history.go:308.3,308.39 1 0
nas-os/internal/quota/history.go:308.39,310.4 1 0
nas-os/internal/quota/history.go:311.3,311.45 1 0
nas-os/internal/quota/history.go:311.45,313.4 1 0
nas-os/internal/quota/history.go:314.3,314.45 1 0
nas-os/internal/quota/history.go:314.45,316.4 1 0
nas-os/internal/quota/history.go:318.3,318.19 1 0
nas-os/internal/quota/history.go:318.19,320.4 1 0
nas-os/internal/quota/history.go:321.3,321.19 1 0
nas-os/internal/quota/history.go:321.19,323.4 1 0
nas-os/internal/quota/history.go:324.3,325.41 2 0
nas-os/internal/quota/history.go:325.41,327.4 1 0
nas-os/internal/quota/history.go:330.2,341.25 8 0
nas-os/internal/quota/history.go:341.25,343.3 1 0
nas-os/internal/quota/history.go:346.2,347.14 2 0
nas-os/internal/quota/history.go:347.14,349.3 1 0
nas-os/internal/quota/history.go:351.2,351.14 1 0
nas-os/internal/quota/history.go:355.94,358.36 3 0
nas-os/internal/quota/history.go:358.36,360.3 1 0
nas-os/internal/quota/history.go:361.2,364.30 3 0
nas-os/internal/quota/history.go:364.30,365.61 1 0
nas-os/internal/quota/history.go:365.61,367.4 1 0
nas-os/internal/quota/history.go:370.2,370.14 1 0
nas-os/internal/quota/history.go:374.36,375.32 1 0
nas-os/internal/quota/history.go:375.32,377.3 1 0
nas-os/internal/quota/history.go:379.2,388.16 3 0
nas-os/internal/quota/history.go:388.16,390.3 1 0
nas-os/internal/quota/history.go:392.2,393.52 2 0
nas-os/internal/quota/history.go:397.39,398.32 1 0
nas-os/internal/quota/history.go:398.32,400.3 1 0
nas-os/internal/quota/history.go:402.2,402.65 1 0
nas-os/internal/quota/history.go:402.65,404.3 1 0
nas-os/internal/quota/history.go:406.2,407.16 2 0
nas-os/internal/quota/history.go:407.16,409.3 1 0
nas-os/internal/quota/history.go:411.2,415.54 2 0
nas-os/internal/quota/history.go:415.54,417.3 1 0
nas-os/internal/quota/history.go:419.2,423.12 4 0
nas-os/internal/quota/history.go:530.111,536.2 1 0
nas-os/internal/quota/history.go:539.87,551.28 2 0
nas-os/internal/quota/history.go:551.28,553.3 1 0
nas-os/internal/quota/history.go:554.2,554.26 1 0
nas-os/internal/quota/history.go:554.26,556.3 1 0
nas-os/internal/quota/history.go:558.2,562.23 4 0
nas-os/internal/quota/history.go:563.36,564.43 1 0
nas-os/internal/quota/history.go:565.20,566.42 1 0
nas-os/internal/quota/history.go:567.20,568.42 1 0
nas-os/internal/quota/history.go:569.22,570.44 1 0
nas-os/internal/quota/history.go:571.24,572.46 1 0
nas-os/internal/quota/history.go:573.10,574.43 1 0
nas-os/internal/quota/history.go:579.120,584.23 3 0
nas-os/internal/quota/history.go:584.23,590.3 1 0
nas-os/internal/quota/history.go:590.8,596.3 1 0
nas-os/internal/quota/history.go:599.2,600.28 2 0
nas-os/internal/quota/history.go:600.28,602.3 1 0
nas-os/internal/quota/history.go:605.2,605.33 1 0
nas-os/internal/quota/history.go:605.33,612.26 2 0
nas-os/internal/quota/history.go:612.26,619.4 2 0
nas-os/internal/quota/history.go:622.3,623.52 2 0
nas-os/internal/quota/history.go:627.2,629.22 2 0
nas-os/internal/quota/history.go:633.119,638.16 3 0
nas-os/internal/quota/history.go:638.16,640.3 1 0
nas-os/internal/quota/history.go:643.2,644.27 2 0
nas-os/internal/quota/history.go:644.27,645.52 1 0
nas-os/internal/quota/history.go:645.52,646.12 1 0
nas-os/internal/quota/history.go:648.3,648.61 1 0
nas-os/internal/quota/history.go:648.61,649.12 1 0
nas-os/internal/quota/history.go:651.3,651.33 1 0
nas-os/internal/quota/history.go:654.2,660.29 2 0
nas-os/internal/quota/history.go:660.29,668.3 2 0
nas-os/internal/quota/history.go:670.2,676.22 3 0
nas-os/internal/quota/history.go:680.119,684.16 3 0
nas-os/internal/quota/history.go:684.16,686.3 1 0
nas-os/internal/quota/history.go:689.2,690.27 2 0
nas-os/internal/quota/history.go:690.27,691.61 1 0
nas-os/internal/quota/history.go:691.61,692.12 1 0
nas-os/internal/quota/history.go:694.3,694.34 1 0
nas-os/internal/quota/history.go:697.2,709.33 3 0
nas-os/internal/quota/history.go:709.33,716.3 2 0
nas-os/internal/quota/history.go:718.2,724.22 3 0
nas-os/internal/quota/history.go:728.121,732.16 3 0
nas-os/internal/quota/history.go:732.16,734.3 1 0
nas-os/internal/quota/history.go:736.2,737.23 2 0
nas-os/internal/quota/history.go:737.23,738.28 1 0
nas-os/internal/quota/history.go:738.28,739.32 1 0
nas-os/internal/quota/history.go:739.32,741.10 2 0
nas-os/internal/quota/history.go:744.8,746.22 1 0
nas-os/internal/quota/history.go:746.22,748.4 1 0
nas-os/internal/quota/history.go:751.2,751.24 1 0
nas-os/internal/quota/history.go:751.24,753.3 1 0
nas-os/internal/quota/history.go:755.2,773.22 4 0
nas-os/internal/quota/history.go:777.123,790.28 4 0
nas-os/internal/quota/history.go:790.28,794.31 3 0
nas-os/internal/quota/history.go:794.31,796.4 1 0
nas-os/internal/quota/history.go:797.3,797.43 1 0
nas-os/internal/quota/history.go:800.2,806.39 2 0
nas-os/internal/quota/history.go:806.39,807.34 1 0
nas-os/internal/quota/history.go:807.34,813.4 2 0
nas-os/internal/quota/history.go:816.2,817.22 2 0
nas-os/internal/quota/history.go:821.76,822.20 1 0
nas-os/internal/quota/history.go:822.20,824.3 1 0
nas-os/internal/quota/history.go:826.2,833.25 3 0
nas-os/internal/quota/history.go:833.25,835.26 2 0
nas-os/internal/quota/history.go:835.26,837.4 1 0
nas-os/internal/quota/history.go:838.3,838.26 1 0
nas-os/internal/quota/history.go:838.26,840.4 1 0
nas-os/internal/quota/history.go:843.2,847.20 3 0
nas-os/internal/quota/history.go:847.20,850.16 3 0
nas-os/internal/quota/history.go:850.16,852.4 1 0
nas-os/internal/quota/history.go:854.3,854.23 1 0
nas-os/internal/quota/history.go:854.23,856.4 1 0
nas-os/internal/quota/history.go:856.9,856.31 1 0
nas-os/internal/quota/history.go:856.31,858.4 1 0
nas-os/internal/quota/history.go:858.9,860.4 1 0
nas-os/internal/quota/history.go:863.2,863.14 1 0
nas-os/internal/quota/history.go:867.90,868.23 1 0
nas-os/internal/quota/history.go:868.23,870.3 1 0
nas-os/internal/quota/history.go:872.2,879.28 4 0
nas-os/internal/quota/history.go:879.28,884.48 4 0
nas-os/internal/quota/history.go:884.48,886.4 1 0
nas-os/internal/quota/history.go:887.3,887.47 1 0
nas-os/internal/quota/history.go:887.47,889.4 1 0
nas-os/internal/quota/history.go:891.3,891.35 1 0
nas-os/internal/quota/history.go:891.35,893.4 1 0
nas-os/internal/quota/history.go:896.2,901.23 4 0
nas-os/internal/quota/history.go:901.23,904.26 3 0
nas-os/internal/quota/history.go:904.26,906.4 1 0
nas-os/internal/quota/history.go:909.2,909.16 1 0
nas-os/internal/quota/history.go:913.53,915.9 2 0
nas-os/internal/quota/history.go:916.17,917.18 1 0
nas-os/internal/quota/history.go:918.17,919.22 1 0
nas-os/internal/quota/history.go:920.18,921.23 1 0
nas-os/internal/quota/history.go:922.18,923.25 1 0
nas-os/internal/quota/history.go:924.19,925.24 1 0
nas-os/internal/quota/history.go:926.10,927.88 1 0
nas-os/internal/quota/history.go:984.52,991.2 1 0
nas-os/internal/quota/history.go:994.108,999.13 4 0
nas-os/internal/quota/history.go:999.13,1001.3 1 0
nas-os/internal/quota/history.go:1003.2,1027.16 3 0
nas-os/internal/quota/history.go:1027.16,1030.3 2 0
nas-os/internal/quota/history.go:1030.8,1034.3 3 0
nas-os/internal/quota/history.go:1037.2,1039.35 3 0
nas-os/internal/quota/history.go:1039.35,1041.3 1 0
nas-os/internal/quota/history.go:1042.2,1044.26 2 0
nas-os/internal/quota/history.go:1048.109,1049.40 1 0
nas-os/internal/quota/history.go:1050.27,1051.46 1 0
nas-os/internal/quota/history.go:1052.25,1053.44 1 0
nas-os/internal/quota/history.go:1054.25,1055.44 1 0
nas-os/internal/quota/history.go:1056.27,1057.46 1 0
nas-os/internal/quota/history.go:1058.28,1059.47 1 0
nas-os/internal/quota/history.go:1060.10,1061.66 1 0
nas-os/internal/quota/history.go:1066.112,1068.9 2 0
nas-os/internal/quota/history.go:1068.9,1070.3 1 0
nas-os/internal/quota/history.go:1073.2,1074.12 2 0
nas-os/internal/quota/history.go:1078.110,1080.9 2 0
nas-os/internal/quota/history.go:1080.9,1082.3 1 0
nas-os/internal/quota/history.go:1084.2,1085.12 2 0
nas-os/internal/quota/history.go:1089.110,1091.9 2 0
nas-os/internal/quota/history.go:1091.9,1093.3 1 0
nas-os/internal/quota/history.go:1095.2,1096.12 2 0
nas-os/internal/quota/history.go:1100.112,1102.9 2 0
nas-os/internal/quota/history.go:1102.9,1104.3 1 0
nas-os/internal/quota/history.go:1106.2,1107.12 2 0
nas-os/internal/quota/history.go:1111.113,1113.9 2 0
nas-os/internal/quota/history.go:1113.9,1115.3 1 0
nas-os/internal/quota/history.go:1117.2,1118.12 2 0
nas-os/internal/quota/history.go:1122.63,1123.40 1 0
nas-os/internal/quota/history.go:1124.25,1125.50 1 0
nas-os/internal/quota/history.go:1125.50,1127.4 1 0
nas-os/internal/quota/history.go:1128.27,1129.52 1 0
nas-os/internal/quota/history.go:1129.52,1131.4 1 0
nas-os/internal/quota/history.go:1133.2,1133.11 1 0
nas-os/internal/quota/history.go:1137.72,1141.22 3 0
nas-os/internal/quota/history.go:1141.22,1143.3 1 0
nas-os/internal/quota/history.go:1144.2,1144.34 1 0
nas-os/internal/quota/history.go:1148.56,1152.2 3 0
nas-os/internal/quota/history.go:1155.68,1160.31 4 0
nas-os/internal/quota/history.go:1160.31,1162.3 1 0
nas-os/internal/quota/history.go:1163.2,1163.15 1 0
nas-os/internal/quota/history.go:1167.74,1171.42 3 0
nas-os/internal/quota/history.go:1171.42,1173.3 1 0
nas-os/internal/quota/history.go:1175.2,1177.15 3 0
nas-os/internal/quota/history.go:1247.133,1253.2 1 0
nas-os/internal/quota/history.go:1256.121,1267.16 3 0
nas-os/internal/quota/history.go:1267.16,1269.3 1 0
nas-os/internal/quota/history.go:1272.2,1272.31 1 0
nas-os/internal/quota/history.go:1272.31,1286.23 2 0
nas-os/internal/quota/history.go:1286.23,1288.4 1 0
nas-os/internal/quota/history.go:1288.9,1288.30 1 0
nas-os/internal/quota/history.go:1288.30,1290.4 1 0
nas-os/internal/quota/history.go:1290.9,1292.4 1 0
nas-os/internal/quota/history.go:1294.3,1302.24 6 0
nas-os/internal/quota/history.go:1303.18,1304.33 1 0
nas-os/internal/quota/history.go:1305.19,1306.34 1 0
nas-os/internal/quota/history.go:1311.2,1311.40 1 0
nas-os/internal/quota/history.go:1311.40,1313.3 1 0
nas-os/internal/quota/history.go:1316.2,1318.20 2 0
nas-os/internal/quota/history.go:1322.100,1325.38 2 0
nas-os/internal/quota/history.go:1325.38,1327.3 1 0
nas-os/internal/quota/history.go:1329.2,1329.37 1 0
nas-os/internal/quota/history.go:1329.37,1331.3 1 0
nas-os/internal/quota/history.go:1333.2,1333.41 1 0
nas-os/internal/quota/history.go:1333.41,1335.3 1 0
nas-os/internal/quota/history.go:1337.2,1337.38 1 0
nas-os/internal/quota/history.go:1337.38,1338.30 1 0
nas-os/internal/quota/history.go:1338.30,1340.4 1 0
nas-os/internal/quota/history.go:1343.2,1343.20 1 0
nas-os/internal/quota/history.go:1343.20,1345.3 1 0
nas-os/internal/quota/history.go:1347.2,1347.13 1 0
nas-os/internal/quota/history.go:1351.108,1359.16 3 0
nas-os/internal/quota/history.go:1359.16,1361.3 1 0
nas-os/internal/quota/history.go:1364.2,1365.31 2 0
nas-os/internal/quota/history.go:1365.31,1366.56 1 0
nas-os/internal/quota/history.go:1366.56,1370.4 1 0
nas-os/internal/quota/history.go:1372.3,1378.21 6 0
nas-os/internal/quota/history.go:1379.22,1380.19 1 0
nas-os/internal/quota/history.go:1381.23,1382.20 1 0
nas-os/internal/quota/history.go:1385.3,1385.23 1 0
nas-os/internal/quota/history.go:1385.23,1387.4 1 0
nas-os/internal/quota/history.go:1387.9,1387.30 1 0
nas-os/internal/quota/history.go:1387.30,1389.4 1 0
nas-os/internal/quota/history.go:1393.2,1393.32 1 0
nas-os/internal/quota/history.go:1393.32,1394.25 1 0
nas-os/internal/quota/history.go:1394.25,1396.4 1 0
nas-os/internal/quota/history.go:1397.3,1400.51 4 0
nas-os/internal/quota/history.go:1404.2,1404.40 1 0
nas-os/internal/quota/history.go:1404.40,1406.3 1 0
nas-os/internal/quota/history.go:1409.2,1409.23 1 0
nas-os/internal/quota/history.go:1409.23,1411.3 1 0
nas-os/internal/quota/history.go:1413.2,1413.20 1 0
nas-os/internal/quota/history.go:1470.90,1479.31 4 0
nas-os/internal/quota/history.go:1479.31,1481.49 2 0
nas-os/internal/quota/history.go:1481.49,1484.4 2 0
nas-os/internal/quota/history.go:1487.2,1487.15 1 0
nas-os/internal/quota/history.go:1487.15,1490.33 2 0
nas-os/internal/quota/history.go:1490.33,1492.4 1 0
nas-os/internal/quota/history.go:1492.9,1492.40 1 0
nas-os/internal/quota/history.go:1492.40,1494.4 1 0
nas-os/internal/quota/history.go:1497.2,1497.14 1 0
nas-os/internal/quota/history.go:1533.125,1539.2 1 0
nas-os/internal/quota/history.go:1542.89,1544.16 2 0
nas-os/internal/quota/history.go:1544.16,1546.3 1 0
nas-os/internal/quota/history.go:1548.2,1557.31 2 0
nas-os/internal/quota/history.go:1557.31,1558.57 1 0
nas-os/internal/quota/history.go:1558.57,1559.12 1 0
nas-os/internal/quota/history.go:1562.3,1567.21 5 0
nas-os/internal/quota/history.go:1568.22,1569.55 1 0
nas-os/internal/quota/history.go:1570.23,1571.57 1 0
nas-os/internal/quota/history.go:1572.27,1573.65 1 0
nas-os/internal/quota/history.go:1578.2,1578.26 1 0
nas-os/internal/quota/history.go:1578.26,1580.3 1 0
nas-os/internal/quota/history.go:1583.2,1587.31 3 0
nas-os/internal/quota/history.go:1587.31,1588.57 1 0
nas-os/internal/quota/history.go:1588.57,1590.4 1 0
nas-os/internal/quota/history.go:1594.2,1594.47 1 0
nas-os/internal/quota/history.go:1594.47,1596.3 1 0
nas-os/internal/quota/history.go:1598.2,1598.19 1 0
nas-os/internal/quota/history.go:1602.87,1603.21 1 0
nas-os/internal/quota/history.go:1603.21,1605.3 1 0
nas-os/internal/quota/history.go:1608.2,1611.37 3 0
nas-os/internal/quota/history.go:1611.37,1612.40 1 0
nas-os/internal/quota/history.go:1612.40,1613.49 1 0
nas-os/internal/quota/history.go:1613.49,1615.5 1 0
nas-os/internal/quota/history.go:1619.2,1619.38 1 0
nas-os/internal/quota/history.go:1619.38,1621.3 1 0
nas-os/internal/quota/history.go:1623.2,1623.15 1 0
nas-os/internal/quota/history.go:1627.89,1633.31 4 0
nas-os/internal/quota/history.go:1633.31,1634.24 1 0
nas-os/internal/quota/history.go:1634.24,1636.50 2 0
nas-os/internal/quota/history.go:1636.50,1639.5 2 0
nas-os/internal/quota/history.go:1643.2,1643.15 1 0
nas-os/internal/quota/history.go:1643.15,1645.3 1 0
nas-os/internal/quota/history.go:1648.2,1648.32 1 0
nas-os/internal/quota/history.go:1648.32,1650.32 2 0
nas-os/internal/quota/history.go:1650.32,1652.4 1 0
nas-os/internal/quota/history.go:1654.3,1654.20 1 0
nas-os/internal/quota/history.go:1654.20,1656.4 1 0
nas-os/internal/quota/history.go:1659.2,1659.14 1 0
nas-os/internal/quota/history.go:1663.77,1665.16 2 0
nas-os/internal/quota/history.go:1665.16,1667.3 1 0
nas-os/internal/quota/history.go:1670.2,1671.31 2 0
nas-os/internal/quota/history.go:1671.31,1673.3 1 0
nas-os/internal/quota/history.go:1675.2,1676.36 2 0
nas-os/internal/quota/history.go:1676.36,1678.17 2 0
nas-os/internal/quota/history.go:1678.17,1680.4 1 0
nas-os/internal/quota/history.go:1683.2,1683.20 1 0
nas-os/internal/quota/history.go:1687.71,1689.2 1 0
nas-os/internal/quota/history.go:1692.43,1694.18 2 0
nas-os/internal/quota/history.go:1694.18,1696.3 1 0
nas-os/internal/quota/history.go:1697.2,1698.46 2 0
nas-os/internal/quota/history.go:1698.46,1701.3 2 0
nas-os/internal/quota/history.go:1702.2,1702.77 1 0
nas-os/internal/quota/history.go:1706.45,1708.2 1 0
nas-os/internal/quota/manager.go:57.102,79.22 2 1
nas-os/internal/quota/manager.go:79.22,80.40 1 0
nas-os/internal/quota/manager.go:80.40,82.4 1 0
nas-os/internal/quota/manager.go:86.2,88.15 2 1
nas-os/internal/quota/manager.go:92.27,93.22 1 0
nas-os/internal/quota/manager.go:93.22,95.3 1 0
nas-os/internal/quota/manager.go:99.26,100.22 1 0
nas-os/internal/quota/manager.go:100.22,102.3 1 0
nas-os/internal/quota/manager.go:108.65,113.20 3 1
nas-os/internal/quota/manager.go:114.21,115.74 1 1
nas-os/internal/quota/manager.go:115.74,117.4 1 1
nas-os/internal/quota/manager.go:118.22,119.75 1 1
nas-os/internal/quota/manager.go:119.75,121.4 1 0
nas-os/internal/quota/manager.go:122.26,124.23 1 1
nas-os/internal/quota/manager.go:124.23,126.4 1 0
nas-os/internal/quota/manager.go:127.3,127.56 1 1
nas-os/internal/quota/manager.go:127.56,129.4 1 0
nas-os/internal/quota/manager.go:133.2,133.26 1 1
nas-os/internal/quota/manager.go:133.26,135.3 1 0
nas-os/internal/quota/manager.go:136.2,136.39 1 1
nas-os/internal/quota/manager.go:136.39,138.3 1 0
nas-os/internal/quota/manager.go:141.2,141.29 1 1
nas-os/internal/quota/manager.go:141.29,143.61 1 1
nas-os/internal/quota/manager.go:143.61,145.4 1 0
nas-os/internal/quota/manager.go:148.2,152.29 1 1
nas-os/internal/quota/manager.go:152.29,153.40 1 1
nas-os/internal/quota/manager.go:153.40,155.5 1 1
nas-os/internal/quota/manager.go:156.4,156.25 1 1
nas-os/internal/quota/manager.go:166.2,169.20 2 1
nas-os/internal/quota/manager.go:170.21,171.42 1 1
nas-os/internal/quota/manager.go:171.42,173.4 1 1
nas-os/internal/quota/manager.go:174.3,174.57 1 1
nas-os/internal/quota/manager.go:175.22,176.40 1 1
nas-os/internal/quota/manager.go:177.26,178.34 1 1
nas-os/internal/quota/manager.go:181.2,182.19 2 1
nas-os/internal/quota/manager.go:186.55,191.13 4 1
nas-os/internal/quota/manager.go:191.13,193.3 1 1
nas-os/internal/quota/manager.go:194.2,194.19 1 0
nas-os/internal/quota/manager.go:198.41,203.29 4 1
nas-os/internal/quota/manager.go:203.29,205.3 1 1
nas-os/internal/quota/manager.go:206.2,206.15 1 1
nas-os/internal/quota/manager.go:210.60,215.29 4 1
nas-os/internal/quota/manager.go:215.29,216.56 1 1
nas-os/internal/quota/manager.go:216.56,218.4 1 1
nas-os/internal/quota/manager.go:220.2,220.15 1 1
nas-os/internal/quota/manager.go:224.62,229.29 4 1
nas-os/internal/quota/manager.go:229.29,230.58 1 1
nas-os/internal/quota/manager.go:230.58,232.4 1 1
nas-os/internal/quota/manager.go:234.2,234.15 1 1
nas-os/internal/quota/manager.go:238.66,243.13 4 1
nas-os/internal/quota/manager.go:243.13,245.3 1 1
nas-os/internal/quota/manager.go:246.2,246.19 1 1
nas-os/internal/quota/manager.go:250.50,255.32 4 1
nas-os/internal/quota/manager.go:255.32,257.3 1 1
nas-os/internal/quota/manager.go:258.2,258.15 1 1
nas-os/internal/quota/manager.go:262.76,267.13 4 1
nas-os/internal/quota/manager.go:267.13,269.3 1 0
nas-os/internal/quota/manager.go:272.2,272.26 1 1
nas-os/internal/quota/manager.go:272.26,274.3 1 0
nas-os/internal/quota/manager.go:275.2,275.39 1 1
nas-os/internal/quota/manager.go:275.39,277.3 1 0
nas-os/internal/quota/manager.go:279.2,284.19 5 1
nas-os/internal/quota/manager.go:288.48,293.13 4 1
nas-os/internal/quota/manager.go:293.13,295.3 1 0
nas-os/internal/quota/manager.go:298.2,298.33 1 1
nas-os/internal/quota/manager.go:298.33,299.57 1 1
nas-os/internal/quota/manager.go:299.57,301.4 1 1
[...]
nas-os/internal/quota/monitor.go:420.16,423.3 2 0
nas-os/internal/quota/monitor.go:425.2,429.16 4 0
nas-os/internal/quota/monitor.go:429.16,432.3 2 0
nas-os/internal/quota/monitor.go:433.2,433.15 1 0
nas-os/internal/quota/monitor.go:433.15,433.40 1 0
nas-os/internal/quota/monitor.go:435.2,435.53 1 0
nas-os/internal/quota/monitor.go:435.53,438.3 2 0
nas-os/internal/quota/monitor.go:440.2,440.67 1 0
nas-os/internal/quota/monitor.go:444.50,459.30 7 1
nas-os/internal/quota/monitor.go:459.30,461.3 1 0
nas-os/internal/quota/monitor.go:463.2,463.38 1 1
nas-os/internal/quota/monitor.go:467.85,472.23 4 1
nas-os/internal/quota/monitor.go:472.23,474.3 1 0
nas-os/internal/quota/monitor.go:476.2,478.32 3 1
nas-os/internal/quota/monitor.go:478.32,479.36 1 1
nas-os/internal/quota/monitor.go:479.36,481.4 1 1
nas-os/internal/quota/monitor.go:484.2,484.15 1 1
nas-os/internal/quota/monitor.go:488.63,493.22 4 1
nas-os/internal/quota/monitor.go:493.22,495.3 1 1
nas-os/internal/quota/monitor.go:498.2,502.19 4 0
nas-os/internal/quota/monitor.go:502.19,504.3 1 0
nas-os/internal/quota/monitor.go:506.2,507.29 2 0
nas-os/internal/quota/monitor.go:511.73,513.21 2 1
nas-os/internal/quota/monitor.go:513.21,515.3 1 1
nas-os/internal/quota/monitor.go:518.2,522.23 4 0
nas-os/internal/quota/monitor.go:522.23,524.3 1 0
nas-os/internal/quota/monitor.go:526.2,529.20 3 0
nas-os/internal/quota/monitor.go:529.20,531.3 1 0
nas-os/internal/quota/monitor.go:533.2,534.24 2 0
nas-os/internal/quota/monitor.go:538.61,553.2 7 1
nas-os/internal/quota/monitor.go:556.56,562.44 4 0
nas-os/internal/quota/monitor.go:562.44,565.33 2 0
nas-os/internal/quota/monitor.go:565.33,566.37 1 0
nas-os/internal/quota/monitor.go:566.37,568.10 2 0
nas-os/internal/quota/monitor.go:572.3,572.19 1 0
nas-os/internal/quota/monitor.go:572.19,574.4 1 0
nas-os/internal/quota/monitor.go:581.85,586.23 4 0
nas-os/internal/quota/monitor.go:586.23,588.3 1 0
nas-os/internal/quota/monitor.go:591.2,593.32 3 0
nas-os/internal/quota/monitor.go:593.32,594.36 1 0
nas-os/internal/quota/monitor.go:594.36,596.4 1 0
nas-os/internal/quota/monitor.go:599.2,599.24 1 0
nas-os/internal/quota/monitor.go:599.24,601.3 1 0
nas-os/internal/quota/monitor.go:603.2,617.33 7 0
nas-os/internal/quota/monitor.go:617.33,621.43 3 0
nas-os/internal/quota/monitor.go:621.43,623.4 1 0
nas-os/internal/quota/monitor.go:624.3,624.43 1 0
nas-os/internal/quota/monitor.go:624.43,626.4 1 0
nas-os/internal/quota/monitor.go:627.3,627.49 1 0
nas-os/internal/quota/monitor.go:627.49,629.4 1 0
nas-os/internal/quota/monitor.go:630.3,630.49 1 0
nas-os/internal/quota/monitor.go:630.49,632.4 1 0
nas-os/internal/quota/monitor.go:635.2,646.33 8 0
nas-os/internal/quota/monitor.go:646.33,647.44 1 0
nas-os/internal/quota/monitor.go:647.44,649.9 2 0
nas-os/internal/quota/monitor.go:654.2,655.28 2 0
nas-os/internal/quota/monitor.go:655.28,657.3 1 0
nas-os/internal/quota/monitor.go:660.2,664.12 4 0
nas-os/internal/quota/monitor.go:664.12,666.36 2 0
nas-os/internal/quota/monitor.go:666.36,669.4 2 0
nas-os/internal/quota/monitor.go:672.2,672.14 1 0
nas-os/internal/quota/monitor.go:676.74,679.30 3 0
nas-os/internal/quota/monitor.go:679.30,681.3 1 0
nas-os/internal/quota/monitor.go:682.2,685.30 3 0
nas-os/internal/quota/monitor.go:685.30,686.51 1 0
nas-os/internal/quota/monitor.go:686.51,689.53 2 0
nas-os/internal/quota/monitor.go:689.53,691.5 1 0
nas-os/internal/quota/monitor.go:692.4,693.28 2 0
nas-os/internal/quota/monitor.go:697.2,697.14 1 0
nas-os/internal/quota/monitor.go:701.65,706.36 4 0
nas-os/internal/quota/monitor.go:706.36,708.3 1 0
nas-os/internal/quota/monitor.go:709.2,709.15 1 0
nas-os/internal/quota/monitor.go:713.69,717.31 3 0
nas-os/internal/quota/monitor.go:717.31,719.3 1 0
nas-os/internal/quota/report.go:39.103,49.2 3 1
nas-os/internal/quota/report.go:52.34,56.19 3 0
nas-os/internal/quota/report.go:56.19,58.3 1 0
nas-os/internal/quota/report.go:63.103,68.24 3 0
nas-os/internal/quota/report.go:68.24,70.3 1 0
nas-os/internal/quota/report.go:73.2,75.16 3 0
nas-os/internal/quota/report.go:75.16,77.3 1 0
nas-os/internal/quota/report.go:80.2,80.53 1 0
nas-os/internal/quota/report.go:80.53,82.3 1 0
nas-os/internal/quota/report.go:85.2,88.12 3 0
nas-os/internal/quota/report.go:92.83,94.16 2 0
nas-os/internal/quota/report.go:94.16,97.3 2 0
nas-os/internal/quota/report.go:100.2,101.47 2 0
nas-os/internal/quota/report.go:101.47,104.3 2 0
nas-os/internal/quota/report.go:107.2,107.59 1 0
nas-os/internal/quota/report.go:107.59,110.3 2 0
nas-os/internal/quota/report.go:112.2,112.64 1 0
nas-os/internal/quota/report.go:116.78,118.22 1 1
nas-os/internal/quota/report.go:118.22,120.3 1 1
nas-os/internal/quota/report.go:123.2,127.26 2 1
nas-os/internal/quota/report.go:127.26,129.3 1 0
nas-os/internal/quota/report.go:130.2,130.24 1 1
nas-os/internal/quota/report.go:130.24,132.3 1 0
nas-os/internal/quota/report.go:134.2,146.18 3 1
nas-os/internal/quota/report.go:147.25,148.52 1 1
nas-os/internal/quota/report.go:150.22,152.17 2 1
nas-os/internal/quota/report.go:152.17,154.4 1 0
nas-os/internal/quota/report.go:155.3,155.27 1 1
nas-os/internal/quota/report.go:157.23,159.17 2 1
nas-os/internal/quota/report.go:159.17,161.4 1 0
nas-os/internal/quota/report.go:162.3,162.27 1 1
nas-os/internal/quota/report.go:164.24,166.17 2 0
nas-os/internal/quota/report.go:166.17,168.4 1 0
nas-os/internal/quota/report.go:169.3,169.27 1 0
nas-os/internal/quota/report.go:171.23,173.17 2 0
nas-os/internal/quota/report.go:173.17,175.4 1 0
nas-os/internal/quota/report.go:176.3,176.27 1 0
nas-os/internal/quota/report.go:178.10,179.67 1 0
nas-os/internal/quota/report.go:182.2,182.20 1 1
nas-os/internal/quota/report.go:186.78,194.31 4 1
nas-os/internal/quota/report.go:194.31,199.23 4 1
nas-os/internal/quota/report.go:199.23,201.4 1 0
nas-os/internal/quota/report.go:202.3,202.23 1 1
nas-os/internal/quota/report.go:202.23,204.4 1 0
nas-os/internal/quota/report.go:207.2,207.33 1 1
nas-os/internal/quota/report.go:207.33,209.3 1 1
nas-os/internal/quota/report.go:211.2,214.22 2 1
nas-os/internal/quota/report.go:214.22,218.3 3 1
nas-os/internal/quota/report.go:220.2,220.16 1 1
nas-os/internal/quota/report.go:224.83,230.31 4 1
nas-os/internal/quota/report.go:230.31,232.3 1 1
nas-os/internal/quota/report.go:234.2,239.3 1 1
nas-os/internal/quota/report.go:243.109,246.18 2 1
nas-os/internal/quota/report.go:246.18,249.17 2 1
nas-os/internal/quota/report.go:249.17,251.4 1 0
nas-os/internal/quota/report.go:253.3,257.32 2 1
nas-os/internal/quota/report.go:257.32,262.4 4 1
nas-os/internal/quota/report.go:264.3,264.28 1 1
nas-os/internal/quota/report.go:264.28,266.4 1 1
nas-os/internal/quota/report.go:268.3,268.36 1 1
nas-os/internal/quota/report.go:269.8,274.32 3 0
nas-os/internal/quota/report.go:274.32,275.35 1 0
nas-os/internal/quota/report.go:275.35,277.5 1 0
nas-os/internal/quota/report.go:280.3,280.41 1 0
nas-os/internal/quota/report.go:280.41,286.33 2 0
nas-os/internal/quota/report.go:286.33,290.5 3 0
nas-os/internal/quota/report.go:292.4,292.29 1 0
nas-os/internal/quota/report.go:292.29,294.5 1 0
nas-os/internal/quota/report.go:296.4,296.37 1 0
nas-os/internal/quota/report.go:301.2,301.42 1 1
nas-os/internal/quota/report.go:301.42,303.3 1 0
nas-os/internal/quota/report.go:305.2,305.21 1 1
nas-os/internal/quota/report.go:309.105,312.19 2 1
nas-os/internal/quota/report.go:312.19,315.32 2 1
nas-os/internal/quota/report.go:315.32,316.65 1 1
nas-os/internal/quota/report.go:316.65,318.5 1 1
nas-os/internal/quota/report.go:320.3,320.26 1 1
nas-os/internal/quota/report.go:324.2,325.31 2 0
nas-os/internal/quota/report.go:325.31,326.35 1 0
nas-os/internal/quota/report.go:326.35,328.4 1 0
nas-os/internal/quota/report.go:331.2,331.22 1 0
nas-os/internal/quota/report.go:335.117,339.22 3 0
nas-os/internal/quota/report.go:339.22,345.32 2 0
nas-os/internal/quota/report.go:345.32,346.38 1 0
nas-os/internal/quota/report.go:346.38,347.13 1 0
nas-os/internal/quota/report.go:350.4,354.35 4 0
nas-os/internal/quota/report.go:354.35,356.5 1 0
nas-os/internal/quota/report.go:356.10,358.5 1 0
nas-os/internal/quota/report.go:362.3,362.32 1 0
nas-os/internal/quota/report.go:362.32,363.38 1 0
nas-os/internal/quota/report.go:363.38,365.5 1 0
nas-os/internal/quota/report.go:368.3,368.42 1 0
nas-os/internal/quota/report.go:372.2,374.31 2 0
nas-os/internal/quota/report.go:374.31,375.56 1 0
nas-os/internal/quota/report.go:375.56,379.4 1 0
nas-os/internal/quota/report.go:381.3,386.34 5 0
nas-os/internal/quota/report.go:386.34,388.4 1 0
nas-os/internal/quota/report.go:388.9,390.4 1 0
nas-os/internal/quota/report.go:394.2,394.31 1 0
nas-os/internal/quota/report.go:394.31,395.60 1 0
nas-os/internal/quota/report.go:395.60,397.4 1 0
nas-os/internal/quota/report.go:401.2,402.35 2 0
nas-os/internal/quota/report.go:402.35,404.3 1 0
nas-os/internal/quota/report.go:406.2,406.21 1 0
nas-os/internal/quota/report.go:410.90,414.31 3 0
nas-os/internal/quota/report.go:414.31,421.23 2 0
nas-os/internal/quota/report.go:421.23,425.4 3 0
nas-os/internal/quota/report.go:427.3,427.33 1 0
nas-os/internal/quota/report.go:430.2,430.20 1 0
nas-os/internal/quota/report.go:434.85,437.31 2 1
nas-os/internal/quota/report.go:437.31,438.34 1 1
nas-os/internal/quota/report.go:438.34,439.12 1 1
nas-os/internal/quota/report.go:442.3,442.58 1 1
nas-os/internal/quota/report.go:442.58,444.4 1 0
nas-os/internal/quota/report.go:444.9,447.4 2 1
nas-os/internal/quota/report.go:451.2,452.32 2 1
nas-os/internal/quota/report.go:452.32,454.3 1 1
nas-os/internal/quota/report.go:456.2,456.40 1 1
nas-os/internal/quota/report.go:456.40,458.3 1 0
nas-os/internal/quota/report.go:460.2,460.37 1 1
nas-os/internal/quota/report.go:460.37,462.3 1 0
nas-os/internal/quota/report.go:464.2,464.14 1 1
nas-os/internal/quota/report.go:468.86,471.31 2 1
nas-os/internal/quota/report.go:471.31,472.35 1 1
nas-os/internal/quota/report.go:472.35,473.12 1 1
nas-os/internal/quota/report.go:476.3,476.59 1 1
nas-os/internal/quota/report.go:476.59,478.4 1 0
nas-os/internal/quota/report.go:478.9,481.4 2 1
nas-os/internal/quota/report.go:484.2,485.33 2 1
nas-os/internal/quota/report.go:485.33,487.3 1 1
nas-os/internal/quota/report.go:489.2,489.41 1 1
nas-os/internal/quota/report.go:489.41,491.3 1 0
nas-os/internal/quota/report.go:493.2,493.38 1 1
nas-os/internal/quota/report.go:493.38,495.3 1 0
nas-os/internal/quota/report.go:497.2,497.15 1 1
nas-os/internal/quota/report.go:503.81,504.23 1 1
nas-os/internal/quota/report.go:505.24,506.42 1 1
nas-os/internal/quota/report.go:507.23,508.41 1 1
nas-os/internal/quota/report.go:509.24,510.42 1 1
nas-os/internal/quota/report.go:511.10,512.67 1 0
nas-os/internal/quota/report.go:517.79,519.16 2 1
nas-os/internal/quota/report.go:519.16,521.3 1 0
nas-os/internal/quota/report.go:522.2,522.45 1 1
nas-os/internal/quota/report.go:526.78,528.16 2 1
nas-os/internal/quota/report.go:528.16,530.3 1 0
nas-os/internal/quota/report.go:531.2,531.15 1 1
nas-os/internal/quota/report.go:531.15,531.35 1 1
nas-os/internal/quota/report.go:533.2,555.12 7 1
nas-os/internal/quota/report.go:559.79,602.2 3 1
nas-os/internal/quota/trend.go:45.39,63.2 1 0
nas-os/internal/quota/trend.go:193.83,201.2 1 0
nas-os/internal/quota/trend.go:204.36,205.29 1 0
nas-os/internal/quota/trend.go:205.29,208.3 2 0
nas-os/internal/quota/trend.go:212.35,214.28 2 0
nas-os/internal/quota/trend.go:214.28,216.3 1 0
nas-os/internal/quota/trend.go:218.2,218.29 1 0
nas-os/internal/quota/trend.go:218.29,220.3 1 0
nas-os/internal/quota/trend.go:224.41,225.6 1 0
nas-os/internal/quota/trend.go:225.6,226.10 1 0
nas-os/internal/quota/trend.go:227.21,228.10 1 0
nas-os/internal/quota/trend.go:229.28,230.15 1 0
nas-os/internal/quota/trend.go:236.90,245.40 5 0
nas-os/internal/quota/trend.go:245.40,247.3 1 0
nas-os/internal/quota/trend.go:248.2,251.38 2 0
nas-os/internal/quota/trend.go:255.93,256.38 1 0
nas-os/internal/quota/trend.go:256.38,258.3 1 0
nas-os/internal/quota/trend.go:260.2,260.51 1 0
nas-os/internal/quota/trend.go:260.51,267.26 4 0
nas-os/internal/quota/trend.go:267.26,268.47 1 0
nas-os/internal/quota/trend.go:268.47,270.10 2 0
nas-os/internal/quota/trend.go:274.3,274.22 1 0
nas-os/internal/quota/trend.go:274.22,286.4 2 0
nas-os/internal/quota/trend.go:286.9,289.47 2 0
nas-os/internal/quota/trend.go:289.47,291.5 1 0
nas-os/internal/quota/trend.go:292.4,292.47 1 0
nas-os/internal/quota/trend.go:292.47,294.5 1 0
nas-os/internal/quota/trend.go:295.4,295.53 1 0
nas-os/internal/quota/trend.go:295.53,297.5 1 0
nas-os/internal/quota/trend.go:298.4,298.53 1 0
nas-os/internal/quota/trend.go:298.53,300.5 1 0
nas-os/internal/quota/trend.go:302.4,303.148 2 0
nas-os/internal/quota/trend.go:307.3,309.29 3 0
nas-os/internal/quota/trend.go:309.29,310.33 1 0
nas-os/internal/quota/trend.go:310.33,312.5 1 0
nas-os/internal/quota/trend.go:314.3,314.51 1 0
nas-os/internal/quota/trend.go:319.104,324.20 4 0
nas-os/internal/quota/trend.go:324.20,326.3 1 0
nas-os/internal/quota/trend.go:328.2,330.25 3 0
nas-os/internal/quota/trend.go:330.25,331.32 1 0
nas-os/internal/quota/trend.go:331.32,333.4 1 0
nas-os/internal/quota/trend.go:336.2,336.15 1 0
nas-os/internal/quota/trend.go:340.127,345.22 4 0
nas-os/internal/quota/trend.go:345.22,347.3 1 0
nas-os/internal/quota/trend.go:349.2,350.20 2 0
nas-os/internal/quota/trend.go:350.20,352.3 1 0
nas-os/internal/quota/trend.go:354.2,356.25 3 0
nas-os/internal/quota/trend.go:356.25,357.32 1 0
nas-os/internal/quota/trend.go:357.32,359.4 1 0
nas-os/internal/quota/trend.go:362.2,362.15 1 0
nas-os/internal/quota/trend.go:366.99,368.19 2 0
nas-os/internal/quota/trend.go:368.19,370.3 1 0
nas-os/internal/quota/trend.go:372.2,381.25 8 0
nas-os/internal/quota/trend.go:381.25,385.39 3 0
nas-os/internal/quota/trend.go:385.39,387.4 1 0
nas-os/internal/quota/trend.go:388.3,388.39 1 0
nas-os/internal/quota/trend.go:388.39,390.4 1 0
nas-os/internal/quota/trend.go:391.3,391.45 1 0
nas-os/internal/quota/trend.go:391.45,393.4 1 0
nas-os/internal/quota/trend.go:394.3,394.45 1 0
nas-os/internal/quota/trend.go:394.45,396.4 1 0
nas-os/internal/quota/trend.go:399.2,404.25 4 0
nas-os/internal/quota/trend.go:404.25,409.3 4 0
nas-os/internal/quota/trend.go:410.2,417.25 6 0
nas-os/internal/quota/trend.go:417.25,419.3 1 0
nas-os/internal/quota/trend.go:422.2,423.14 2 0
nas-os/internal/quota/trend.go:423.14,425.29 2 0
nas-os/internal/quota/trend.go:425.29,427.4 1 0
nas-os/internal/quota/trend.go:431.2,431.28 1 0
nas-os/internal/quota/trend.go:431.28,433.3 1 0
nas-os/internal/quota/trend.go:436.2,436.33 1 0
nas-os/internal/quota/trend.go:436.33,437.46 1 0
nas-os/internal/quota/trend.go:437.46,439.4 1 0
nas-os/internal/quota/trend.go:439.9,439.53 1 0
nas-os/internal/quota/trend.go:439.53,441.4 1 0
nas-os/internal/quota/trend.go:441.9,443.4 1 0
nas-os/internal/quota/trend.go:446.2,446.14 1 0
nas-os/internal/quota/trend.go:450.86,455.53 4 0
nas-os/internal/quota/trend.go:455.53,457.3 1 0
nas-os/internal/quota/trend.go:459.2,471.13 5 0
nas-os/internal/quota/trend.go:471.13,473.3 1 0
nas-os/internal/quota/trend.go:475.2,479.18 3 0
nas-os/internal/quota/trend.go:479.18,481.3 1 0
nas-os/internal/quota/trend.go:483.2,490.36 4 0
nas-os/internal/quota/trend.go:490.36,500.3 3 0
nas-os/internal/quota/trend.go:503.2,503.31 1 0
nas-os/internal/quota/trend.go:503.31,507.37 3 0
nas-os/internal/quota/trend.go:507.37,510.4 2 0
nas-os/internal/quota/trend.go:513.3,513.64 1 0
nas-os/internal/quota/trend.go:513.64,516.38 3 0
nas-os/internal/quota/trend.go:516.38,519.5 2 0
nas-os/internal/quota/trend.go:523.3,526.73 2 0
nas-os/internal/quota/trend.go:526.73,528.4 1 0
nas-os/internal/quota/trend.go:531.2,531.19 1 0
nas-os/internal/quota/trend.go:535.111,536.20 1 0
nas-os/internal/quota/trend.go:536.20,538.3 1 0
nas-os/internal/quota/trend.go:540.2,543.27 2 0
nas-os/internal/quota/trend.go:543.27,545.3 1 0
nas-os/internal/quota/trend.go:545.8,545.34 1 0
nas-os/internal/quota/trend.go:545.34,547.3 1 0
nas-os/internal/quota/trend.go:550.2,550.20 1 0
nas-os/internal/quota/trend.go:550.20,552.3 1 0
nas-os/internal/quota/trend.go:552.8,552.27 1 0
nas-os/internal/quota/trend.go:552.27,554.3 1 0
nas-os/internal/quota/trend.go:557.2,558.23 2 0
nas-os/internal/quota/trend.go:558.23,560.3 1 0
nas-os/internal/quota/trend.go:562.2,562.19 1 0
nas-os/internal/quota/trend.go:566.104,568.20 2 0
nas-os/internal/quota/trend.go:568.20,570.3 1 0
nas-os/internal/quota/trend.go:572.2,576.13 4 0
nas-os/internal/quota/trend.go:576.13,578.3 1 0
nas-os/internal/quota/trend.go:580.2,598.84 4 0
nas-os/internal/quota/trend.go:598.84,600.3 1 0
nas-os/internal/quota/trend.go:603.2,605.15 2 0
nas-os/internal/quota/trend.go:609.89,612.20 2 0
nas-os/internal/quota/trend.go:612.20,614.3 1 0
nas-os/internal/quota/trend.go:618.2,627.25 8 0
nas-os/internal/quota/trend.go:627.25,629.12 2 0
nas-os/internal/quota/trend.go:629.12,630.41 1 0
nas-os/internal/quota/trend.go:630.41,632.5 1 0
nas-os/internal/quota/trend.go:632.10,632.48 1 0
nas-os/internal/quota/trend.go:632.48,634.5 1 0
nas-os/internal/quota/trend.go:638.2,640.29 3 0
nas-os/internal/quota/trend.go:640.29,642.3 1 0
nas-os/internal/quota/trend.go:645.2,645.30 1 0
nas-os/internal/quota/trend.go:645.30,647.24 2 0
nas-os/internal/quota/trend.go:647.24,655.4 1 0
nas-os/internal/quota/trend.go:659.2,660.25 2 0
nas-os/internal/quota/trend.go:660.25,663.3 2 0
nas-os/internal/quota/trend.go:664.2,667.21 2 0
nas-os/internal/quota/trend.go:667.21,675.3 1 0
nas-os/internal/quota/trend.go:678.2,678.21 1 0
nas-os/internal/quota/trend.go:678.21,680.26 2 0
nas-os/internal/quota/trend.go:680.26,683.4 2 0
nas-os/internal/quota/trend.go:685.3,687.37 3 0
nas-os/internal/quota/trend.go:687.37,689.27 2 0
nas-os/internal/quota/trend.go:689.27,691.5 1 0
nas-os/internal/quota/trend.go:692.4,693.20 2 0
nas-os/internal/quota/trend.go:693.20,696.5 2 0
nas-os/internal/quota/trend.go:699.3,699.17 1 0
nas-os/internal/quota/trend.go:699.17,707.4 1 0
nas-os/internal/quota/trend.go:710.2,710.17 1 0
nas-os/internal/quota/trend.go:714.117,719.19 3 0
nas-os/internal/quota/trend.go:719.19,728.3 1 0
nas-os/internal/quota/trend.go:728.8,728.26 1 0
nas-os/internal/quota/trend.go:728.26,737.3 1 0
nas-os/internal/quota/trend.go:740.2,740.30 1 0
nas-os/internal/quota/trend.go:740.30,741.87 1 0
nas-os/internal/quota/trend.go:741.87,743.46 2 0
nas-os/internal/quota/trend.go:743.46,745.5 1 0
nas-os/internal/quota/trend.go:746.4,753.6 1 0
nas-os/internal/quota/trend.go:758.2,758.39 1 0
nas-os/internal/quota/trend.go:758.39,767.3 1 0
nas-os/internal/quota/trend.go:769.2,769.13 1 0
nas-os/internal/quota/trend.go:773.124,782.23 3 0
nas-os/internal/quota/trend.go:782.23,784.3 1 0
nas-os/internal/quota/trend.go:787.2,791.28 4 0
nas-os/internal/quota/trend.go:791.28,795.3 3 0
nas-os/internal/quota/trend.go:797.2,802.47 4 0
nas-os/internal/quota/trend.go:802.47,804.23 2 0
nas-os/internal/quota/trend.go:804.23,810.30 5 0
nas-os/internal/quota/trend.go:810.30,815.5 4 0
nas-os/internal/quota/trend.go:817.4,822.5 1 0
nas-os/internal/quota/trend.go:827.2,830.32 2 0
nas-os/internal/quota/trend.go:830.32,832.3 1 0
nas-os/internal/quota/trend.go:834.2,834.15 1 0
nas-os/internal/quota/trend.go:838.38,839.32 1 0
nas-os/internal/quota/trend.go:839.32,841.3 1 0
nas-os/internal/quota/trend.go:843.2,857.16 5 0
nas-os/internal/quota/trend.go:857.16,859.3 1 0
nas-os/internal/quota/trend.go:861.2,861.52 1 0
nas-os/internal/quota/trend.go:865.41,866.32 1 0
nas-os/internal/quota/trend.go:866.32,868.3 1 0
nas-os/internal/quota/trend.go:870.2,870.65 1 0
nas-os/internal/quota/trend.go:870.65,872.3 1 0
nas-os/internal/quota/trend.go:874.2,875.16 2 0
nas-os/internal/quota/trend.go:875.16,877.3 1 0
nas-os/internal/quota/trend.go:879.2,884.54 2 0
nas-os/internal/quota/trend.go:884.54,886.3 1 0
nas-os/internal/quota/trend.go:888.2,894.12 5 0
nas-os/internal/quota/trend.go:898.45,904.39 4 0
nas-os/internal/quota/trend.go:904.39,906.26 2 0
nas-os/internal/quota/trend.go:906.26,907.33 1 0
nas-os/internal/quota/trend.go:907.33,909.5 1 0
nas-os/internal/quota/trend.go:911.3,911.32 1 0
