mode: set
nas-os/internal/iscsi/chap.go:18.36,22.2 1 1
nas-os/internal/iscsi/chap.go:25.62,26.18 1 1
nas-os/internal/iscsi/chap.go:26.18,28.3 1 0
nas-os/internal/iscsi/chap.go:30.2,30.19 1 1
nas-os/internal/iscsi/chap.go:30.19,31.27 1 1
nas-os/internal/iscsi/chap.go:31.27,33.4 1 1
nas-os/internal/iscsi/chap.go:34.3,34.25 1 1
nas-os/internal/iscsi/chap.go:34.25,36.4 1 1
nas-os/internal/iscsi/chap.go:37.3,37.29 1 1
nas-os/internal/iscsi/chap.go:37.29,39.4 1 1
nas-os/internal/iscsi/chap.go:40.3,40.29 1 1
nas-os/internal/iscsi/chap.go:40.29,42.4 1 0
nas-os/internal/iscsi/chap.go:44.3,44.19 1 1
nas-os/internal/iscsi/chap.go:44.19,45.30 1 0
nas-os/internal/iscsi/chap.go:45.30,47.5 1 0
nas-os/internal/iscsi/chap.go:48.4,48.32 1 0
nas-os/internal/iscsi/chap.go:48.32,50.5 1 0
nas-os/internal/iscsi/chap.go:51.4,51.68 1 0
nas-os/internal/iscsi/chap.go:51.68,53.5 1 0
nas-os/internal/iscsi/chap.go:57.2,57.12 1 1
nas-os/internal/iscsi/chap.go:61.84,62.36 1 1
nas-os/internal/iscsi/chap.go:62.36,64.3 1 0
nas-os/internal/iscsi/chap.go:66.2,76.15 3 1
nas-os/internal/iscsi/chap.go:80.84,81.18 1 0
nas-os/internal/iscsi/chap.go:81.18,84.3 2 0
nas-os/internal/iscsi/chap.go:86.2,86.41 1 0
nas-os/internal/iscsi/chap.go:90.63,92.13 2 0
nas-os/internal/iscsi/chap.go:92.13,94.3 1 0
nas-os/internal/iscsi/chap.go:97.2,103.3 1 0
nas-os/internal/iscsi/chap.go:107.86,109.32 2 0
nas-os/internal/iscsi/chap.go:109.32,111.3 1 0
nas-os/internal/iscsi/chap.go:112.2,112.45 1 0
nas-os/internal/iscsi/chap.go:116.92,118.50 2 0
nas-os/internal/iscsi/chap.go:118.50,120.3 1 0
nas-os/internal/iscsi/chap.go:121.2,121.53 1 0
nas-os/internal/iscsi/chap.go:125.54,127.2 1 1
nas-os/internal/iscsi/chap.go:130.39,132.44 2 0
nas-os/internal/iscsi/chap.go:132.44,134.3 1 0
nas-os/internal/iscsi/chap.go:135.2,135.39 1 0
nas-os/internal/iscsi/chap.go:139.39,141.44 2 1
nas-os/internal/iscsi/chap.go:141.44,143.3 1 0
nas-os/internal/iscsi/chap.go:144.2,144.39 1 1
nas-os/internal/iscsi/chap.go:148.36,149.15 1 1
nas-os/internal/iscsi/chap.go:149.15,151.3 1 1
nas-os/internal/iscsi/chap.go:155.2,157.16 3 1
nas-os/internal/iscsi/chap.go:157.16,159.3 1 0
nas-os/internal/iscsi/chap.go:160.2,160.14 1 1
nas-os/internal/iscsi/chap.go:160.14,162.3 1 1
nas-os/internal/iscsi/chap.go:163.2,163.12 1 1
nas-os/internal/iscsi/chap.go:167.59,169.16 2 1
nas-os/internal/iscsi/chap.go:169.16,171.3 1 0
nas-os/internal/iscsi/chap.go:175.2,176.54 2 1
nas-os/internal/iscsi/chap.go:176.54,178.3 1 1
nas-os/internal/iscsi/chap.go:179.2,185.11 2 1
nas-os/internal/iscsi/chap.go:189.38,191.2 1 1
nas-os/internal/iscsi/chap.go:194.54,197.2 2 0
nas-os/internal/iscsi/chap.go:200.77,202.32 2 1
nas-os/internal/iscsi/chap.go:202.32,204.3 1 1
nas-os/internal/iscsi/chap.go:206.2,206.63 1 1
nas-os/internal/iscsi/handlers.go:15.42,17.2 1 0
nas-os/internal/iscsi/handlers.go:20.57,22.2 2 0
nas-os/internal/iscsi/handlers.go:22.2,53.3 21 0
nas-os/internal/iscsi/handlers.go:63.41,65.2 1 0
nas-os/internal/iscsi/handlers.go:67.46,69.2 1 0
nas-os/internal/iscsi/handlers.go:80.48,83.2 2 0
nas-os/internal/iscsi/handlers.go:95.49,97.49 2 0
nas-os/internal/iscsi/handlers.go:97.49,100.3 2 0
nas-os/internal/iscsi/handlers.go:102.2,103.16 2 0
nas-os/internal/iscsi/handlers.go:103.16,104.29 1 0
nas-os/internal/iscsi/handlers.go:104.29,107.4 2 0
nas-os/internal/iscsi/handlers.go:108.3,109.9 2 0
nas-os/internal/iscsi/handlers.go:112.2,112.40 1 0
nas-os/internal/iscsi/handlers.go:124.46,127.16 3 0
nas-os/internal/iscsi/handlers.go:127.16,130.3 2 0
nas-os/internal/iscsi/handlers.go:131.2,131.40 1 0
nas-os/internal/iscsi/handlers.go:145.49,148.49 3 0
nas-os/internal/iscsi/handlers.go:148.49,151.3 2 0
nas-os/internal/iscsi/handlers.go:153.2,154.16 2 0
nas-os/internal/iscsi/handlers.go:154.16,155.31 1 0
nas-os/internal/iscsi/handlers.go:155.31,158.4 2 0
nas-os/internal/iscsi/handlers.go:159.3,160.9 2 0
nas-os/internal/iscsi/handlers.go:163.2,163.40 1 0
nas-os/internal/iscsi/handlers.go:175.49,177.51 2 0
nas-os/internal/iscsi/handlers.go:177.51,180.3 2 0
nas-os/internal/iscsi/handlers.go:181.2,181.37 1 0
nas-os/internal/iscsi/handlers.go:193.52,196.16 3 0
nas-os/internal/iscsi/handlers.go:196.16,199.3 2 0
nas-os/internal/iscsi/handlers.go:200.2,200.40 1 0
nas-os/internal/iscsi/handlers.go:212.49,214.51 2 0
nas-os/internal/iscsi/handlers.go:214.51,217.3 2 0
nas-os/internal/iscsi/handlers.go:218.2,218.37 1 0
nas-os/internal/iscsi/handlers.go:230.50,232.52 2 0
nas-os/internal/iscsi/handlers.go:232.52,235.3 2 0
nas-os/internal/iscsi/handlers.go:236.2,236.37 1 0
nas-os/internal/iscsi/handlers.go:250.45,253.16 3 0
nas-os/internal/iscsi/handlers.go:253.16,256.3 2 0
nas-os/internal/iscsi/handlers.go:257.2,257.45 1 0
nas-os/internal/iscsi/handlers.go:271.43,274.49 3 0
nas-os/internal/iscsi/handlers.go:274.49,277.3 2 0
nas-os/internal/iscsi/handlers.go:279.2,280.16 2 0
nas-os/internal/iscsi/handlers.go:280.16,281.31 1 0
nas-os/internal/iscsi/handlers.go:281.31,284.4 2 0
nas-os/internal/iscsi/handlers.go:285.3,286.9 2 0
nas-os/internal/iscsi/handlers.go:289.2,289.37 1 0
nas-os/internal/iscsi/handlers.go:302.43,307.16 4 0
nas-os/internal/iscsi/handlers.go:307.16,310.3 2 0
nas-os/internal/iscsi/handlers.go:311.2,311.37 1 0
nas-os/internal/iscsi/handlers.go:324.46,328.61 3 0
nas-os/internal/iscsi/handlers.go:328.61,331.3 2 0
nas-os/internal/iscsi/handlers.go:332.2,332.37 1 0
nas-os/internal/iscsi/handlers.go:347.46,352.49 4 0
nas-os/internal/iscsi/handlers.go:352.49,355.3 2 0
nas-os/internal/iscsi/handlers.go:357.2,358.16 2 0
nas-os/internal/iscsi/handlers.go:358.16,359.56 1 0
nas-os/internal/iscsi/handlers.go:359.56,362.4 2 0
nas-os/internal/iscsi/handlers.go:363.3,364.9 2 0
nas-os/internal/iscsi/handlers.go:367.2,367.37 1 0
nas-os/internal/iscsi/handlers.go:382.53,387.16 4 0
nas-os/internal/iscsi/handlers.go:387.16,390.3 2 0
nas-os/internal/iscsi/handlers.go:392.2,392.47 1 0
nas-os/internal/iscsi/handlers.go:407.54,412.49 4 0
nas-os/internal/iscsi/handlers.go:412.49,415.3 2 0
nas-os/internal/iscsi/handlers.go:417.2,418.16 2 0
nas-os/internal/iscsi/handlers.go:418.16,419.56 1 0
nas-os/internal/iscsi/handlers.go:419.56,422.4 2 0
nas-os/internal/iscsi/handlers.go:423.3,424.9 2 0
nas-os/internal/iscsi/handlers.go:427.2,427.42 1 0
nas-os/internal/iscsi/handlers.go:441.54,444.2 1 0
nas-os/internal/iscsi/handlers.go:455.53,457.16 2 0
nas-os/internal/iscsi/handlers.go:457.16,460.3 2 0
nas-os/internal/iscsi/handlers.go:462.2,466.5 2 0
nas-os/internal/iscsi/handlers.go:476.49,477.42 1 0
nas-os/internal/iscsi/handlers.go:477.42,480.3 2 0
nas-os/internal/iscsi/handlers.go:481.2,481.37 1 0
nas-os/internal/iscsi/handlers.go:491.48,492.41 1 0
nas-os/internal/iscsi/handlers.go:492.41,495.3 2 0
nas-os/internal/iscsi/handlers.go:496.2,496.37 1 0
nas-os/internal/iscsi/handlers.go:506.51,507.44 1 0
nas-os/internal/iscsi/handlers.go:507.44,510.3 2 0
nas-os/internal/iscsi/handlers.go:511.2,511.37 1 0
nas-os/internal/iscsi/handlers.go:521.48,522.48 1 0
nas-os/internal/iscsi/handlers.go:522.48,525.3 2 0
nas-os/internal/iscsi/handlers.go:526.2,526.37 1 0
nas-os/internal/iscsi/lun.go:18.49,22.2 1 1
nas-os/internal/iscsi/lun.go:25.77,30.48 3 1
nas-os/internal/iscsi/lun.go:30.48,32.3 1 0
nas-os/internal/iscsi/lun.go:35.2,39.45 3 1
nas-os/internal/iscsi/lun.go:39.45,41.3 1 1
nas-os/internal/iscsi/lun.go:44.2,45.20 2 1
nas-os/internal/iscsi/lun.go:45.20,47.3 1 1
nas-os/internal/iscsi/lun.go:49.2,62.31 2 1
nas-os/internal/iscsi/lun.go:62.31,63.64 1 1
nas-os/internal/iscsi/lun.go:63.64,65.4 1 0
nas-os/internal/iscsi/lun.go:66.8,68.42 1 0
nas-os/internal/iscsi/lun.go:68.42,70.4 1 0
nas-os/internal/iscsi/lun.go:72.3,73.17 2 0
nas-os/internal/iscsi/lun.go:73.17,75.4 1 0
nas-os/internal/iscsi/lun.go:76.3,76.18 1 0
nas-os/internal/iscsi/lun.go:79.2,79.17 1 1
nas-os/internal/iscsi/lun.go:83.59,84.22 1 1
nas-os/internal/iscsi/lun.go:84.22,86.3 1 0
nas-os/internal/iscsi/lun.go:88.2,88.61 1 1
nas-os/internal/iscsi/lun.go:88.61,90.3 1 0
nas-os/internal/iscsi/lun.go:92.2,92.31 1 1
nas-os/internal/iscsi/lun.go:92.31,93.22 1 1
nas-os/internal/iscsi/lun.go:93.22,95.4 1 0
nas-os/internal/iscsi/lun.go:96.3,96.29 1 1
nas-os/internal/iscsi/lun.go:96.29,98.4 1 0
nas-os/internal/iscsi/lun.go:101.2,101.52 1 1
nas-os/internal/iscsi/lun.go:101.52,103.3 1 0
nas-os/internal/iscsi/lun.go:105.2,105.12 1 1
nas-os/internal/iscsi/lun.go:109.72,112.47 2 1
nas-os/internal/iscsi/lun.go:112.47,114.3 1 0
nas-os/internal/iscsi/lun.go:117.2,118.16 2 1
nas-os/internal/iscsi/lun.go:118.16,120.3 1 0
nas-os/internal/iscsi/lun.go:121.2,124.44 2 1
nas-os/internal/iscsi/lun.go:124.44,127.3 2 0
nas-os/internal/iscsi/lun.go:129.2,129.12 1 1
nas-os/internal/iscsi/lun.go:133.70,135.16 2 0
nas-os/internal/iscsi/lun.go:135.16,137.3 1 0
nas-os/internal/iscsi/lun.go:138.2,141.16 3 0
nas-os/internal/iscsi/lun.go:141.16,143.3 1 0
nas-os/internal/iscsi/lun.go:145.2,145.25 1 0
nas-os/internal/iscsi/lun.go:149.61,153.29 3 1
nas-os/internal/iscsi/lun.go:153.29,155.3 1 0
nas-os/internal/iscsi/lun.go:157.2,157.25 1 1
nas-os/internal/iscsi/lun.go:157.25,159.3 1 1
nas-os/internal/iscsi/lun.go:162.2,163.16 2 1
nas-os/internal/iscsi/lun.go:163.16,165.3 1 0
nas-os/internal/iscsi/lun.go:166.2,168.47 2 1
nas-os/internal/iscsi/lun.go:168.47,170.3 1 0
nas-os/internal/iscsi/lun.go:172.2,175.12 3 1
nas-os/internal/iscsi/lun.go:179.61,181.2 1 0
nas-os/internal/iscsi/lun.go:184.94,188.30 3 1
nas-os/internal/iscsi/lun.go:188.30,190.3 1 0
nas-os/internal/iscsi/lun.go:192.2,197.16 4 1
nas-os/internal/iscsi/lun.go:197.16,199.3 1 0
nas-os/internal/iscsi/lun.go:200.2,203.16 3 1
nas-os/internal/iscsi/lun.go:203.16,205.3 1 0
nas-os/internal/iscsi/lun.go:206.2,222.26 5 1
nas-os/internal/iscsi/lun.go:222.26,224.3 1 1
nas-os/internal/iscsi/lun.go:225.2,228.22 3 1
nas-os/internal/iscsi/lun.go:232.73,236.37 3 0
nas-os/internal/iscsi/lun.go:236.37,237.28 1 0
nas-os/internal/iscsi/lun.go:237.28,241.4 3 0
nas-os/internal/iscsi/lun.go:244.2,244.41 1 0
nas-os/internal/iscsi/lun.go:248.46,252.29 3 1
nas-os/internal/iscsi/lun.go:252.29,254.68 1 1
nas-os/internal/iscsi/lun.go:254.68,256.4 1 0
nas-os/internal/iscsi/lun.go:259.2,259.12 1 1
nas-os/internal/iscsi/lun.go:263.64,264.32 1 0
nas-os/internal/iscsi/lun.go:264.32,266.3 1 0
nas-os/internal/iscsi/lun.go:267.2,269.12 3 0
nas-os/internal/iscsi/lun.go:273.72,274.29 1 0
nas-os/internal/iscsi/lun.go:274.29,277.17 2 0
nas-os/internal/iscsi/lun.go:277.17,279.4 1 0
nas-os/internal/iscsi/lun.go:281.3,281.37 1 0
nas-os/internal/iscsi/lun.go:281.37,283.4 1 0
nas-os/internal/iscsi/lun.go:285.2,285.12 1 0
nas-os/internal/iscsi/lun.go:289.50,291.2 1 1
nas-os/internal/iscsi/lun.go:294.52,296.2 1 1
nas-os/internal/iscsi/manager.go:34.64,50.39 2 1
nas-os/internal/iscsi/manager.go:50.39,52.3 1 0
nas-os/internal/iscsi/manager.go:55.2,55.52 1 1
nas-os/internal/iscsi/manager.go:55.52,57.3 1 0
nas-os/internal/iscsi/manager.go:59.2,59.15 1 1
nas-os/internal/iscsi/manager.go:63.38,64.57 1 1
nas-os/internal/iscsi/manager.go:64.57,66.3 1 1
nas-os/internal/iscsi/manager.go:68.2,69.16 2 1
nas-os/internal/iscsi/manager.go:69.16,71.3 1 0
nas-os/internal/iscsi/manager.go:73.2,74.50 2 1
nas-os/internal/iscsi/manager.go:74.50,76.3 1 0
nas-os/internal/iscsi/manager.go:78.2,78.22 1 1
nas-os/internal/iscsi/manager.go:78.22,80.3 1 1
nas-os/internal/iscsi/manager.go:81.2,81.23 1 1
nas-os/internal/iscsi/manager.go:81.23,83.3 1 1
nas-os/internal/iscsi/manager.go:85.2,85.12 1 1
nas-os/internal/iscsi/manager.go:89.38,98.2 4 0
nas-os/internal/iscsi/manager.go:101.44,107.2 2 1
nas-os/internal/iscsi/manager.go:110.62,112.16 2 1
nas-os/internal/iscsi/manager.go:112.16,114.3 1 0
nas-os/internal/iscsi/manager.go:116.2,116.70 1 1
nas-os/internal/iscsi/manager.go:116.70,118.3 1 0
nas-os/internal/iscsi/manager.go:120.2,120.63 1 1
nas-os/internal/iscsi/manager.go:120.63,122.3 1 0
nas-os/internal/iscsi/manager.go:124.2,124.12 1 1
nas-os/internal/iscsi/manager.go:128.68,133.30 3 1
nas-os/internal/iscsi/manager.go:133.30,134.27 1 1
nas-os/internal/iscsi/manager.go:134.27,136.4 1 1
nas-os/internal/iscsi/manager.go:140.2,141.15 2 1
nas-os/internal/iscsi/manager.go:141.15,144.17 3 1
nas-os/internal/iscsi/manager.go:144.17,146.4 1 0
nas-os/internal/iscsi/manager.go:147.8,148.42 1 1
nas-os/internal/iscsi/manager.go:148.42,150.4 1 0
nas-os/internal/iscsi/manager.go:154.2,157.30 2 1
nas-os/internal/iscsi/manager.go:157.30,158.19 1 1
nas-os/internal/iscsi/manager.go:158.19,160.4 1 0
nas-os/internal/iscsi/manager.go:164.2,164.23 1 1
nas-os/internal/iscsi/manager.go:164.23,165.61 1 0
nas-os/internal/iscsi/manager.go:165.61,167.4 1 0
nas-os/internal/iscsi/manager.go:171.2,172.22 2 1
nas-os/internal/iscsi/manager.go:172.22,174.3 1 1
nas-os/internal/iscsi/manager.go:177.2,193.45 3 1
nas-os/internal/iscsi/manager.go:193.45,195.3 1 0
nas-os/internal/iscsi/manager.go:197.2,200.45 2 1
nas-os/internal/iscsi/manager.go:200.45,203.3 2 0
nas-os/internal/iscsi/manager.go:205.2,205.20 1 1
nas-os/internal/iscsi/manager.go:209.57,214.13 4 1
nas-os/internal/iscsi/manager.go:214.13,216.3 1 1
nas-os/internal/iscsi/manager.go:217.2,217.20 1 1
nas-os/internal/iscsi/manager.go:221.63,226.35 4 0
nas-os/internal/iscsi/manager.go:226.35,227.24 1 0
nas-os/internal/iscsi/manager.go:227.24,229.4 1 0
nas-os/internal/iscsi/manager.go:231.2,231.31 1 0
nas-os/internal/iscsi/manager.go:235.43,240.30 4 1
nas-os/internal/iscsi/manager.go:240.30,242.3 1 1
nas-os/internal/iscsi/manager.go:243.2,243.16 1 1
nas-os/internal/iscsi/manager.go:247.79,252.13 4 1
nas-os/internal/iscsi/manager.go:252.13,254.3 1 0
nas-os/internal/iscsi/manager.go:257.2,257.23 1 1
nas-os/internal/iscsi/manager.go:257.23,258.61 1 0
nas-os/internal/iscsi/manager.go:258.61,260.4 1 0
nas-os/internal/iscsi/manager.go:264.2,264.23 1 1
nas-os/internal/iscsi/manager.go:264.23,266.3 1 1
nas-os/internal/iscsi/manager.go:267.2,267.27 1 1
nas-os/internal/iscsi/manager.go:267.27,269.3 1 1
nas-os/internal/iscsi/manager.go:270.2,270.36 1 1
nas-os/internal/iscsi/manager.go:270.36,272.3 1 0
nas-os/internal/iscsi/manager.go:275.2,275.23 1 1
nas-os/internal/iscsi/manager.go:275.23,277.3 1 0
nas-os/internal/iscsi/manager.go:279.2,281.45 2 1
nas-os/internal/iscsi/manager.go:281.45,283.3 1 0
nas-os/internal/iscsi/manager.go:285.2,285.20 1 1
nas-os/internal/iscsi/manager.go:289.49,294.13 4 1
nas-os/internal/iscsi/manager.go:294.13,296.3 1 0
nas-os/internal/iscsi/manager.go:299.2,299.34 1 1
nas-os/internal/iscsi/manager.go:299.34,300.46 1 0
nas-os/internal/iscsi/manager.go:300.47,302.4 0 0
nas-os/internal/iscsi/manager.go:306.2,310.29 3 1
nas-os/internal/iscsi/manager.go:314.73,319.13 4 1
nas-os/internal/iscsi/manager.go:319.13,321.3 1 0
nas-os/internal/iscsi/manager.go:324.2,324.34 1 1
nas-os/internal/iscsi/manager.go:324.34,325.29 1 1
nas-os/internal/iscsi/manager.go:325.29,327.4 1 0
nas-os/internal/iscsi/manager.go:331.2,332.16 2 1
nas-os/internal/iscsi/manager.go:332.16,334.3 1 0
nas-os/internal/iscsi/manager.go:337.2,338.21 2 1
nas-os/internal/iscsi/manager.go:338.21,340.3 1 0
nas-os/internal/iscsi/manager.go:341.2,346.45 4 1
nas-os/internal/iscsi/manager.go:346.45,348.3 1 0
nas-os/internal/iscsi/manager.go:350.2,350.17 1 1
nas-os/internal/iscsi/manager.go:354.64,359.13 4 1
nas-os/internal/iscsi/manager.go:359.13,361.3 1 0
nas-os/internal/iscsi/manager.go:363.2,363.34 1 1
nas-os/internal/iscsi/manager.go:363.34,364.22 1 1
nas-os/internal/iscsi/manager.go:364.22,366.4 1 1
nas-os/internal/iscsi/manager.go:369.2,369.28 1 1
nas-os/internal/iscsi/manager.go:373.59,378.13 4 1
nas-os/internal/iscsi/manager.go:378.13,380.3 1 0
nas-os/internal/iscsi/manager.go:382.2,382.34 1 1
nas-os/internal/iscsi/manager.go:382.34,383.22 1 1
nas-os/internal/iscsi/manager.go:383.22,384.47 1 1
nas-os/internal/iscsi/manager.go:384.47,386.5 1 0
nas-os/internal/iscsi/manager.go:387.4,389.31 3 1
nas-os/internal/iscsi/manager.go:393.2,393.23 1 0
nas-os/internal/iscsi/manager.go:397.82,402.13 4 1
nas-os/internal/iscsi/manager.go:402.13,404.3 1 0
nas-os/internal/iscsi/manager.go:406.2,406.34 1 1
nas-os/internal/iscsi/manager.go:406.34,407.22 1 1
nas-os/internal/iscsi/manager.go:407.22,408.56 1 1
nas-os/internal/iscsi/manager.go:408.56,410.5 1 1
nas-os/internal/iscsi/manager.go:411.4,412.47 2 1
nas-os/internal/iscsi/manager.go:412.47,414.5 1 0
nas-os/internal/iscsi/manager.go:415.4,415.19 1 1
nas-os/internal/iscsi/manager.go:419.2,419.28 1 0
nas-os/internal/iscsi/manager.go:423.107,428.13 4 1
nas-os/internal/iscsi/manager.go:428.13,430.3 1 0
nas-os/internal/iscsi/manager.go:432.2,432.34 1 1
nas-os/internal/iscsi/manager.go:432.34,433.22 1 1
nas-os/internal/iscsi/manager.go:433.22,435.18 2 1
nas-os/internal/iscsi/manager.go:435.18,437.5 1 0
nas-os/internal/iscsi/manager.go:438.4,439.47 2 1
nas-os/internal/iscsi/manager.go:439.47,441.5 1 0
nas-os/internal/iscsi/manager.go:442.4,442.24 1 1
nas-os/internal/iscsi/manager.go:446.2,446.28 1 0
nas-os/internal/iscsi/manager.go:450.69,455.13 4 1
nas-os/internal/iscsi/manager.go:455.13,457.3 1 0
nas-os/internal/iscsi/manager.go:459.2,460.16 2 1
nas-os/internal/iscsi/manager.go:460.16,462.3 1 0
nas-os/internal/iscsi/manager.go:464.2,471.8 1 1
nas-os/internal/iscsi/manager.go:475.68,479.2 1 1
nas-os/internal/iscsi/manager.go:482.39,487.54 3 0
nas-os/internal/iscsi/manager.go:487.54,489.3 1 0
nas-os/internal/iscsi/manager.go:492.2,495.31 2 0
nas-os/internal/iscsi/manager.go:495.31,497.22 2 0
nas-os/internal/iscsi/manager.go:497.22,498.12 1 0
nas-os/internal/iscsi/manager.go:501.3,502.58 2 0
nas-os/internal/iscsi/manager.go:502.58,504.4 1 0
nas-os/internal/iscsi/manager.go:507.2,507.12 1 0
nas-os/internal/iscsi/manager.go:511.56,517.35 3 0
nas-os/internal/iscsi/manager.go:517.35,518.22 1 0
nas-os/internal/iscsi/manager.go:518.22,519.12 1 0
nas-os/internal/iscsi/manager.go:523.3,526.35 2 0
nas-os/internal/iscsi/manager.go:526.35,527.31 1 0
nas-os/internal/iscsi/manager.go:527.31,530.5 1 0
nas-os/internal/iscsi/manager.go:530.10,533.5 1 0
nas-os/internal/iscsi/manager.go:537.3,540.48 2 0
nas-os/internal/iscsi/manager.go:540.48,542.10 2 0
nas-os/internal/iscsi/manager.go:542.10,546.5 3 0
nas-os/internal/iscsi/manager.go:550.3,550.133 1 0
nas-os/internal/iscsi/manager.go:554.2,556.17 2 0
nas-os/internal/iscsi/manager.go:560.33,563.2 2 0
nas-os/internal/iscsi/manager.go:566.32,569.2 2 0
nas-os/internal/iscsi/manager.go:572.35,575.2 2 0
nas-os/internal/iscsi/manager.go:578.45,581.16 3 0
nas-os/internal/iscsi/manager.go:581.16,583.3 1 0
nas-os/internal/iscsi/manager.go:584.2,584.59 1 0
nas-os/internal/iscsi/manager.go:588.49,593.13 4 1
nas-os/internal/iscsi/manager.go:593.13,595.3 1 0
nas-os/internal/iscsi/manager.go:597.2,600.29 3 1
nas-os/internal/iscsi/manager.go:604.50,609.13 4 1
nas-os/internal/iscsi/manager.go:609.13,611.3 1 0
nas-os/internal/iscsi/manager.go:613.2,616.29 3 1
nas-os/internal/iscsi/manager.go:620.39,624.2 3 0
nas-os/internal/iscsi/manager.go:627.48,631.2 3 0
nas-os/internal/iscsi/types.go:153.34,155.2 1 0
